2025-06-10 15:16:51 -  - exec CUpdateClientPartner::__CollectRequestData
2025-06-10 15:16:51 -  - exec CUpdateClientPartner::GetHTTPPage
2025-06-10 15:16:51 -  - exec CUpdateClientPartner::ParseServerData
2025-06-10 15:16:51 -  - exec CUpdateClientPartner::GetUpdatesList
2025-06-10 15:16:51 -  - exec CUpdateClientPartner::__CollectRequestData
2025-06-10 15:16:51 -  - utf=Y&lang=ru&stable=Y&CANGZIP=Y&SUPD_DBS=MYSQL&XE=N&CLIENT_SITE=btx.edsy.ru&LICENSE_KEY=X&SUPD_STS=1&SUPD_URS=0&TYPENC=D&CLIENT_PHPVER=8.3.13&NGINX=Y&dbv=8.0.34&instm=main%2C25.100.300%2CY%3Biblock%2C24.300.0%2CN%3Bb24connector%2C24.0.0%2CN%3Breport%2C24.100.0%2CN%3Bform%2C24.0.0%2CN%3Bworkflow%2C24.100.0%2CN%3Bseo%2C24.600.100%2CN%3Bsupport%2C24.100.0%2CN%3Bwiki%2C24.100.0%2CN%3Blists%2C25.0.0%2CN%3Brest%2C25.100.200%2CN%3Btranslate%2C24.100.0%2CN%3Bstatistic%2C24.100.0%2CN%3Bwebservice%2C24.100.0%2CN%3Blearning%2C24.300.0%2CN%3Bsearch%2C25.0.0%2CN%3Bclouds%2C25.0.0%2CN%3Bidea%2C24.100.0%2CN%3Bsubscribe%2C24.0.0%2CN%3Bperfmon%2C24.200.0%2CN%3Bbitrixcloud%2C24.100.0%2CN%3Blanding%2C24.800.0%2CN%3Bsocialservices%2C24.100.100%2CN%3Bcalendar%2C24.450.100%2CN%3Bblog%2C24.300.0%2CN%3Bvote%2C24.0.100%2CN%3Bcatalog%2C24.400.100%2CN%3Blocation%2C25.0.0%2CN%3Badvertising%2C24.100.0%2CN%3Bconversion%2C24.0.0%2CN%3Bforum%2C25.100.0%2CN%3Bim%2C25.0.100%2CN%3Bbitrix.eshop%2C24.100.0%2CN%3Bcurrency%2C24.100.0%2CN%3Bbizprocdesigner%2C24.700.0%2CN%3Bmail%2C24.800.300%2CN%3Bsender%2C24.300.100%2CN%3Bpull%2C25.0.50%2CN%3Bbizproc%2C24.900.0%2CN%3Bui%2C25.0.0%2CN%3Bmobileapp%2C24.200.0%2CN%3Babtest%2C24.100.0%2CN%3Bmessageservice%2C24.900.0%2CN%3Bstoreassist%2C24.0.0%2CN%3Bsecurity%2C24.0.100%2CN%3Bfileman%2C24.500.0%2CN%3Bphotogallery%2C25.0.0%2CN%3Bsale%2C24.300.0%2CN%3Bsocialnetwork%2C24.375.300%2CN%3Bbitrix.sitecorporate%2C24.0.0%2CN%3Bhighloadblock%2C24.100.0%2CN&reqm=bitrix.eshop%2Cbitrix.sitecorporate&fullmoduleinfo=Y&SUPD_SRS=RU&SUPD_CMP=N
2025-06-10 15:16:51 -  - exec CUpdateClientPartner::GetHTTPPage
2025-06-10 15:16:51 -  - TIME GetUpdatesList(request) 0.255 sec
2025-06-10 15:16:51 -  - exec CUpdateClientPartner::ParseServerData
2025-06-10 15:16:51 -  - exec CUpdateClientPartner::__CollectRequestData
2025-06-10 15:16:51 -  - exec CUpdateClientPartner::GetHTTPPage
2025-06-10 15:16:52 -  - exec CUpdateClientPartner::ParseServerData
2025-06-10 19:31:46 -  - exec CUpdateClientPartner::GetUpdatesList
2025-06-10 19:31:46 -  - exec CUpdateClientPartner::__CollectRequestData
2025-06-10 19:31:46 -  - utf=Y&lang=ru&stable=Y&CANGZIP=Y&SUPD_DBS=MYSQL&XE=N&CLIENT_SITE=btx.edsy.ru&LICENSE_KEY=X&SUPD_STS=1&SUPD_URS=0&TYPENC=D&CLIENT_PHPVER=8.3.13&NGINX=Y&dbv=8.0.34&instm=main%2C25.100.500%2CY%3Biblock%2C25.0.0%2CN%3Bb24connector%2C24.0.0%2CN%3Breport%2C24.100.0%2CN%3Bform%2C25.0.0%2CN%3Bworkflow%2C24.100.0%2CN%3Bseo%2C24.700.0%2CN%3Bsupport%2C24.100.0%2CN%3Bwiki%2C24.100.0%2CN%3Blists%2C25.100.0%2CN%3Brest%2C25.300.0%2CN%3Btranslate%2C25.0.0%2CN%3Bstatistic%2C24.100.0%2CN%3Bwebservice%2C24.100.0%2CN%3Blearning%2C24.300.0%2CN%3Bsearch%2C25.0.0%2CN%3Bclouds%2C25.100.0%2CN%3Bidea%2C24.100.0%2CN%3Bsubscribe%2C24.0.0%2CN%3Bperfmon%2C24.200.0%2CN%3Bbitrixcloud%2C24.100.0%2CN%3Blanding%2C24.800.100%2CN%3Bsocialservices%2C24.200.0%2CN%3Bcalendar%2C24.600.0%2CN%3Bblog%2C24.300.0%2CN%3Bvote%2C25.0.0%2CN%3Bcatalog%2C25.0.0%2CN%3Blocation%2C25.0.0%2CN%3Badvertising%2C24.100.0%2CN%3Bconversion%2C24.0.0%2CN%3Bforum%2C25.200.0%2CN%3Bim%2C25.100.0%2CN%3Bbitrix.eshop%2C24.100.0%2CN%3Bcurrency%2C24.100.0%2CN%3Bbizprocdesigner%2C25.0.0%2CN%3Bmail%2C25.0.0%2CN%3Bsender%2C24.400.0%2CN%3Bpull%2C25.200.0%2CN%3Bbizproc%2C25.0.100%2CN%3Bui%2C25.50.100%2CN%3Bmobileapp%2C24.200.0%2CN%3Babtest%2C24.100.0%2CN%3Bmessageservice%2C24.900.0%2CN%3Bstoreassist%2C24.0.0%2CN%3Bsecurity%2C24.0.200%2CN%3Bfileman%2C25.0.0%2CN%3Bphotogallery%2C25.0.0%2CN%3Bsale%2C25.0.100%2CN%3Bsocialnetwork%2C24.400.0%2CN%3Bbitrix.sitecorporate%2C24.0.0%2CN%3Bhighloadblock%2C24.100.0%2CN&reqm=bitrix.eshop%2Cbitrix.sitecorporate&fullmoduleinfo=Y&SUPD_SRS=RU&SUPD_CMP=N
2025-06-10 19:31:46 -  - exec CUpdateClientPartner::GetHTTPPage
2025-06-10 19:31:46 -  - TIME GetUpdatesList(request) 0.144 sec
2025-06-10 19:31:46 -  - exec CUpdateClientPartner::ParseServerData
2025-06-10 19:31:52 -  - exec CUpdateClientPartner::GetUpdatesList
2025-06-10 19:31:52 -  - exec CUpdateClientPartner::__CollectRequestData
2025-06-10 19:31:52 -  - utf=Y&lang=ru&stable=Y&CANGZIP=Y&SUPD_DBS=MYSQL&XE=N&CLIENT_SITE=btx.edsy.ru&LICENSE_KEY=X&SUPD_STS=1&SUPD_URS=0&TYPENC=D&CLIENT_PHPVER=8.3.13&NGINX=Y&dbv=8.0.34&instm=main%2C25.100.500%2CY%3Biblock%2C25.0.0%2CN%3Bb24connector%2C24.0.0%2CN%3Breport%2C24.100.0%2CN%3Bform%2C25.0.0%2CN%3Bworkflow%2C24.100.0%2CN%3Bseo%2C24.700.0%2CN%3Bsupport%2C24.100.0%2CN%3Bwiki%2C24.100.0%2CN%3Blists%2C25.100.0%2CN%3Brest%2C25.300.0%2CN%3Btranslate%2C25.0.0%2CN%3Bstatistic%2C24.100.0%2CN%3Bwebservice%2C24.100.0%2CN%3Blearning%2C24.300.0%2CN%3Bsearch%2C25.0.0%2CN%3Bclouds%2C25.100.0%2CN%3Bidea%2C24.100.0%2CN%3Bsubscribe%2C24.0.0%2CN%3Bperfmon%2C24.200.0%2CN%3Bbitrixcloud%2C24.100.0%2CN%3Blanding%2C24.800.100%2CN%3Bsocialservices%2C24.200.0%2CN%3Bcalendar%2C24.600.0%2CN%3Bblog%2C24.300.0%2CN%3Bvote%2C25.0.0%2CN%3Bcatalog%2C25.0.0%2CN%3Blocation%2C25.0.0%2CN%3Badvertising%2C24.100.0%2CN%3Bconversion%2C24.0.0%2CN%3Bforum%2C25.200.0%2CN%3Bim%2C25.100.0%2CN%3Bbitrix.eshop%2C24.100.0%2CN%3Bcurrency%2C24.100.0%2CN%3Bbizprocdesigner%2C25.0.0%2CN%3Bmail%2C25.0.0%2CN%3Bsender%2C24.400.0%2CN%3Bpull%2C25.200.0%2CN%3Bbizproc%2C25.0.100%2CN%3Bui%2C25.50.100%2CN%3Bmobileapp%2C24.200.0%2CN%3Babtest%2C24.100.0%2CN%3Bmessageservice%2C24.900.0%2CN%3Bstoreassist%2C24.0.0%2CN%3Bsecurity%2C24.0.200%2CN%3Bfileman%2C25.0.0%2CN%3Bphotogallery%2C25.0.0%2CN%3Bsale%2C25.0.100%2CN%3Bsocialnetwork%2C24.400.0%2CN%3Bbitrix.sitecorporate%2C24.0.0%2CN%3Bhighloadblock%2C24.100.0%2CN&reqm=bitrix.eshop%2Cbitrix.sitecorporate&SUPD_SRS=RU&SUPD_CMP=N
2025-06-10 19:31:52 -  - exec CUpdateClientPartner::GetHTTPPage
2025-06-10 19:31:52 -  - TIME GetUpdatesList(request) 0.149 sec
2025-06-10 19:31:52 -  - exec CUpdateClientPartner::ParseServerData
2025-06-15 18:01:38 -  - exec CUpdateClientPartner::__CollectRequestData
2025-06-15 18:01:38 -  - exec CUpdateClientPartner::GetHTTPPage
2025-06-15 18:01:38 -  - exec CUpdateClientPartner::ParseServerData
2025-06-15 18:01:38 -  - exec CUpdateClientPartner::GetUpdatesList
2025-06-15 18:01:38 -  - exec CUpdateClientPartner::__CollectRequestData
2025-06-15 18:01:38 -  - utf=Y&lang=ru&stable=Y&CANGZIP=Y&SUPD_DBS=MYSQL&XE=N&CLIENT_SITE=btx.edsy.ru&LICENSE_KEY=X&SUPD_STS=1&SUPD_URS=0&TYPENC=D&CLIENT_PHPVER=8.3.13&NGINX=Y&dbv=8.0.34&instm=main%2C25.100.500%2CY%3Biblock%2C25.0.0%2CN%3Bb24connector%2C24.0.0%2CN%3Breport%2C24.100.0%2CN%3Bform%2C25.0.0%2CN%3Bworkflow%2C24.100.0%2CN%3Bseo%2C24.700.0%2CN%3Bsupport%2C24.100.0%2CN%3Bwiki%2C24.100.0%2CN%3Blists%2C25.100.0%2CN%3Brest%2C25.300.0%2CN%3Btranslate%2C25.0.0%2CN%3Bstatistic%2C24.100.0%2CN%3Bwebservice%2C24.100.0%2CN%3Blearning%2C24.300.0%2CN%3Bsearch%2C25.0.0%2CN%3Bclouds%2C25.100.0%2CN%3Bidea%2C24.100.0%2CN%3Bsubscribe%2C24.0.0%2CN%3Bperfmon%2C24.200.0%2CN%3Bbitrixcloud%2C24.100.0%2CN%3Blanding%2C24.800.100%2CN%3Bsocialservices%2C24.200.0%2CN%3Bcalendar%2C24.600.0%2CN%3Bblog%2C24.300.0%2CN%3Bvote%2C25.0.0%2CN%3Bcatalog%2C25.0.0%2CN%3Blocation%2C25.0.0%2CN%3Badvertising%2C24.100.0%2CN%3Bconversion%2C24.0.0%2CN%3Bforum%2C25.200.0%2CN%3Bim%2C25.100.0%2CN%3Bbitrix.eshop%2C24.100.0%2CN%3Bcurrency%2C24.100.0%2CN%3Bbizprocdesigner%2C25.0.0%2CN%3Bmail%2C25.0.0%2CN%3Bsender%2C24.400.0%2CN%3Bpull%2C25.200.0%2CN%3Bbizproc%2C25.0.100%2CN%3Bui%2C25.50.100%2CN%3Bmobileapp%2C24.200.0%2CN%3Babtest%2C24.100.0%2CN%3Bmessageservice%2C24.900.0%2CN%3Bstoreassist%2C24.0.0%2CN%3Bsecurity%2C24.0.200%2CN%3Bfileman%2C25.0.0%2CN%3Bphotogallery%2C25.0.0%2CN%3Bsale%2C25.0.100%2CN%3Bsocialnetwork%2C24.400.0%2CN%3Bbitrix.sitecorporate%2C24.0.0%2CN%3Bhighloadblock%2C24.100.0%2CN&reqm=bitrix.eshop%2Cbitrix.sitecorporate&fullmoduleinfo=Y&SUPD_SRS=RU&SUPD_CMP=N
2025-06-15 18:01:38 -  - exec CUpdateClientPartner::GetHTTPPage
2025-06-15 18:01:38 -  - TIME GetUpdatesList(request) 0.143 sec
2025-06-15 18:01:38 -  - exec CUpdateClientPartner::ParseServerData
2025-06-15 18:01:38 -  - exec CUpdateClientPartner::__CollectRequestData
2025-06-15 18:01:38 -  - exec CUpdateClientPartner::GetHTTPPage
2025-06-15 18:01:38 -  - exec CUpdateClientPartner::ParseServerData
2025-07-09 11:54:32 -  - exec CUpdateClientPartner::GetUpdatesList
2025-07-09 11:54:32 -  - exec CUpdateClientPartner::__CollectRequestData
2025-07-09 11:54:32 -  - utf=Y&lang=ru&stable=Y&CANGZIP=Y&SUPD_DBS=MYSQL&XE=N&CLIENT_SITE=btx.edsy.ru&LICENSE_KEY=X&SUPD_STS=1&SUPD_URS=0&TYPENC=E&CLIENT_PHPVER=8.3.13&NGINX=Y&dbv=8.0.34&instm=main%2C25.550.100%2CN%3Biblock%2C25.0.100%2CN%3Bb24connector%2C24.0.100%2CN%3Breport%2C25.0.0%2CN%3Bform%2C25.0.0%2CN%3Bworkflow%2C24.100.0%2CN%3Bseo%2C25.0.100%2CN%3Bsupport%2C24.100.0%2CN%3Bwiki%2C24.100.0%2CN%3Blists%2C25.200.0%2CN%3Brest%2C25.600.100%2CN%3Btranslate%2C25.0.0%2CN%3Bstatistic%2C25.0.0%2CN%3Bwebservice%2C24.100.0%2CN%3Blearning%2C24.300.0%2CN%3Bsearch%2C25.100.0%2CN%3Bclouds%2C25.100.0%2CN%3Bidea%2C24.100.100%2CN%3Bsubscribe%2C24.0.0%2CN%3Bperfmon%2C25.0.0%2CN%3Bbitrixcloud%2C25.0.0%2CN%3Blanding%2C25.500.150%2CN%3Bsocialservices%2C24.200.200%2CN%3Bcalendar%2C25.0.0%2CN%3Bblog%2C24.300.100%2CN%3Bvote%2C25.500.0%2CN%3Bcatalog%2C25.100.0%2CN%3Blocation%2C25.100.0%2CN%3Badvertising%2C24.100.0%2CN%3Bconversion%2C24.0.0%2CN%3Bforum%2C25.200.0%2CN%3Bim%2C25.650.100%2CN%3Bbitrix.eshop%2C24.100.0%2CN%3Bcurrency%2C24.100.0%2CN%3Bbizprocdesigner%2C25.0.100%2CN%3Bmail%2C25.100.100%2CN%3Bsender%2C25.0.0%2CN%3Bpull%2C25.200.100%2CN%3Bbizproc%2C25.200.200%2CN%3Bui%2C25.450.150%2CN%3Bmobileapp%2C24.200.0%2CN%3Babtest%2C24.100.0%2CN%3Bmessageservice%2C25.0.0%2CN%3Bstoreassist%2C24.0.0%2CN%3Bsecurity%2C24.0.300%2CN%3Bfileman%2C25.0.0%2CN%3Bphotogallery%2C25.0.0%2CN%3Bsale%2C25.0.200%2CN%3Bsocialnetwork%2C25.0.0%2CN%3Bbitrix.sitecorporate%2C24.0.0%2CN%3Bhighloadblock%2C24.100.0%2CN&reqm=bitrix.eshop%2Cbitrix.sitecorporate&SUPD_SRS=RU&SUPD_CMP=N
2025-07-09 11:54:32 -  - exec CUpdateClientPartner::GetHTTPPage
2025-07-09 11:54:33 -  - TIME GetUpdatesList(request) 0.227 sec
2025-07-09 11:54:33 -  - exec CUpdateClientPartner::ParseServerData
2025-07-23 00:52:23 -  - exec CUpdateClientPartner::GetUpdatesList
2025-07-23 00:52:23 -  - exec CUpdateClientPartner::__CollectRequestData
2025-07-23 00:52:23 -  - utf=Y&lang=ru&stable=Y&CANGZIP=Y&SUPD_DBS=MYSQL&XE=N&CLIENT_SITE=btx.edsy.ru&LICENSE_KEY=X&SUPD_STS=1&SUPD_URS=0&TYPENC=E&CLIENT_PHPVER=8.3.13&NGINX=Y&dbv=8.0.34&instm=main%2C25.550.100%2CN%3Biblock%2C25.0.100%2CN%3Bb24connector%2C24.0.100%2CN%3Breport%2C25.0.0%2CN%3Bform%2C25.0.0%2CN%3Bworkflow%2C24.100.0%2CN%3Bseo%2C25.0.100%2CN%3Bsupport%2C24.100.0%2CN%3Bwiki%2C24.100.0%2CN%3Blists%2C25.200.0%2CN%3Brest%2C25.600.100%2CN%3Btranslate%2C25.0.0%2CN%3Bstatistic%2C25.0.0%2CN%3Bwebservice%2C24.100.0%2CN%3Blearning%2C24.300.0%2CN%3Bsearch%2C25.100.0%2CN%3Bclouds%2C25.100.0%2CN%3Bidea%2C24.100.100%2CN%3Bsubscribe%2C24.0.0%2CN%3Bperfmon%2C25.0.0%2CN%3Bbitrixcloud%2C25.0.0%2CN%3Blanding%2C25.500.150%2CN%3Bsocialservices%2C24.200.200%2CN%3Bcalendar%2C25.0.0%2CN%3Bblog%2C24.300.100%2CN%3Bvote%2C25.500.0%2CN%3Bcatalog%2C25.100.0%2CN%3Blocation%2C25.100.0%2CN%3Badvertising%2C24.100.0%2CN%3Bconversion%2C24.0.0%2CN%3Bforum%2C25.200.0%2CN%3Bim%2C25.650.100%2CN%3Bbitrix.eshop%2C24.100.0%2CN%3Bcurrency%2C24.100.0%2CN%3Bbizprocdesigner%2C25.0.100%2CN%3Bmail%2C25.100.100%2CN%3Bsender%2C25.0.0%2CN%3Bpull%2C25.200.100%2CN%3Bbizproc%2C25.200.200%2CN%3Bui%2C25.450.150%2CN%3Bmobileapp%2C24.200.0%2CN%3Babtest%2C24.100.0%2CN%3Bmessageservice%2C25.0.0%2CN%3Bstoreassist%2C24.0.0%2CN%3Bsecurity%2C24.0.300%2CN%3Bfileman%2C25.0.0%2CN%3Bphotogallery%2C25.0.0%2CN%3Bsale%2C25.0.200%2CN%3Bsocialnetwork%2C25.0.0%2CN%3Bbitrix.sitecorporate%2C24.0.0%2CN%3Bhighloadblock%2C24.100.0%2CN&reqm=bitrix.eshop%2Cbitrix.sitecorporate&fullmoduleinfo=Y&SUPD_SRS=RU&SUPD_CMP=N
2025-07-23 00:52:23 -  - exec CUpdateClientPartner::GetHTTPPage
2025-07-23 00:52:23 -  - TIME GetUpdatesList(request) 0.288 sec
2025-07-23 00:52:23 -  - exec CUpdateClientPartner::ParseServerData
