[2025-10-20 12:56:31] Raw input: {"action":"toggle","productId":1602,"add":false}
[2025-10-20 12:56:31] Parsed data: Array
(
    [action] => toggle
    [productId] => 1602
    [add] => 
)

[2025-10-20 12:56:31] User ID: 14
[2025-10-20 12:56:31] Current favorites: Array
(
    [0] => 835
    [1] => 1413
    [2] => 1300
    [3] => 1433
    [4] => 1431
    [5] => 1435
    [6] => 1414
    [7] => 1351
    [8] => 1188
    [9] => 1602
    [10] => 1346
    [11] => 836
    [12] => 833
)

[2025-10-20 12:56:31] Removing product from favorites: 1602
[2025-10-20 12:56:31] New favorites array: Array
(
    [0] => 835
    [1] => 1413
    [2] => 1300
    [3] => 1433
    [4] => 1431
    [5] => 1435
    [6] => 1414
    [7] => 1351
    [8] => 1188
    [9] => 1346
    [10] => 836
    [11] => 833
)

[2025-10-20 12:56:31] Update successful: Array
(
    [inFavorites] => 
    [count] => 12
)

[2025-10-20 12:56:31] Raw input: {"action":"toggle","productId":1433,"add":false}
[2025-10-20 12:56:31] Parsed data: Array
(
    [action] => toggle
    [productId] => 1433
    [add] => 
)

[2025-10-20 12:56:31] User ID: 14
[2025-10-20 12:56:31] Current favorites: Array
(
    [0] => 835
    [1] => 1413
    [2] => 1300
    [3] => 1433
    [4] => 1431
    [5] => 1435
    [6] => 1414
    [7] => 1351
    [8] => 1188
    [9] => 1346
    [10] => 836
    [11] => 833
)

[2025-10-20 12:56:31] Removing product from favorites: 1433
[2025-10-20 12:56:31] New favorites array: Array
(
    [0] => 835
    [1] => 1413
    [2] => 1300
    [3] => 1431
    [4] => 1435
    [5] => 1414
    [6] => 1351
    [7] => 1188
    [8] => 1346
    [9] => 836
    [10] => 833
)

[2025-10-20 12:56:31] Update successful: Array
(
    [inFavorites] => 
    [count] => 11
)

[2025-10-20 12:56:31] Raw input: {"action":"toggle","productId":1351,"add":false}
[2025-10-20 12:56:31] Parsed data: Array
(
    [action] => toggle
    [productId] => 1351
    [add] => 
)

[2025-10-20 12:56:31] User ID: 14
[2025-10-20 12:56:31] Current favorites: Array
(
    [0] => 835
    [1] => 1413
    [2] => 1300
    [3] => 1431
    [4] => 1435
    [5] => 1414
    [6] => 1351
    [7] => 1188
    [8] => 1346
    [9] => 836
    [10] => 833
)

[2025-10-20 12:56:31] Removing product from favorites: 1351
[2025-10-20 12:56:31] New favorites array: Array
(
    [0] => 835
    [1] => 1413
    [2] => 1300
    [3] => 1431
    [4] => 1435
    [5] => 1414
    [6] => 1188
    [7] => 1346
    [8] => 836
    [9] => 833
)

[2025-10-20 12:56:31] Update successful: Array
(
    [inFavorites] => 
    [count] => 10
)

[2025-10-20 12:56:31] Raw input: {"action":"toggle","productId":1300,"add":false}
[2025-10-20 12:56:31] Parsed data: Array
(
    [action] => toggle
    [productId] => 1300
    [add] => 
)

[2025-10-20 12:56:31] User ID: 14
[2025-10-20 12:56:31] Current favorites: Array
(
    [0] => 835
    [1] => 1413
    [2] => 1300
    [3] => 1431
    [4] => 1435
    [5] => 1414
    [6] => 1188
    [7] => 1346
    [8] => 836
    [9] => 833
)

[2025-10-20 12:56:31] Removing product from favorites: 1300
[2025-10-20 12:56:31] New favorites array: Array
(
    [0] => 835
    [1] => 1413
    [2] => 1431
    [3] => 1435
    [4] => 1414
    [5] => 1188
    [6] => 1346
    [7] => 836
    [8] => 833
)

[2025-10-20 12:56:31] Update successful: Array
(
    [inFavorites] => 
    [count] => 9
)

[2025-10-20 12:56:31] Raw input: {"action":"toggle","productId":1414,"add":false}
[2025-10-20 12:56:31] Parsed data: Array
(
    [action] => toggle
    [productId] => 1414
    [add] => 
)

[2025-10-20 12:56:31] User ID: 14
[2025-10-20 12:56:31] Current favorites: Array
(
    [0] => 835
    [1] => 1413
    [2] => 1431
    [3] => 1435
    [4] => 1414
    [5] => 1188
    [6] => 1346
    [7] => 836
    [8] => 833
)

[2025-10-20 12:56:31] Removing product from favorites: 1414
[2025-10-20 12:56:31] New favorites array: Array
(
    [0] => 835
    [1] => 1413
    [2] => 1431
    [3] => 1435
    [4] => 1188
    [5] => 1346
    [6] => 836
    [7] => 833
)

[2025-10-20 12:56:31] Update successful: Array
(
    [inFavorites] => 
    [count] => 8
)

[2025-10-20 12:56:31] Raw input: {"action":"toggle","productId":1431,"add":false}
[2025-10-20 12:56:31] Parsed data: Array
(
    [action] => toggle
    [productId] => 1431
    [add] => 
)

[2025-10-20 12:56:31] User ID: 14
[2025-10-20 12:56:31] Current favorites: Array
(
    [0] => 835
    [1] => 1413
    [2] => 1431
    [3] => 1435
    [4] => 1188
    [5] => 1346
    [6] => 836
    [7] => 833
)

[2025-10-20 12:56:31] Removing product from favorites: 1431
[2025-10-20 12:56:31] New favorites array: Array
(
    [0] => 835
    [1] => 1413
    [2] => 1435
    [3] => 1188
    [4] => 1346
    [5] => 836
    [6] => 833
)

[2025-10-20 12:56:31] Update successful: Array
(
    [inFavorites] => 
    [count] => 7
)

[2025-10-20 12:56:31] Raw input: {"action":"toggle","productId":1435,"add":false}
[2025-10-20 12:56:31] Parsed data: Array
(
    [action] => toggle
    [productId] => 1435
    [add] => 
)

[2025-10-20 12:56:31] User ID: 14
[2025-10-20 12:56:31] Current favorites: Array
(
    [0] => 835
    [1] => 1413
    [2] => 1435
    [3] => 1188
    [4] => 1346
    [5] => 836
    [6] => 833
)

[2025-10-20 12:56:31] Removing product from favorites: 1435
[2025-10-20 12:56:31] New favorites array: Array
(
    [0] => 835
    [1] => 1413
    [2] => 1188
    [3] => 1346
    [4] => 836
    [5] => 833
)

[2025-10-20 12:56:31] Update successful: Array
(
    [inFavorites] => 
    [count] => 6
)

[2025-10-20 12:56:31] Raw input: {"action":"toggle","productId":1346,"add":false}
[2025-10-20 12:56:31] Parsed data: Array
(
    [action] => toggle
    [productId] => 1346
    [add] => 
)

[2025-10-20 12:56:31] User ID: 14
[2025-10-20 12:56:31] Current favorites: Array
(
    [0] => 835
    [1] => 1413
    [2] => 1188
    [3] => 1346
    [4] => 836
    [5] => 833
)

[2025-10-20 12:56:31] Removing product from favorites: 1346
[2025-10-20 12:56:31] New favorites array: Array
(
    [0] => 835
    [1] => 1413
    [2] => 1188
    [3] => 836
    [4] => 833
)

[2025-10-20 12:56:31] Update successful: Array
(
    [inFavorites] => 
    [count] => 5
)

[2025-10-20 12:56:31] Raw input: {"action":"toggle","productId":1188,"add":false}
[2025-10-20 12:56:31] Parsed data: Array
(
    [action] => toggle
    [productId] => 1188
    [add] => 
)

[2025-10-20 12:56:31] User ID: 14
[2025-10-20 12:56:31] Current favorites: Array
(
    [0] => 835
    [1] => 1413
    [2] => 1188
    [3] => 836
    [4] => 833
)

[2025-10-20 12:56:31] Removing product from favorites: 1188
[2025-10-20 12:56:31] New favorites array: Array
(
    [0] => 835
    [1] => 1413
    [2] => 836
    [3] => 833
)

[2025-10-20 12:56:31] Update successful: Array
(
    [inFavorites] => 
    [count] => 4
)

[2025-10-20 12:56:31] Raw input: {"action":"toggle","productId":836,"add":false}
[2025-10-20 12:56:31] Parsed data: Array
(
    [action] => toggle
    [productId] => 836
    [add] => 
)

[2025-10-20 12:56:31] User ID: 14
[2025-10-20 12:56:31] Current favorites: Array
(
    [0] => 835
    [1] => 1413
    [2] => 836
    [3] => 833
)

[2025-10-20 12:56:31] Removing product from favorites: 836
[2025-10-20 12:56:31] New favorites array: Array
(
    [0] => 835
    [1] => 1413
    [2] => 833
)

[2025-10-20 12:56:31] Update successful: Array
(
    [inFavorites] => 
    [count] => 3
)

[2025-10-20 12:56:31] Raw input: {"action":"toggle","productId":835,"add":false}
[2025-10-20 12:56:31] Parsed data: Array
(
    [action] => toggle
    [productId] => 835
    [add] => 
)

[2025-10-20 12:56:31] User ID: 14
[2025-10-20 12:56:31] Current favorites: Array
(
    [0] => 835
    [1] => 1413
    [2] => 833
)

[2025-10-20 12:56:31] Removing product from favorites: 835
[2025-10-20 12:56:31] New favorites array: Array
(
    [0] => 1413
    [1] => 833
)

[2025-10-20 12:56:31] Update successful: Array
(
    [inFavorites] => 
    [count] => 2
)

[2025-10-20 12:56:32] Raw input: {"action":"toggle","productId":1413,"add":false}
[2025-10-20 12:56:32] Parsed data: Array
(
    [action] => toggle
    [productId] => 1413
    [add] => 
)

[2025-10-20 12:56:32] User ID: 14
[2025-10-20 12:56:32] Current favorites: Array
(
    [0] => 1413
    [1] => 833
)

[2025-10-20 12:56:32] Removing product from favorites: 1413
[2025-10-20 12:56:32] New favorites array: Array
(
    [0] => 833
)

[2025-10-20 12:56:32] Update successful: Array
(
    [inFavorites] => 
    [count] => 1
)

[2025-10-20 12:56:32] Raw input: {"action":"toggle","productId":833,"add":false}
[2025-10-20 12:56:32] Parsed data: Array
(
    [action] => toggle
    [productId] => 833
    [add] => 
)

[2025-10-20 12:56:32] User ID: 14
[2025-10-20 12:56:32] Current favorites: Array
(
    [0] => 833
)

[2025-10-20 12:56:32] Removing product from favorites: 833
[2025-10-20 12:56:32] New favorites array: Array
(
)

[2025-10-20 12:56:32] Update successful: Array
(
    [inFavorites] => 
    [count] => 0
)

[2025-10-20 12:58:39] Raw input: {"action":"toggle","productId":1346}
[2025-10-20 12:58:39] Parsed data: Array
(
    [action] => toggle
    [productId] => 1346
)

[2025-10-20 12:58:39] User ID: 14
[2025-10-20 12:58:39] Current favorites: Array
(
)

[2025-10-20 12:58:39] Adding product to favorites: 1346
[2025-10-20 12:58:39] New favorites array: Array
(
    [0] => 1346
)

[2025-10-20 12:58:39] Update successful: Array
(
    [inFavorites] => 1
    [count] => 1
)

[2025-10-20 12:58:39] Raw input: {"action":"toggle","productId":1346}
[2025-10-20 12:58:39] Parsed data: Array
(
    [action] => toggle
    [productId] => 1346
)

[2025-10-20 12:58:39] User ID: 14
[2025-10-20 12:58:39] Current favorites: Array
(
    [0] => 1346
)

[2025-10-20 12:58:39] Removing product from favorites: 1346
[2025-10-20 12:58:39] New favorites array: Array
(
)

[2025-10-20 12:58:39] Update successful: Array
(
    [inFavorites] => 
    [count] => 0
)

[2025-10-20 13:12:35] Raw input: {"action":"toggle","productId":1334,"add":true}
[2025-10-20 13:12:35] Parsed data: Array
(
    [action] => toggle
    [productId] => 1334
    [add] => 1
)

[2025-10-20 13:12:35] User ID: 14
[2025-10-20 13:12:35] Current favorites: Array
(
)

[2025-10-20 13:12:35] Adding product to favorites: 1334
[2025-10-20 13:12:35] New favorites array: Array
(
    [0] => 1334
)

[2025-10-20 13:12:35] Update successful: Array
(
    [inFavorites] => 1
    [count] => 1
)

[2025-10-20 13:12:42] Raw input: {"action":"toggle","productId":1334,"add":false}
[2025-10-20 13:12:42] Parsed data: Array
(
    [action] => toggle
    [productId] => 1334
    [add] => 
)

[2025-10-20 13:12:42] User ID: 14
[2025-10-20 13:12:42] Current favorites: Array
(
    [0] => 1334
)

[2025-10-20 13:12:42] Removing product from favorites: 1334
[2025-10-20 13:12:42] New favorites array: Array
(
)

[2025-10-20 13:12:42] Update successful: Array
(
    [inFavorites] => 
    [count] => 0
)

[2025-10-20 13:13:01] Raw input: {"action":"toggle","productId":1334,"add":true}
[2025-10-20 13:13:01] Parsed data: Array
(
    [action] => toggle
    [productId] => 1334
    [add] => 1
)

[2025-10-20 13:13:01] User ID: 14
[2025-10-20 13:13:01] Current favorites: Array
(
)

[2025-10-20 13:13:01] Adding product to favorites: 1334
[2025-10-20 13:13:01] New favorites array: Array
(
    [0] => 1334
)

[2025-10-20 13:13:01] Update successful: Array
(
    [inFavorites] => 1
    [count] => 1
)

[2025-10-20 13:13:03] Raw input: {"action":"toggle","productId":1338,"add":true}
[2025-10-20 13:13:03] Parsed data: Array
(
    [action] => toggle
    [productId] => 1338
    [add] => 1
)

[2025-10-20 13:13:03] User ID: 14
[2025-10-20 13:13:03] Current favorites: Array
(
    [0] => 1334
)

[2025-10-20 13:13:03] Adding product to favorites: 1338
[2025-10-20 13:13:03] New favorites array: Array
(
    [0] => 1334
    [1] => 1338
)

[2025-10-20 13:13:03] Update successful: Array
(
    [inFavorites] => 1
    [count] => 2
)

[2025-10-20 13:13:05] Raw input: {"action":"toggle","productId":1361,"add":true}
[2025-10-20 13:13:05] Parsed data: Array
(
    [action] => toggle
    [productId] => 1361
    [add] => 1
)

[2025-10-20 13:13:05] User ID: 14
[2025-10-20 13:13:05] Current favorites: Array
(
    [0] => 1334
    [1] => 1338
)

[2025-10-20 13:13:05] Adding product to favorites: 1361
[2025-10-20 13:13:05] New favorites array: Array
(
    [0] => 1334
    [1] => 1338
    [2] => 1361
)

[2025-10-20 13:13:05] Update successful: Array
(
    [inFavorites] => 1
    [count] => 3
)

[2025-10-20 13:13:14] Raw input: {"action":"toggle","productId":817,"add":true}
[2025-10-20 13:13:14] Parsed data: Array
(
    [action] => toggle
    [productId] => 817
    [add] => 1
)

[2025-10-20 13:13:14] User ID: 14
[2025-10-20 13:13:14] Current favorites: Array
(
    [0] => 1334
    [1] => 1338
    [2] => 1361
)

[2025-10-20 13:13:14] Adding product to favorites: 817
[2025-10-20 13:13:14] New favorites array: Array
(
    [0] => 1334
    [1] => 1338
    [2] => 1361
    [3] => 817
)

[2025-10-20 13:13:14] Update successful: Array
(
    [inFavorites] => 1
    [count] => 4
)

[2025-10-20 13:13:52] Raw input: {"action":"toggle","productId":1334}
[2025-10-20 13:13:52] Parsed data: Array
(
    [action] => toggle
    [productId] => 1334
)

[2025-10-20 13:13:52] User ID: 14
[2025-10-20 13:13:52] Current favorites: Array
(
    [0] => 1334
    [1] => 1338
    [2] => 1361
    [3] => 817
)

[2025-10-20 13:13:52] Removing product from favorites: 1334
[2025-10-20 13:13:52] New favorites array: Array
(
    [0] => 1338
    [1] => 1361
    [2] => 817
)

[2025-10-20 13:13:52] Update successful: Array
(
    [inFavorites] => 
    [count] => 3
)

[2025-10-20 13:13:52] Raw input: {"action":"toggle","productId":1334}
[2025-10-20 13:13:52] Parsed data: Array
(
    [action] => toggle
    [productId] => 1334
)

[2025-10-20 13:13:52] User ID: 14
[2025-10-20 13:13:52] Current favorites: Array
(
    [0] => 1338
    [1] => 1361
    [2] => 817
)

[2025-10-20 13:13:52] Adding product to favorites: 1334
[2025-10-20 13:13:52] New favorites array: Array
(
    [0] => 1338
    [1] => 1361
    [2] => 817
    [3] => 1334
)

[2025-10-20 13:13:52] Update successful: Array
(
    [inFavorites] => 1
    [count] => 4
)

[2025-10-20 13:13:54] Raw input: {"action":"toggle","productId":1334}
[2025-10-20 13:13:54] Parsed data: Array
(
    [action] => toggle
    [productId] => 1334
)

[2025-10-20 13:13:54] User ID: 14
[2025-10-20 13:13:54] Current favorites: Array
(
    [0] => 1338
    [1] => 1361
    [2] => 817
    [3] => 1334
)

[2025-10-20 13:13:54] Removing product from favorites: 1334
[2025-10-20 13:13:54] New favorites array: Array
(
    [0] => 1338
    [1] => 1361
    [2] => 817
)

[2025-10-20 13:13:54] Update successful: Array
(
    [inFavorites] => 
    [count] => 3
)

[2025-10-20 13:13:54] Raw input: {"action":"toggle","productId":1334}
[2025-10-20 13:13:54] Parsed data: Array
(
    [action] => toggle
    [productId] => 1334
)

[2025-10-20 13:13:54] User ID: 14
[2025-10-20 13:13:54] Current favorites: Array
(
    [0] => 1338
    [1] => 1361
    [2] => 817
)

[2025-10-20 13:13:54] Adding product to favorites: 1334
[2025-10-20 13:13:54] New favorites array: Array
(
    [0] => 1338
    [1] => 1361
    [2] => 817
    [3] => 1334
)

[2025-10-20 13:13:54] Update successful: Array
(
    [inFavorites] => 1
    [count] => 4
)

[2025-10-20 13:13:55] Raw input: {"action":"toggle","productId":1334}
[2025-10-20 13:13:55] Parsed data: Array
(
    [action] => toggle
    [productId] => 1334
)

[2025-10-20 13:13:55] User ID: 14
[2025-10-20 13:13:55] Current favorites: Array
(
    [0] => 1338
    [1] => 1361
    [2] => 817
    [3] => 1334
)

[2025-10-20 13:13:55] Removing product from favorites: 1334
[2025-10-20 13:13:55] New favorites array: Array
(
    [0] => 1338
    [1] => 1361
    [2] => 817
)

[2025-10-20 13:13:56] Update successful: Array
(
    [inFavorites] => 
    [count] => 3
)

[2025-10-20 13:13:56] Raw input: {"action":"toggle","productId":1334}
[2025-10-20 13:13:56] Parsed data: Array
(
    [action] => toggle
    [productId] => 1334
)

[2025-10-20 13:13:56] User ID: 14
[2025-10-20 13:13:56] Current favorites: Array
(
    [0] => 1338
    [1] => 1361
    [2] => 817
)

[2025-10-20 13:13:56] Adding product to favorites: 1334
[2025-10-20 13:13:56] New favorites array: Array
(
    [0] => 1338
    [1] => 1361
    [2] => 817
    [3] => 1334
)

[2025-10-20 13:13:56] Update successful: Array
(
    [inFavorites] => 1
    [count] => 4
)

[2025-10-20 13:13:57] Raw input: {"action":"toggle","productId":1334}
[2025-10-20 13:13:57] Parsed data: Array
(
    [action] => toggle
    [productId] => 1334
)

[2025-10-20 13:13:57] User ID: 14
[2025-10-20 13:13:57] Current favorites: Array
(
    [0] => 1338
    [1] => 1361
    [2] => 817
    [3] => 1334
)

[2025-10-20 13:13:57] Removing product from favorites: 1334
[2025-10-20 13:13:57] New favorites array: Array
(
    [0] => 1338
    [1] => 1361
    [2] => 817
)

[2025-10-20 13:13:57] Update successful: Array
(
    [inFavorites] => 
    [count] => 3
)

[2025-10-20 13:13:57] Raw input: {"action":"toggle","productId":1334}
[2025-10-20 13:13:57] Parsed data: Array
(
    [action] => toggle
    [productId] => 1334
)

[2025-10-20 13:13:57] User ID: 14
[2025-10-20 13:13:57] Current favorites: Array
(
    [0] => 1338
    [1] => 1361
    [2] => 817
)

[2025-10-20 13:13:57] Adding product to favorites: 1334
[2025-10-20 13:13:57] New favorites array: Array
(
    [0] => 1338
    [1] => 1361
    [2] => 817
    [3] => 1334
)

[2025-10-20 13:13:57] Update successful: Array
(
    [inFavorites] => 1
    [count] => 4
)

[2025-10-20 13:13:57] Raw input: {"action":"toggle","productId":1334}
[2025-10-20 13:13:57] Parsed data: Array
(
    [action] => toggle
    [productId] => 1334
)

[2025-10-20 13:13:57] User ID: 14
[2025-10-20 13:13:57] Current favorites: Array
(
    [0] => 1338
    [1] => 1361
    [2] => 817
    [3] => 1334
)

[2025-10-20 13:13:57] Removing product from favorites: 1334
[2025-10-20 13:13:57] New favorites array: Array
(
    [0] => 1338
    [1] => 1361
    [2] => 817
)

[2025-10-20 13:13:57] Update successful: Array
(
    [inFavorites] => 
    [count] => 3
)

[2025-10-20 13:13:57] Raw input: {"action":"toggle","productId":1334}
[2025-10-20 13:13:57] Parsed data: Array
(
    [action] => toggle
    [productId] => 1334
)

[2025-10-20 13:13:57] User ID: 14
[2025-10-20 13:13:58] Current favorites: Array
(
    [0] => 1338
    [1] => 1361
    [2] => 817
)

[2025-10-20 13:13:58] Adding product to favorites: 1334
[2025-10-20 13:13:58] New favorites array: Array
(
    [0] => 1338
    [1] => 1361
    [2] => 817
    [3] => 1334
)

[2025-10-20 13:13:58] Update successful: Array
(
    [inFavorites] => 1
    [count] => 4
)

[2025-10-20 13:13:58] Raw input: {"action":"toggle","productId":1334}
[2025-10-20 13:13:58] Parsed data: Array
(
    [action] => toggle
    [productId] => 1334
)

[2025-10-20 13:13:58] User ID: 14
[2025-10-20 13:13:58] Current favorites: Array
(
    [0] => 1338
    [1] => 1361
    [2] => 817
    [3] => 1334
)

[2025-10-20 13:13:58] Removing product from favorites: 1334
[2025-10-20 13:13:58] New favorites array: Array
(
    [0] => 1338
    [1] => 1361
    [2] => 817
)

[2025-10-20 13:13:58] Update successful: Array
(
    [inFavorites] => 
    [count] => 3
)

[2025-10-20 13:13:58] Raw input: {"action":"toggle","productId":1334}
[2025-10-20 13:13:58] Parsed data: Array
(
    [action] => toggle
    [productId] => 1334
)

[2025-10-20 13:13:58] User ID: 14
[2025-10-20 13:13:58] Current favorites: Array
(
    [0] => 1338
    [1] => 1361
    [2] => 817
)

[2025-10-20 13:13:58] Adding product to favorites: 1334
[2025-10-20 13:13:58] New favorites array: Array
(
    [0] => 1338
    [1] => 1361
    [2] => 817
    [3] => 1334
)

[2025-10-20 13:13:58] Update successful: Array
(
    [inFavorites] => 1
    [count] => 4
)

[2025-10-20 13:13:59] Raw input: {"action":"toggle","productId":1334}
[2025-10-20 13:13:59] Parsed data: Array
(
    [action] => toggle
    [productId] => 1334
)

[2025-10-20 13:13:59] User ID: 14
[2025-10-20 13:13:59] Current favorites: Array
(
    [0] => 1338
    [1] => 1361
    [2] => 817
    [3] => 1334
)

[2025-10-20 13:13:59] Removing product from favorites: 1334
[2025-10-20 13:13:59] New favorites array: Array
(
    [0] => 1338
    [1] => 1361
    [2] => 817
)

[2025-10-20 13:13:59] Update successful: Array
(
    [inFavorites] => 
    [count] => 3
)

[2025-10-20 13:13:59] Raw input: {"action":"toggle","productId":1334}
[2025-10-20 13:13:59] Parsed data: Array
(
    [action] => toggle
    [productId] => 1334
)

[2025-10-20 13:13:59] User ID: 14
[2025-10-20 13:13:59] Current favorites: Array
(
    [0] => 1338
    [1] => 1361
    [2] => 817
)

[2025-10-20 13:13:59] Adding product to favorites: 1334
[2025-10-20 13:13:59] New favorites array: Array
(
    [0] => 1338
    [1] => 1361
    [2] => 817
    [3] => 1334
)

[2025-10-20 13:13:59] Update successful: Array
(
    [inFavorites] => 1
    [count] => 4
)

[2025-10-20 13:15:36] Raw input: {"action":"toggle","productId":1338}
[2025-10-20 13:15:36] Parsed data: Array
(
    [action] => toggle
    [productId] => 1338
)

[2025-10-20 13:15:36] User ID: 14
[2025-10-20 13:15:36] Current favorites: Array
(
    [0] => 1338
    [1] => 1361
    [2] => 817
    [3] => 1334
)

[2025-10-20 13:15:36] Removing product from favorites: 1338
[2025-10-20 13:15:36] New favorites array: Array
(
    [0] => 1361
    [1] => 817
    [2] => 1334
)

[2025-10-20 13:15:36] Update successful: Array
(
    [inFavorites] => 
    [count] => 3
)

[2025-10-20 13:15:36] Raw input: {"action":"toggle","productId":1338}
[2025-10-20 13:15:36] Parsed data: Array
(
    [action] => toggle
    [productId] => 1338
)

[2025-10-20 13:15:36] User ID: 14
[2025-10-20 13:15:36] Current favorites: Array
(
    [0] => 1361
    [1] => 817
    [2] => 1334
)

[2025-10-20 13:15:36] Adding product to favorites: 1338
[2025-10-20 13:15:36] New favorites array: Array
(
    [0] => 1361
    [1] => 817
    [2] => 1334
    [3] => 1338
)

[2025-10-20 13:15:36] Update successful: Array
(
    [inFavorites] => 1
    [count] => 4
)

[2025-10-20 13:17:27] Raw input: {"action":"toggle","productId":1338}
[2025-10-20 13:17:27] Parsed data: Array
(
    [action] => toggle
    [productId] => 1338
)

[2025-10-20 13:17:27] User ID: 14
[2025-10-20 13:17:27] Current favorites: Array
(
    [0] => 1361
    [1] => 817
    [2] => 1334
    [3] => 1338
)

[2025-10-20 13:17:27] Removing product from favorites: 1338
[2025-10-20 13:17:27] New favorites array: Array
(
    [0] => 1361
    [1] => 817
    [2] => 1334
)

[2025-10-20 13:17:27] Update successful: Array
(
    [inFavorites] => 
    [count] => 3
)

[2025-10-20 13:17:27] Raw input: {"action":"toggle","productId":1338}
[2025-10-20 13:17:27] Parsed data: Array
(
    [action] => toggle
    [productId] => 1338
)

[2025-10-20 13:17:27] User ID: 14
[2025-10-20 13:17:27] Current favorites: Array
(
    [0] => 1361
    [1] => 817
    [2] => 1334
)

[2025-10-20 13:17:27] Adding product to favorites: 1338
[2025-10-20 13:17:27] New favorites array: Array
(
    [0] => 1361
    [1] => 817
    [2] => 1334
    [3] => 1338
)

[2025-10-20 13:17:27] Update successful: Array
(
    [inFavorites] => 1
    [count] => 4
)

[2025-10-20 13:27:14] Raw input: 
[2025-10-20 13:27:14] Parsed data: Array
(
    [action] => add
    [productId] => 1338
    [add] => 
)

[2025-10-20 13:27:14] Exception caught: Array
(
    [message] => Unknown action: add
    [trace] => #0 {main}
)

[2025-10-20 13:27:14] Raw input: 
[2025-10-20 13:27:14] Parsed data: Array
(
    [action] => add
    [productId] => 1338
    [add] => 
)

[2025-10-20 13:27:14] Exception caught: Array
(
    [message] => Unknown action: add
    [trace] => #0 {main}
)

[2025-10-20 13:27:34] Raw input: 
[2025-10-20 13:27:34] Parsed data: Array
(
    [action] => add
    [productId] => 1338
    [add] => 
)

[2025-10-20 13:27:34] Exception caught: Array
(
    [message] => Unknown action: add
    [trace] => #0 {main}
)

[2025-10-20 13:27:34] Raw input: 
[2025-10-20 13:27:34] Parsed data: Array
(
    [action] => add
    [productId] => 1338
    [add] => 
)

[2025-10-20 13:27:34] Exception caught: Array
(
    [message] => Unknown action: add
    [trace] => #0 {main}
)

[2025-10-20 13:29:29] Raw input: {"action":"toggle","productId":1334,"add":false}
[2025-10-20 13:29:29] Parsed data: Array
(
    [action] => toggle
    [productId] => 1334
    [add] => 
)

[2025-10-20 13:29:29] User ID: 14
[2025-10-20 13:29:29] Current favorites: Array
(
    [0] => 1361
    [1] => 817
    [2] => 1334
    [3] => 1338
)

[2025-10-20 13:29:29] Removing product from favorites: 1334
[2025-10-20 13:29:29] New favorites array: Array
(
    [0] => 1361
    [1] => 817
    [2] => 1338
)

[2025-10-20 13:29:29] Update successful: Array
(
    [inFavorites] => 
    [count] => 3
)

[2025-10-20 13:29:29] Raw input: {"action":"toggle","productId":1338,"add":false}
[2025-10-20 13:29:29] Parsed data: Array
(
    [action] => toggle
    [productId] => 1338
    [add] => 
)

[2025-10-20 13:29:29] User ID: 14
[2025-10-20 13:29:29] Current favorites: Array
(
    [0] => 1361
    [1] => 817
    [2] => 1338
)

[2025-10-20 13:29:29] Removing product from favorites: 1338
[2025-10-20 13:29:29] New favorites array: Array
(
    [0] => 1361
    [1] => 817
)

[2025-10-20 13:29:29] Update successful: Array
(
    [inFavorites] => 
    [count] => 2
)

[2025-10-20 13:29:29] Raw input: {"action":"toggle","productId":1361,"add":false}
[2025-10-20 13:29:29] Parsed data: Array
(
    [action] => toggle
    [productId] => 1361
    [add] => 
)

[2025-10-20 13:29:29] User ID: 14
[2025-10-20 13:29:29] Current favorites: Array
(
    [0] => 1361
    [1] => 817
)

[2025-10-20 13:29:29] Removing product from favorites: 1361
[2025-10-20 13:29:29] New favorites array: Array
(
    [0] => 817
)

[2025-10-20 13:29:29] Update successful: Array
(
    [inFavorites] => 
    [count] => 1
)

[2025-10-20 13:29:29] Raw input: {"action":"toggle","productId":817,"add":false}
[2025-10-20 13:29:29] Parsed data: Array
(
    [action] => toggle
    [productId] => 817
    [add] => 
)

[2025-10-20 13:29:29] User ID: 14
[2025-10-20 13:29:29] Current favorites: Array
(
    [0] => 817
)

[2025-10-20 13:29:29] Removing product from favorites: 817
[2025-10-20 13:29:29] New favorites array: Array
(
)

[2025-10-20 13:29:29] Update successful: Array
(
    [inFavorites] => 
    [count] => 0
)

[2025-10-20 13:29:58] Raw input: {"action":"toggle","productId":1349,"add":true}
[2025-10-20 13:29:58] Parsed data: Array
(
    [action] => toggle
    [productId] => 1349
    [add] => 1
)

[2025-10-20 13:29:58] User ID: 14
[2025-10-20 13:29:58] Current favorites: Array
(
)

[2025-10-20 13:29:58] Adding product to favorites: 1349
[2025-10-20 13:29:58] New favorites array: Array
(
    [0] => 1349
)

[2025-10-20 13:29:58] Update successful: Array
(
    [inFavorites] => 1
    [count] => 1
)

[2025-10-20 13:31:44] Raw input: {"action":"toggle","productId":1401}
[2025-10-20 13:31:44] Parsed data: Array
(
    [action] => toggle
    [productId] => 1401
)

[2025-10-20 13:31:44] User ID: 14
[2025-10-20 13:31:44] Current favorites: Array
(
    [0] => 1349
)

[2025-10-20 13:31:44] Adding product to favorites: 1401
[2025-10-20 13:31:44] New favorites array: Array
(
    [0] => 1349
    [1] => 1401
)

[2025-10-20 13:31:44] Update successful: Array
(
    [inFavorites] => 1
    [count] => 2
)

[2025-10-20 13:31:44] Raw input: {"action":"toggle","productId":1401}
[2025-10-20 13:31:44] Parsed data: Array
(
    [action] => toggle
    [productId] => 1401
)

[2025-10-20 13:31:44] User ID: 14
[2025-10-20 13:31:44] Current favorites: Array
(
    [0] => 1349
    [1] => 1401
)

[2025-10-20 13:31:44] Removing product from favorites: 1401
[2025-10-20 13:31:44] New favorites array: Array
(
    [0] => 1349
)

[2025-10-20 13:31:44] Update successful: Array
(
    [inFavorites] => 
    [count] => 1
)

[2025-10-20 13:31:50] Raw input: {"action":"toggle","productId":1401}
[2025-10-20 13:31:50] Parsed data: Array
(
    [action] => toggle
    [productId] => 1401
)

[2025-10-20 13:31:50] User ID: 14
[2025-10-20 13:31:50] Current favorites: Array
(
    [0] => 1349
)

[2025-10-20 13:31:50] Adding product to favorites: 1401
[2025-10-20 13:31:50] New favorites array: Array
(
    [0] => 1349
    [1] => 1401
)

[2025-10-20 13:31:50] Update successful: Array
(
    [inFavorites] => 1
    [count] => 2
)

[2025-10-20 13:31:50] Raw input: {"action":"toggle","productId":1401}
[2025-10-20 13:31:50] Parsed data: Array
(
    [action] => toggle
    [productId] => 1401
)

[2025-10-20 13:31:50] User ID: 14
[2025-10-20 13:31:50] Current favorites: Array
(
    [0] => 1349
    [1] => 1401
)

[2025-10-20 13:31:50] Removing product from favorites: 1401
[2025-10-20 13:31:50] New favorites array: Array
(
    [0] => 1349
)

[2025-10-20 13:31:50] Update successful: Array
(
    [inFavorites] => 
    [count] => 1
)

[2025-10-20 13:31:55] Raw input: {"action":"toggle","productId":1401}
[2025-10-20 13:31:55] Parsed data: Array
(
    [action] => toggle
    [productId] => 1401
)

[2025-10-20 13:31:55] User ID: 14
[2025-10-20 13:31:55] Current favorites: Array
(
    [0] => 1349
)

[2025-10-20 13:31:55] Adding product to favorites: 1401
[2025-10-20 13:31:55] New favorites array: Array
(
    [0] => 1349
    [1] => 1401
)

[2025-10-20 13:31:55] Update successful: Array
(
    [inFavorites] => 1
    [count] => 2
)

[2025-10-20 13:31:55] Raw input: {"action":"toggle","productId":1401}
[2025-10-20 13:31:55] Parsed data: Array
(
    [action] => toggle
    [productId] => 1401
)

[2025-10-20 13:31:55] User ID: 14
[2025-10-20 13:31:55] Current favorites: Array
(
    [0] => 1349
    [1] => 1401
)

[2025-10-20 13:31:55] Removing product from favorites: 1401
[2025-10-20 13:31:55] New favorites array: Array
(
    [0] => 1349
)

[2025-10-20 13:31:55] Update successful: Array
(
    [inFavorites] => 
    [count] => 1
)

[2025-10-20 13:32:02] Raw input: {"action":"toggle","productId":1401}
[2025-10-20 13:32:02] Parsed data: Array
(
    [action] => toggle
    [productId] => 1401
)

[2025-10-20 13:32:02] User ID: 14
[2025-10-20 13:32:02] Current favorites: Array
(
    [0] => 1349
)

[2025-10-20 13:32:02] Adding product to favorites: 1401
[2025-10-20 13:32:02] New favorites array: Array
(
    [0] => 1349
    [1] => 1401
)

[2025-10-20 13:32:02] Update successful: Array
(
    [inFavorites] => 1
    [count] => 2
)

[2025-10-20 13:32:02] Raw input: {"action":"toggle","productId":1401}
[2025-10-20 13:32:02] Parsed data: Array
(
    [action] => toggle
    [productId] => 1401
)

[2025-10-20 13:32:02] User ID: 14
[2025-10-20 13:32:02] Current favorites: Array
(
    [0] => 1349
    [1] => 1401
)

[2025-10-20 13:32:02] Removing product from favorites: 1401
[2025-10-20 13:32:02] New favorites array: Array
(
    [0] => 1349
)

[2025-10-20 13:32:02] Update successful: Array
(
    [inFavorites] => 
    [count] => 1
)

[2025-10-20 13:36:20] Raw input: {"action":"toggle","productId":831}
[2025-10-20 13:36:20] Parsed data: Array
(
    [action] => toggle
    [productId] => 831
)

[2025-10-20 13:36:20] User ID: 14
[2025-10-20 13:36:20] Current favorites: Array
(
    [0] => 1349
)

[2025-10-20 13:36:20] Adding product to favorites: 831
[2025-10-20 13:36:20] New favorites array: Array
(
    [0] => 1349
    [1] => 831
)

[2025-10-20 13:36:20] Update successful: Array
(
    [inFavorites] => 1
    [count] => 2
)

[2025-10-20 13:36:26] Raw input: {"action":"toggle","productId":822}
[2025-10-20 13:36:26] Parsed data: Array
(
    [action] => toggle
    [productId] => 822
)

[2025-10-20 13:36:26] User ID: 14
[2025-10-20 13:36:26] Current favorites: Array
(
    [0] => 1349
    [1] => 831
)

[2025-10-20 13:36:26] Adding product to favorites: 822
[2025-10-20 13:36:26] New favorites array: Array
(
    [0] => 1349
    [1] => 831
    [2] => 822
)

[2025-10-20 13:36:26] Update successful: Array
(
    [inFavorites] => 1
    [count] => 3
)

[2025-10-20 13:36:48] Raw input: {"action":"toggle","productId":823}
[2025-10-20 13:36:48] Parsed data: Array
(
    [action] => toggle
    [productId] => 823
)

[2025-10-20 13:36:48] User ID: 14
[2025-10-20 13:36:48] Current favorites: Array
(
    [0] => 1349
    [1] => 831
    [2] => 822
)

[2025-10-20 13:36:48] Adding product to favorites: 823
[2025-10-20 13:36:48] New favorites array: Array
(
    [0] => 1349
    [1] => 831
    [2] => 822
    [3] => 823
)

[2025-10-20 13:36:48] Update successful: Array
(
    [inFavorites] => 1
    [count] => 4
)

[2025-10-20 13:36:53] Raw input: {"action":"toggle","productId":828}
[2025-10-20 13:36:53] Parsed data: Array
(
    [action] => toggle
    [productId] => 828
)

[2025-10-20 13:36:53] User ID: 14
[2025-10-20 13:36:53] Current favorites: Array
(
    [0] => 1349
    [1] => 831
    [2] => 822
    [3] => 823
)

[2025-10-20 13:36:53] Adding product to favorites: 828
[2025-10-20 13:36:53] New favorites array: Array
(
    [0] => 1349
    [1] => 831
    [2] => 822
    [3] => 823
    [4] => 828
)

[2025-10-20 13:36:53] Update successful: Array
(
    [inFavorites] => 1
    [count] => 5
)

[2025-10-20 14:00:03] Raw input: {"action":"toggle","productId":823}
[2025-10-20 14:00:03] Parsed data: Array
(
    [action] => toggle
    [productId] => 823
)

[2025-10-20 14:00:03] User ID: 14
[2025-10-20 14:00:03] Current favorites: Array
(
    [0] => 1349
    [1] => 831
    [2] => 822
    [3] => 823
    [4] => 828
)

[2025-10-20 14:00:03] Removing product from favorites: 823
[2025-10-20 14:00:03] New favorites array: Array
(
    [0] => 1349
    [1] => 831
    [2] => 822
    [3] => 828
)

[2025-10-20 14:00:03] Update successful: Array
(
    [inFavorites] => 
    [count] => 4
)

[2025-10-20 14:00:12] Raw input: {"action":"toggle","productId":834}
[2025-10-20 14:00:12] Parsed data: Array
(
    [action] => toggle
    [productId] => 834
)

[2025-10-20 14:00:12] User ID: 14
[2025-10-20 14:00:12] Current favorites: Array
(
    [0] => 1349
    [1] => 831
    [2] => 822
    [3] => 828
)

[2025-10-20 14:00:12] Adding product to favorites: 834
[2025-10-20 14:00:12] New favorites array: Array
(
    [0] => 1349
    [1] => 831
    [2] => 822
    [3] => 828
    [4] => 834
)

[2025-10-20 14:00:12] Update successful: Array
(
    [inFavorites] => 1
    [count] => 5
)

[2025-10-20 14:02:02] Raw input: {"action":"toggle","productId":1334,"add":true}
[2025-10-20 14:02:02] Parsed data: Array
(
    [action] => toggle
    [productId] => 1334
    [add] => 1
)

[2025-10-20 14:02:02] User ID: 14
[2025-10-20 14:02:02] Current favorites: Array
(
    [0] => 1349
    [1] => 831
    [2] => 822
    [3] => 828
    [4] => 834
)

[2025-10-20 14:02:02] Adding product to favorites: 1334
[2025-10-20 14:02:02] New favorites array: Array
(
    [0] => 1349
    [1] => 831
    [2] => 822
    [3] => 828
    [4] => 834
    [5] => 1334
)

[2025-10-20 14:02:02] Update successful: Array
(
    [inFavorites] => 1
    [count] => 6
)

[2025-10-20 14:02:06] Raw input: {"action":"toggle","productId":1332,"add":true}
[2025-10-20 14:02:06] Parsed data: Array
(
    [action] => toggle
    [productId] => 1332
    [add] => 1
)

[2025-10-20 14:02:06] User ID: 14
[2025-10-20 14:02:06] Current favorites: Array
(
    [0] => 1349
    [1] => 831
    [2] => 822
    [3] => 828
    [4] => 834
    [5] => 1334
)

[2025-10-20 14:02:06] Adding product to favorites: 1332
[2025-10-20 14:02:06] New favorites array: Array
(
    [0] => 1349
    [1] => 831
    [2] => 822
    [3] => 828
    [4] => 834
    [5] => 1334
    [6] => 1332
)

[2025-10-20 14:02:06] Update successful: Array
(
    [inFavorites] => 1
    [count] => 7
)

[2025-10-20 14:44:49] Raw input: {"action":"toggle","productId":1008,"add":true}
[2025-10-20 14:44:49] Parsed data: Array
(
    [action] => toggle
    [productId] => 1008
    [add] => 1
)

[2025-10-20 14:44:49] User ID: 14
[2025-10-20 14:44:49] Current favorites: Array
(
    [0] => 1349
    [1] => 831
    [2] => 822
    [3] => 828
    [4] => 834
    [5] => 1334
    [6] => 1332
)

[2025-10-20 14:44:49] Adding product to favorites: 1008
[2025-10-20 14:44:49] New favorites array: Array
(
    [0] => 1349
    [1] => 831
    [2] => 822
    [3] => 828
    [4] => 834
    [5] => 1334
    [6] => 1332
    [7] => 1008
)

[2025-10-20 14:44:49] Update successful: Array
(
    [inFavorites] => 1
    [count] => 8
)

[2025-10-20 14:50:08] Raw input: {"action":"toggle","productId":1159}
[2025-10-20 14:50:08] Parsed data: Array
(
    [action] => toggle
    [productId] => 1159
)

[2025-10-20 14:50:08] User ID: 14
[2025-10-20 14:50:08] Current favorites: Array
(
    [0] => 1349
    [1] => 831
    [2] => 822
    [3] => 828
    [4] => 834
    [5] => 1334
    [6] => 1332
    [7] => 1008
)

[2025-10-20 14:50:08] Adding product to favorites: 1159
[2025-10-20 14:50:08] New favorites array: Array
(
    [0] => 1349
    [1] => 831
    [2] => 822
    [3] => 828
    [4] => 834
    [5] => 1334
    [6] => 1332
    [7] => 1008
    [8] => 1159
)

[2025-10-20 14:50:08] Update successful: Array
(
    [inFavorites] => 1
    [count] => 9
)

[2025-10-20 14:50:15] Raw input: {"action":"toggle","productId":831,"add":false}
[2025-10-20 14:50:15] Parsed data: Array
(
    [action] => toggle
    [productId] => 831
    [add] => 
)

[2025-10-20 14:50:15] User ID: 14
[2025-10-20 14:50:15] Current favorites: Array
(
    [0] => 1349
    [1] => 831
    [2] => 822
    [3] => 828
    [4] => 834
    [5] => 1334
    [6] => 1332
    [7] => 1008
    [8] => 1159
)

[2025-10-20 14:50:15] Removing product from favorites: 831
[2025-10-20 14:50:15] New favorites array: Array
(
    [0] => 1349
    [1] => 822
    [2] => 828
    [3] => 834
    [4] => 1334
    [5] => 1332
    [6] => 1008
    [7] => 1159
)

[2025-10-20 14:50:15] Update successful: Array
(
    [inFavorites] => 
    [count] => 8
)

[2025-10-20 14:50:15] Raw input: {"action":"toggle","productId":1334,"add":false}
[2025-10-20 14:50:15] Parsed data: Array
(
    [action] => toggle
    [productId] => 1334
    [add] => 
)

[2025-10-20 14:50:15] User ID: 14
[2025-10-20 14:50:15] Current favorites: Array
(
    [0] => 1349
    [1] => 822
    [2] => 828
    [3] => 834
    [4] => 1334
    [5] => 1332
    [6] => 1008
    [7] => 1159
)

[2025-10-20 14:50:15] Removing product from favorites: 1334
[2025-10-20 14:50:15] New favorites array: Array
(
    [0] => 1349
    [1] => 822
    [2] => 828
    [3] => 834
    [4] => 1332
    [5] => 1008
    [6] => 1159
)

[2025-10-20 14:50:15] Update successful: Array
(
    [inFavorites] => 
    [count] => 7
)

[2025-10-20 14:50:15] Raw input: {"action":"toggle","productId":1159,"add":false}
[2025-10-20 14:50:15] Parsed data: Array
(
    [action] => toggle
    [productId] => 1159
    [add] => 
)

[2025-10-20 14:50:15] User ID: 14
[2025-10-20 14:50:15] Current favorites: Array
(
    [0] => 1349
    [1] => 822
    [2] => 828
    [3] => 834
    [4] => 1332
    [5] => 1008
    [6] => 1159
)

[2025-10-20 14:50:15] Removing product from favorites: 1159
[2025-10-20 14:50:15] New favorites array: Array
(
    [0] => 1349
    [1] => 822
    [2] => 828
    [3] => 834
    [4] => 1332
    [5] => 1008
)

[2025-10-20 14:50:15] Update successful: Array
(
    [inFavorites] => 
    [count] => 6
)

[2025-10-20 14:50:15] Raw input: {"action":"toggle","productId":1349,"add":false}
[2025-10-20 14:50:15] Parsed data: Array
(
    [action] => toggle
    [productId] => 1349
    [add] => 
)

[2025-10-20 14:50:15] User ID: 14
[2025-10-20 14:50:15] Current favorites: Array
(
    [0] => 1349
    [1] => 822
    [2] => 828
    [3] => 834
    [4] => 1332
    [5] => 1008
)

[2025-10-20 14:50:15] Removing product from favorites: 1349
[2025-10-20 14:50:15] New favorites array: Array
(
    [0] => 822
    [1] => 828
    [2] => 834
    [3] => 1332
    [4] => 1008
)

[2025-10-20 14:50:15] Update successful: Array
(
    [inFavorites] => 
    [count] => 5
)

[2025-10-20 14:50:15] Raw input: {"action":"toggle","productId":822,"add":false}
[2025-10-20 14:50:15] Parsed data: Array
(
    [action] => toggle
    [productId] => 822
    [add] => 
)

[2025-10-20 14:50:15] User ID: 14
[2025-10-20 14:50:15] Current favorites: Array
(
    [0] => 822
    [1] => 828
    [2] => 834
    [3] => 1332
    [4] => 1008
)

[2025-10-20 14:50:15] Removing product from favorites: 822
[2025-10-20 14:50:15] New favorites array: Array
(
    [0] => 828
    [1] => 834
    [2] => 1332
    [3] => 1008
)

[2025-10-20 14:50:15] Update successful: Array
(
    [inFavorites] => 
    [count] => 4
)

[2025-10-20 14:50:15] Raw input: {"action":"toggle","productId":834,"add":false}
[2025-10-20 14:50:15] Parsed data: Array
(
    [action] => toggle
    [productId] => 834
    [add] => 
)

[2025-10-20 14:50:15] User ID: 14
[2025-10-20 14:50:15] Current favorites: Array
(
    [0] => 828
    [1] => 834
    [2] => 1332
    [3] => 1008
)

[2025-10-20 14:50:15] Removing product from favorites: 834
[2025-10-20 14:50:15] New favorites array: Array
(
    [0] => 828
    [1] => 1332
    [2] => 1008
)

[2025-10-20 14:50:15] Update successful: Array
(
    [inFavorites] => 
    [count] => 3
)

[2025-10-20 14:50:16] Raw input: {"action":"toggle","productId":828,"add":false}
[2025-10-20 14:50:16] Parsed data: Array
(
    [action] => toggle
    [productId] => 828
    [add] => 
)

[2025-10-20 14:50:16] User ID: 14
[2025-10-20 14:50:16] Current favorites: Array
(
    [0] => 828
    [1] => 1332
    [2] => 1008
)

[2025-10-20 14:50:16] Removing product from favorites: 828
[2025-10-20 14:50:16] New favorites array: Array
(
    [0] => 1332
    [1] => 1008
)

[2025-10-20 14:50:16] Update successful: Array
(
    [inFavorites] => 
    [count] => 2
)

[2025-10-20 14:50:16] Raw input: {"action":"toggle","productId":1332,"add":false}
[2025-10-20 14:50:16] Parsed data: Array
(
    [action] => toggle
    [productId] => 1332
    [add] => 
)

[2025-10-20 14:50:16] User ID: 14
[2025-10-20 14:50:16] Current favorites: Array
(
    [0] => 1332
    [1] => 1008
)

[2025-10-20 14:50:16] Removing product from favorites: 1332
[2025-10-20 14:50:16] New favorites array: Array
(
    [0] => 1008
)

[2025-10-20 14:50:16] Update successful: Array
(
    [inFavorites] => 
    [count] => 1
)

[2025-10-20 14:50:16] Raw input: {"action":"toggle","productId":1008,"add":false}
[2025-10-20 14:50:16] Parsed data: Array
(
    [action] => toggle
    [productId] => 1008
    [add] => 
)

[2025-10-20 14:50:16] User ID: 14
[2025-10-20 14:50:16] Current favorites: Array
(
    [0] => 1008
)

[2025-10-20 14:50:16] Removing product from favorites: 1008
[2025-10-20 14:50:16] New favorites array: Array
(
)

[2025-10-20 14:50:16] Update successful: Array
(
    [inFavorites] => 
    [count] => 0
)

[2025-10-20 15:26:27] Raw input: {"action":"toggle","productId":1315,"add":true}
[2025-10-20 15:26:27] Parsed data: Array
(
    [action] => toggle
    [productId] => 1315
    [add] => 1
)

[2025-10-20 15:26:27] User ID: 14
[2025-10-20 15:26:27] Current favorites: Array
(
)

[2025-10-20 15:26:27] Adding product to favorites: 1315
[2025-10-20 15:26:27] New favorites array: Array
(
    [0] => 1315
)

[2025-10-20 15:26:27] Update successful: Array
(
    [inFavorites] => 1
    [count] => 1
)

[2025-10-20 15:26:30] Raw input: {"action":"toggle","productId":1315,"add":false}
[2025-10-20 15:26:30] Parsed data: Array
(
    [action] => toggle
    [productId] => 1315
    [add] => 
)

[2025-10-20 15:26:30] User ID: 14
[2025-10-20 15:26:30] Current favorites: Array
(
    [0] => 1315
)

[2025-10-20 15:26:30] Removing product from favorites: 1315
[2025-10-20 15:26:30] New favorites array: Array
(
)

[2025-10-20 15:26:30] Update successful: Array
(
    [inFavorites] => 
    [count] => 0
)

[2025-10-20 15:26:32] Raw input: {"action":"toggle","productId":839,"add":true}
[2025-10-20 15:26:32] Parsed data: Array
(
    [action] => toggle
    [productId] => 839
    [add] => 1
)

[2025-10-20 15:26:32] User ID: 14
[2025-10-20 15:26:32] Current favorites: Array
(
)

[2025-10-20 15:26:32] Adding product to favorites: 839
[2025-10-20 15:26:32] New favorites array: Array
(
    [0] => 839
)

[2025-10-20 15:26:32] Update successful: Array
(
    [inFavorites] => 1
    [count] => 1
)

[2025-10-20 15:26:39] Raw input: {"action":"toggle","productId":834}
[2025-10-20 15:26:39] Parsed data: Array
(
    [action] => toggle
    [productId] => 834
)

[2025-10-20 15:26:39] User ID: 14
[2025-10-20 15:26:39] Current favorites: Array
(
    [0] => 839
)

[2025-10-20 15:26:39] Adding product to favorites: 834
[2025-10-20 15:26:39] New favorites array: Array
(
    [0] => 839
    [1] => 834
)

[2025-10-20 15:26:39] Update successful: Array
(
    [inFavorites] => 1
    [count] => 2
)

[2025-10-20 15:27:32] Raw input: {"action":"toggle","productId":1356}
[2025-10-20 15:27:32] Parsed data: Array
(
    [action] => toggle
    [productId] => 1356
)

[2025-10-20 15:27:32] User ID: 14
[2025-10-20 15:27:32] Current favorites: Array
(
    [0] => 839
    [1] => 834
)

[2025-10-20 15:27:32] Adding product to favorites: 1356
[2025-10-20 15:27:32] New favorites array: Array
(
    [0] => 839
    [1] => 834
    [2] => 1356
)

[2025-10-20 15:27:33] Update successful: Array
(
    [inFavorites] => 1
    [count] => 3
)

[2025-10-20 15:27:42] Raw input: {"action":"toggle","productId":1428,"add":true}
[2025-10-20 15:27:42] Parsed data: Array
(
    [action] => toggle
    [productId] => 1428
    [add] => 1
)

[2025-10-20 15:27:42] User ID: 14
[2025-10-20 15:27:42] Current favorites: Array
(
    [0] => 839
    [1] => 834
    [2] => 1356
)

[2025-10-20 15:27:42] Adding product to favorites: 1428
[2025-10-20 15:27:42] New favorites array: Array
(
    [0] => 839
    [1] => 834
    [2] => 1356
    [3] => 1428
)

[2025-10-20 15:27:42] Update successful: Array
(
    [inFavorites] => 1
    [count] => 4
)

[2025-10-20 15:27:52] Raw input: {"action":"toggle","productId":1009,"add":true}
[2025-10-20 15:27:52] Parsed data: Array
(
    [action] => toggle
    [productId] => 1009
    [add] => 1
)

[2025-10-20 15:27:52] User ID: 14
[2025-10-20 15:27:52] Current favorites: Array
(
    [0] => 839
    [1] => 834
    [2] => 1356
    [3] => 1428
)

[2025-10-20 15:27:52] Adding product to favorites: 1009
[2025-10-20 15:27:52] New favorites array: Array
(
    [0] => 839
    [1] => 834
    [2] => 1356
    [3] => 1428
    [4] => 1009
)

[2025-10-20 15:27:52] Update successful: Array
(
    [inFavorites] => 1
    [count] => 5
)

[2025-10-21 09:10:42] Raw input: {"action":"toggle","productId":1009}
[2025-10-21 09:10:42] Parsed data: Array
(
    [action] => toggle
    [productId] => 1009
)

[2025-10-21 09:10:42] User ID: 14
[2025-10-21 09:10:42] Current favorites: Array
(
    [0] => 839
    [1] => 834
    [2] => 1356
    [3] => 1428
    [4] => 1009
)

[2025-10-21 09:10:42] Removing product from favorites: 1009
[2025-10-21 09:10:42] New favorites array: Array
(
    [0] => 839
    [1] => 834
    [2] => 1356
    [3] => 1428
)

[2025-10-21 09:10:42] Update successful: Array
(
    [inFavorites] => 
    [count] => 4
)

[2025-10-21 09:10:46] Raw input: {"action":"toggle","productId":1009}
[2025-10-21 09:10:46] Parsed data: Array
(
    [action] => toggle
    [productId] => 1009
)

[2025-10-21 09:10:46] User ID: 14
[2025-10-21 09:10:46] Current favorites: Array
(
    [0] => 839
    [1] => 834
    [2] => 1356
    [3] => 1428
)

[2025-10-21 09:10:46] Adding product to favorites: 1009
[2025-10-21 09:10:46] New favorites array: Array
(
    [0] => 839
    [1] => 834
    [2] => 1356
    [3] => 1428
    [4] => 1009
)

[2025-10-21 09:10:46] Update successful: Array
(
    [inFavorites] => 1
    [count] => 5
)

[2025-10-21 09:20:26] Raw input: {"action":"toggle","productId":1006,"add":true}
[2025-10-21 09:20:26] Parsed data: Array
(
    [action] => toggle
    [productId] => 1006
    [add] => 1
)

[2025-10-21 09:20:26] User ID: 14
[2025-10-21 09:20:26] Current favorites: Array
(
    [0] => 839
    [1] => 834
    [2] => 1356
    [3] => 1428
    [4] => 1009
)

[2025-10-21 09:20:26] Adding product to favorites: 1006
[2025-10-21 09:20:26] New favorites array: Array
(
    [0] => 839
    [1] => 834
    [2] => 1356
    [3] => 1428
    [4] => 1009
    [5] => 1006
)

[2025-10-21 09:20:26] Update successful: Array
(
    [inFavorites] => 1
    [count] => 6
)

[2025-10-21 09:20:34] Raw input: {"action":"toggle","productId":1006,"add":false}
[2025-10-21 09:20:34] Parsed data: Array
(
    [action] => toggle
    [productId] => 1006
    [add] => 
)

[2025-10-21 09:20:34] User ID: 14
[2025-10-21 09:20:34] Current favorites: Array
(
    [0] => 839
    [1] => 834
    [2] => 1356
    [3] => 1428
    [4] => 1009
    [5] => 1006
)

[2025-10-21 09:20:34] Removing product from favorites: 1006
[2025-10-21 09:20:34] New favorites array: Array
(
    [0] => 839
    [1] => 834
    [2] => 1356
    [3] => 1428
    [4] => 1009
)

[2025-10-21 09:20:34] Update successful: Array
(
    [inFavorites] => 
    [count] => 5
)

[2025-10-21 09:20:49] Raw input: {"action":"toggle","productId":1401,"add":true}
[2025-10-21 09:20:49] Parsed data: Array
(
    [action] => toggle
    [productId] => 1401
    [add] => 1
)

[2025-10-21 09:20:49] User ID: 14
[2025-10-21 09:20:49] Current favorites: Array
(
    [0] => 839
    [1] => 834
    [2] => 1356
    [3] => 1428
    [4] => 1009
)

[2025-10-21 09:20:49] Adding product to favorites: 1401
[2025-10-21 09:20:49] New favorites array: Array
(
    [0] => 839
    [1] => 834
    [2] => 1356
    [3] => 1428
    [4] => 1009
    [5] => 1401
)

[2025-10-21 09:20:49] Update successful: Array
(
    [inFavorites] => 1
    [count] => 6
)

[2025-10-21 09:20:51] Raw input: {"action":"toggle","productId":1401,"add":false}
[2025-10-21 09:20:51] Parsed data: Array
(
    [action] => toggle
    [productId] => 1401
    [add] => 
)

[2025-10-21 09:20:51] User ID: 14
[2025-10-21 09:20:51] Current favorites: Array
(
    [0] => 839
    [1] => 834
    [2] => 1356
    [3] => 1428
    [4] => 1009
    [5] => 1401
)

[2025-10-21 09:20:51] Removing product from favorites: 1401
[2025-10-21 09:20:51] New favorites array: Array
(
    [0] => 839
    [1] => 834
    [2] => 1356
    [3] => 1428
    [4] => 1009
)

[2025-10-21 09:20:51] Update successful: Array
(
    [inFavorites] => 
    [count] => 5
)

[2025-10-21 09:21:24] Raw input: {"action":"toggle","productId":1398}
[2025-10-21 09:21:24] Parsed data: Array
(
    [action] => toggle
    [productId] => 1398
)

[2025-10-21 09:21:24] User ID: 14
[2025-10-21 09:21:24] Current favorites: Array
(
    [0] => 839
    [1] => 834
    [2] => 1356
    [3] => 1428
    [4] => 1009
)

[2025-10-21 09:21:24] Adding product to favorites: 1398
[2025-10-21 09:21:24] New favorites array: Array
(
    [0] => 839
    [1] => 834
    [2] => 1356
    [3] => 1428
    [4] => 1009
    [5] => 1398
)

[2025-10-21 09:21:24] Update successful: Array
(
    [inFavorites] => 1
    [count] => 6
)

[2025-10-21 09:21:25] Raw input: {"action":"toggle","productId":1398}
[2025-10-21 09:21:25] Parsed data: Array
(
    [action] => toggle
    [productId] => 1398
)

[2025-10-21 09:21:25] User ID: 14
[2025-10-21 09:21:25] Current favorites: Array
(
    [0] => 839
    [1] => 834
    [2] => 1356
    [3] => 1428
    [4] => 1009
    [5] => 1398
)

[2025-10-21 09:21:25] Removing product from favorites: 1398
[2025-10-21 09:21:25] New favorites array: Array
(
    [0] => 839
    [1] => 834
    [2] => 1356
    [3] => 1428
    [4] => 1009
)

[2025-10-21 09:21:26] Update successful: Array
(
    [inFavorites] => 
    [count] => 5
)

[2025-10-21 10:19:51] Raw input: {"action":"toggle","productId":1007}
[2025-10-21 10:19:51] Parsed data: Array
(
    [action] => toggle
    [productId] => 1007
)

[2025-10-21 10:19:51] User ID: 14
[2025-10-21 10:19:51] Current favorites: Array
(
    [0] => 839
    [1] => 834
    [2] => 1356
    [3] => 1428
    [4] => 1009
)

[2025-10-21 10:19:51] Adding product to favorites: 1007
[2025-10-21 10:19:51] New favorites array: Array
(
    [0] => 839
    [1] => 834
    [2] => 1356
    [3] => 1428
    [4] => 1009
    [5] => 1007
)

[2025-10-21 10:19:51] Update successful: Array
(
    [inFavorites] => 1
    [count] => 6
)

[2025-10-21 18:51:36] Raw input: {"action":"toggle","productId":966}
[2025-10-21 18:51:36] Parsed data: Array
(
    [action] => toggle
    [productId] => 966
)

[2025-10-21 18:51:36] User ID: 14
[2025-10-21 18:51:36] Current favorites: Array
(
    [0] => 839
    [1] => 834
    [2] => 1356
    [3] => 1428
    [4] => 1009
    [5] => 1007
)

[2025-10-21 18:51:36] Adding product to favorites: 966
[2025-10-21 18:51:36] New favorites array: Array
(
    [0] => 839
    [1] => 834
    [2] => 1356
    [3] => 1428
    [4] => 1009
    [5] => 1007
    [6] => 966
)

[2025-10-21 18:51:36] Update successful: Array
(
    [inFavorites] => 1
    [count] => 7
)

[2025-10-21 18:51:41] Raw input: {"action":"toggle","productId":966}
[2025-10-21 18:51:41] Parsed data: Array
(
    [action] => toggle
    [productId] => 966
)

[2025-10-21 18:51:41] User ID: 14
[2025-10-21 18:51:41] Current favorites: Array
(
    [0] => 839
    [1] => 834
    [2] => 1356
    [3] => 1428
    [4] => 1009
    [5] => 1007
    [6] => 966
)

[2025-10-21 18:51:41] Removing product from favorites: 966
[2025-10-21 18:51:41] New favorites array: Array
(
    [0] => 839
    [1] => 834
    [2] => 1356
    [3] => 1428
    [4] => 1009
    [5] => 1007
)

[2025-10-21 18:51:41] Update successful: Array
(
    [inFavorites] => 
    [count] => 6
)

[2025-10-21 18:51:42] Raw input: {"action":"toggle","productId":965}
[2025-10-21 18:51:42] Parsed data: Array
(
    [action] => toggle
    [productId] => 965
)

[2025-10-21 18:51:42] User ID: 14
[2025-10-21 18:51:42] Current favorites: Array
(
    [0] => 839
    [1] => 834
    [2] => 1356
    [3] => 1428
    [4] => 1009
    [5] => 1007
)

[2025-10-21 18:51:42] Adding product to favorites: 965
[2025-10-21 18:51:42] New favorites array: Array
(
    [0] => 839
    [1] => 834
    [2] => 1356
    [3] => 1428
    [4] => 1009
    [5] => 1007
    [6] => 965
)

[2025-10-21 18:51:42] Update successful: Array
(
    [inFavorites] => 1
    [count] => 7
)

[2025-10-21 18:51:44] Raw input: {"action":"toggle","productId":965}
[2025-10-21 18:51:44] Parsed data: Array
(
    [action] => toggle
    [productId] => 965
)

[2025-10-21 18:51:44] User ID: 14
[2025-10-21 18:51:44] Current favorites: Array
(
    [0] => 839
    [1] => 834
    [2] => 1356
    [3] => 1428
    [4] => 1009
    [5] => 1007
    [6] => 965
)

[2025-10-21 18:51:44] Removing product from favorites: 965
[2025-10-21 18:51:44] New favorites array: Array
(
    [0] => 839
    [1] => 834
    [2] => 1356
    [3] => 1428
    [4] => 1009
    [5] => 1007
)

[2025-10-21 18:51:44] Update successful: Array
(
    [inFavorites] => 
    [count] => 6
)

[2025-10-21 18:57:43] Raw input: {"action":"toggle","productId":1003}
[2025-10-21 18:57:43] Parsed data: Array
(
    [action] => toggle
    [productId] => 1003
)

[2025-10-21 18:57:43] User ID: 14
[2025-10-21 18:57:43] Current favorites: Array
(
    [0] => 839
    [1] => 834
    [2] => 1356
    [3] => 1428
    [4] => 1009
    [5] => 1007
)

[2025-10-21 18:57:43] Adding product to favorites: 1003
[2025-10-21 18:57:43] New favorites array: Array
(
    [0] => 839
    [1] => 834
    [2] => 1356
    [3] => 1428
    [4] => 1009
    [5] => 1007
    [6] => 1003
)

[2025-10-21 18:57:43] Update successful: Array
(
    [inFavorites] => 1
    [count] => 7
)

[2025-10-21 18:57:46] Raw input: {"action":"toggle","productId":1003}
[2025-10-21 18:57:46] Parsed data: Array
(
    [action] => toggle
    [productId] => 1003
)

[2025-10-21 18:57:46] User ID: 14
[2025-10-21 18:57:46] Current favorites: Array
(
    [0] => 839
    [1] => 834
    [2] => 1356
    [3] => 1428
    [4] => 1009
    [5] => 1007
    [6] => 1003
)

[2025-10-21 18:57:46] Removing product from favorites: 1003
[2025-10-21 18:57:46] New favorites array: Array
(
    [0] => 839
    [1] => 834
    [2] => 1356
    [3] => 1428
    [4] => 1009
    [5] => 1007
)

[2025-10-21 18:57:46] Update successful: Array
(
    [inFavorites] => 
    [count] => 6
)

[2025-10-21 18:57:47] Raw input: {"action":"toggle","productId":983}
[2025-10-21 18:57:47] Parsed data: Array
(
    [action] => toggle
    [productId] => 983
)

[2025-10-21 18:57:47] User ID: 14
[2025-10-21 18:57:47] Current favorites: Array
(
    [0] => 839
    [1] => 834
    [2] => 1356
    [3] => 1428
    [4] => 1009
    [5] => 1007
)

[2025-10-21 18:57:47] Adding product to favorites: 983
[2025-10-21 18:57:47] New favorites array: Array
(
    [0] => 839
    [1] => 834
    [2] => 1356
    [3] => 1428
    [4] => 1009
    [5] => 1007
    [6] => 983
)

[2025-10-21 18:57:47] Update successful: Array
(
    [inFavorites] => 1
    [count] => 7
)

[2025-10-21 18:57:48] Raw input: {"action":"toggle","productId":983}
[2025-10-21 18:57:48] Parsed data: Array
(
    [action] => toggle
    [productId] => 983
)

[2025-10-21 18:57:48] User ID: 14
[2025-10-21 18:57:48] Current favorites: Array
(
    [0] => 839
    [1] => 834
    [2] => 1356
    [3] => 1428
    [4] => 1009
    [5] => 1007
    [6] => 983
)

[2025-10-21 18:57:48] Removing product from favorites: 983
[2025-10-21 18:57:48] New favorites array: Array
(
    [0] => 839
    [1] => 834
    [2] => 1356
    [3] => 1428
    [4] => 1009
    [5] => 1007
)

[2025-10-21 18:57:48] Update successful: Array
(
    [inFavorites] => 
    [count] => 6
)

[2025-10-21 18:57:53] Raw input: {"action":"toggle","productId":983}
[2025-10-21 18:57:53] Parsed data: Array
(
    [action] => toggle
    [productId] => 983
)

[2025-10-21 18:57:53] User ID: 14
[2025-10-21 18:57:53] Current favorites: Array
(
    [0] => 839
    [1] => 834
    [2] => 1356
    [3] => 1428
    [4] => 1009
    [5] => 1007
)

[2025-10-21 18:57:53] Adding product to favorites: 983
[2025-10-21 18:57:53] New favorites array: Array
(
    [0] => 839
    [1] => 834
    [2] => 1356
    [3] => 1428
    [4] => 1009
    [5] => 1007
    [6] => 983
)

[2025-10-21 18:57:53] Update successful: Array
(
    [inFavorites] => 1
    [count] => 7
)

[2025-10-21 18:57:55] Raw input: {"action":"toggle","productId":983}
[2025-10-21 18:57:55] Parsed data: Array
(
    [action] => toggle
    [productId] => 983
)

[2025-10-21 18:57:55] User ID: 14
[2025-10-21 18:57:55] Current favorites: Array
(
    [0] => 839
    [1] => 834
    [2] => 1356
    [3] => 1428
    [4] => 1009
    [5] => 1007
    [6] => 983
)

[2025-10-21 18:57:55] Removing product from favorites: 983
[2025-10-21 18:57:55] New favorites array: Array
(
    [0] => 839
    [1] => 834
    [2] => 1356
    [3] => 1428
    [4] => 1009
    [5] => 1007
)

[2025-10-21 18:57:55] Update successful: Array
(
    [inFavorites] => 
    [count] => 6
)

[2025-10-21 18:57:59] Raw input: {"action":"toggle","productId":983}
[2025-10-21 18:57:59] Parsed data: Array
(
    [action] => toggle
    [productId] => 983
)

[2025-10-21 18:57:59] User ID: 14
[2025-10-21 18:57:59] Current favorites: Array
(
    [0] => 839
    [1] => 834
    [2] => 1356
    [3] => 1428
    [4] => 1009
    [5] => 1007
)

[2025-10-21 18:57:59] Adding product to favorites: 983
[2025-10-21 18:57:59] New favorites array: Array
(
    [0] => 839
    [1] => 834
    [2] => 1356
    [3] => 1428
    [4] => 1009
    [5] => 1007
    [6] => 983
)

[2025-10-21 18:57:59] Update successful: Array
(
    [inFavorites] => 1
    [count] => 7
)

[2025-10-21 18:58:00] Raw input: {"action":"toggle","productId":983}
[2025-10-21 18:58:00] Parsed data: Array
(
    [action] => toggle
    [productId] => 983
)

[2025-10-21 18:58:00] User ID: 14
[2025-10-21 18:58:00] Current favorites: Array
(
    [0] => 839
    [1] => 834
    [2] => 1356
    [3] => 1428
    [4] => 1009
    [5] => 1007
    [6] => 983
)

[2025-10-21 18:58:00] Removing product from favorites: 983
[2025-10-21 18:58:00] New favorites array: Array
(
    [0] => 839
    [1] => 834
    [2] => 1356
    [3] => 1428
    [4] => 1009
    [5] => 1007
)

[2025-10-21 18:58:00] Update successful: Array
(
    [inFavorites] => 
    [count] => 6
)

[2025-10-21 19:07:46] Raw input: {"action":"toggle","productId":924}
[2025-10-21 19:07:46] Parsed data: Array
(
    [action] => toggle
    [productId] => 924
)

[2025-10-21 19:07:46] User ID: 14
[2025-10-21 19:07:46] Current favorites: Array
(
    [0] => 839
    [1] => 834
    [2] => 1356
    [3] => 1428
    [4] => 1009
    [5] => 1007
)

[2025-10-21 19:07:46] Adding product to favorites: 924
[2025-10-21 19:07:46] New favorites array: Array
(
    [0] => 839
    [1] => 834
    [2] => 1356
    [3] => 1428
    [4] => 1009
    [5] => 1007
    [6] => 924
)

[2025-10-21 19:07:46] Update successful: Array
(
    [inFavorites] => 1
    [count] => 7
)

[2025-10-21 19:07:47] Raw input: {"action":"toggle","productId":924}
[2025-10-21 19:07:47] Parsed data: Array
(
    [action] => toggle
    [productId] => 924
)

[2025-10-21 19:07:47] User ID: 14
[2025-10-21 19:07:47] Current favorites: Array
(
    [0] => 839
    [1] => 834
    [2] => 1356
    [3] => 1428
    [4] => 1009
    [5] => 1007
    [6] => 924
)

[2025-10-21 19:07:47] Removing product from favorites: 924
[2025-10-21 19:07:47] New favorites array: Array
(
    [0] => 839
    [1] => 834
    [2] => 1356
    [3] => 1428
    [4] => 1009
    [5] => 1007
)

[2025-10-21 19:07:47] Update successful: Array
(
    [inFavorites] => 
    [count] => 6
)

[2025-10-21 19:08:26] Raw input: {"action":"toggle","productId":1341}
[2025-10-21 19:08:26] Parsed data: Array
(
    [action] => toggle
    [productId] => 1341
)

[2025-10-21 19:08:26] User ID: 14
[2025-10-21 19:08:26] Current favorites: Array
(
    [0] => 839
    [1] => 834
    [2] => 1356
    [3] => 1428
    [4] => 1009
    [5] => 1007
)

[2025-10-21 19:08:26] Adding product to favorites: 1341
[2025-10-21 19:08:26] New favorites array: Array
(
    [0] => 839
    [1] => 834
    [2] => 1356
    [3] => 1428
    [4] => 1009
    [5] => 1007
    [6] => 1341
)

[2025-10-21 19:08:26] Update successful: Array
(
    [inFavorites] => 1
    [count] => 7
)

[2025-10-21 19:08:27] Raw input: {"action":"toggle","productId":1341}
[2025-10-21 19:08:27] Parsed data: Array
(
    [action] => toggle
    [productId] => 1341
)

[2025-10-21 19:08:27] User ID: 14
[2025-10-21 19:08:27] Current favorites: Array
(
    [0] => 839
    [1] => 834
    [2] => 1356
    [3] => 1428
    [4] => 1009
    [5] => 1007
    [6] => 1341
)

[2025-10-21 19:08:27] Removing product from favorites: 1341
[2025-10-21 19:08:27] New favorites array: Array
(
    [0] => 839
    [1] => 834
    [2] => 1356
    [3] => 1428
    [4] => 1009
    [5] => 1007
)

[2025-10-21 19:08:27] Update successful: Array
(
    [inFavorites] => 
    [count] => 6
)

[2025-10-21 19:10:32] Raw input: {"action":"toggle","productId":1342}
[2025-10-21 19:10:32] Parsed data: Array
(
    [action] => toggle
    [productId] => 1342
)

[2025-10-21 19:10:32] User ID: 14
[2025-10-21 19:10:32] Current favorites: Array
(
    [0] => 839
    [1] => 834
    [2] => 1356
    [3] => 1428
    [4] => 1009
    [5] => 1007
)

[2025-10-21 19:10:32] Adding product to favorites: 1342
[2025-10-21 19:10:32] New favorites array: Array
(
    [0] => 839
    [1] => 834
    [2] => 1356
    [3] => 1428
    [4] => 1009
    [5] => 1007
    [6] => 1342
)

[2025-10-21 19:10:32] Update successful: Array
(
    [inFavorites] => 1
    [count] => 7
)

[2025-10-21 19:10:54] Raw input: {"action":"toggle","productId":1342}
[2025-10-21 19:10:54] Parsed data: Array
(
    [action] => toggle
    [productId] => 1342
)

[2025-10-21 19:10:54] User ID: 14
[2025-10-21 19:10:54] Current favorites: Array
(
    [0] => 839
    [1] => 834
    [2] => 1356
    [3] => 1428
    [4] => 1009
    [5] => 1007
    [6] => 1342
)

[2025-10-21 19:10:54] Removing product from favorites: 1342
[2025-10-21 19:10:54] New favorites array: Array
(
    [0] => 839
    [1] => 834
    [2] => 1356
    [3] => 1428
    [4] => 1009
    [5] => 1007
)

[2025-10-21 19:10:54] Update successful: Array
(
    [inFavorites] => 
    [count] => 6
)

[2025-10-21 19:11:42] Raw input: {"action":"toggle","productId":1342}
[2025-10-21 19:11:42] Parsed data: Array
(
    [action] => toggle
    [productId] => 1342
)

[2025-10-21 19:11:42] User ID: 14
[2025-10-21 19:11:42] Current favorites: Array
(
    [0] => 839
    [1] => 834
    [2] => 1356
    [3] => 1428
    [4] => 1009
    [5] => 1007
)

[2025-10-21 19:11:42] Adding product to favorites: 1342
[2025-10-21 19:11:42] New favorites array: Array
(
    [0] => 839
    [1] => 834
    [2] => 1356
    [3] => 1428
    [4] => 1009
    [5] => 1007
    [6] => 1342
)

[2025-10-21 19:11:42] Update successful: Array
(
    [inFavorites] => 1
    [count] => 7
)

[2025-10-21 19:15:16] Raw input: {"action":"toggle","productId":1342}
[2025-10-21 19:15:16] Parsed data: Array
(
    [action] => toggle
    [productId] => 1342
)

[2025-10-21 19:15:16] User ID: 14
[2025-10-21 19:15:16] Current favorites: Array
(
    [0] => 839
    [1] => 834
    [2] => 1356
    [3] => 1428
    [4] => 1009
    [5] => 1007
    [6] => 1342
)

[2025-10-21 19:15:16] Removing product from favorites: 1342
[2025-10-21 19:15:16] New favorites array: Array
(
    [0] => 839
    [1] => 834
    [2] => 1356
    [3] => 1428
    [4] => 1009
    [5] => 1007
)

[2025-10-21 19:15:16] Update successful: Array
(
    [inFavorites] => 
    [count] => 6
)

[2025-10-21 19:15:20] Raw input: {"action":"toggle","productId":1342}
[2025-10-21 19:15:20] Parsed data: Array
(
    [action] => toggle
    [productId] => 1342
)

[2025-10-21 19:15:20] User ID: 14
[2025-10-21 19:15:20] Current favorites: Array
(
    [0] => 839
    [1] => 834
    [2] => 1356
    [3] => 1428
    [4] => 1009
    [5] => 1007
)

[2025-10-21 19:15:20] Adding product to favorites: 1342
[2025-10-21 19:15:20] New favorites array: Array
(
    [0] => 839
    [1] => 834
    [2] => 1356
    [3] => 1428
    [4] => 1009
    [5] => 1007
    [6] => 1342
)

[2025-10-21 19:15:20] Update successful: Array
(
    [inFavorites] => 1
    [count] => 7
)

[2025-10-21 19:18:27] Raw input: {"action":"toggle","productId":1341}
[2025-10-21 19:18:27] Parsed data: Array
(
    [action] => toggle
    [productId] => 1341
)

[2025-10-21 19:18:27] User ID: 14
[2025-10-21 19:18:27] Current favorites: Array
(
    [0] => 839
    [1] => 834
    [2] => 1356
    [3] => 1428
    [4] => 1009
    [5] => 1007
    [6] => 1342
)

[2025-10-21 19:18:27] Adding product to favorites: 1341
[2025-10-21 19:18:27] New favorites array: Array
(
    [0] => 839
    [1] => 834
    [2] => 1356
    [3] => 1428
    [4] => 1009
    [5] => 1007
    [6] => 1342
    [7] => 1341
)

[2025-10-21 19:18:27] Update successful: Array
(
    [inFavorites] => 1
    [count] => 8
)

[2025-10-21 19:18:28] Raw input: {"action":"toggle","productId":1341}
[2025-10-21 19:18:28] Parsed data: Array
(
    [action] => toggle
    [productId] => 1341
)

[2025-10-21 19:18:28] User ID: 14
[2025-10-21 19:18:28] Current favorites: Array
(
    [0] => 839
    [1] => 834
    [2] => 1356
    [3] => 1428
    [4] => 1009
    [5] => 1007
    [6] => 1342
    [7] => 1341
)

[2025-10-21 19:18:28] Removing product from favorites: 1341
[2025-10-21 19:18:28] New favorites array: Array
(
    [0] => 839
    [1] => 834
    [2] => 1356
    [3] => 1428
    [4] => 1009
    [5] => 1007
    [6] => 1342
)

[2025-10-21 19:18:28] Update successful: Array
(
    [inFavorites] => 
    [count] => 7
)

[2025-10-21 19:19:08] Raw input: {"action":"toggle","productId":1356,"add":false}
[2025-10-21 19:19:08] Parsed data: Array
(
    [action] => toggle
    [productId] => 1356
    [add] => 
)

[2025-10-21 19:19:08] User ID: 14
[2025-10-21 19:19:08] Current favorites: Array
(
    [0] => 839
    [1] => 834
    [2] => 1356
    [3] => 1428
    [4] => 1009
    [5] => 1007
    [6] => 1342
)

[2025-10-21 19:19:08] Removing product from favorites: 1356
[2025-10-21 19:19:08] New favorites array: Array
(
    [0] => 839
    [1] => 834
    [2] => 1428
    [3] => 1009
    [4] => 1007
    [5] => 1342
)

[2025-10-21 19:19:08] Update successful: Array
(
    [inFavorites] => 
    [count] => 6
)

[2025-10-21 19:19:08] Raw input: {"action":"toggle","productId":839,"add":false}
[2025-10-21 19:19:08] Parsed data: Array
(
    [action] => toggle
    [productId] => 839
    [add] => 
)

[2025-10-21 19:19:08] User ID: 14
[2025-10-21 19:19:08] Current favorites: Array
(
    [0] => 839
    [1] => 834
    [2] => 1428
    [3] => 1009
    [4] => 1007
    [5] => 1342
)

[2025-10-21 19:19:08] Removing product from favorites: 839
[2025-10-21 19:19:08] New favorites array: Array
(
    [0] => 834
    [1] => 1428
    [2] => 1009
    [3] => 1007
    [4] => 1342
)

[2025-10-21 19:19:08] Update successful: Array
(
    [inFavorites] => 
    [count] => 5
)

[2025-10-21 19:19:08] Raw input: {"action":"toggle","productId":1342,"add":false}
[2025-10-21 19:19:08] Parsed data: Array
(
    [action] => toggle
    [productId] => 1342
    [add] => 
)

[2025-10-21 19:19:08] User ID: 14
[2025-10-21 19:19:08] Current favorites: Array
(
    [0] => 834
    [1] => 1428
    [2] => 1009
    [3] => 1007
    [4] => 1342
)

[2025-10-21 19:19:08] Removing product from favorites: 1342
[2025-10-21 19:19:08] New favorites array: Array
(
    [0] => 834
    [1] => 1428
    [2] => 1009
    [3] => 1007
)

[2025-10-21 19:19:08] Update successful: Array
(
    [inFavorites] => 
    [count] => 4
)

[2025-10-21 19:19:08] Raw input: {"action":"toggle","productId":1009,"add":false}
[2025-10-21 19:19:08] Parsed data: Array
(
    [action] => toggle
    [productId] => 1009
    [add] => 
)

[2025-10-21 19:19:08] User ID: 14
[2025-10-21 19:19:08] Current favorites: Array
(
    [0] => 834
    [1] => 1428
    [2] => 1009
    [3] => 1007
)

[2025-10-21 19:19:08] Removing product from favorites: 1009
[2025-10-21 19:19:08] New favorites array: Array
(
    [0] => 834
    [1] => 1428
    [2] => 1007
)

[2025-10-21 19:19:08] Update successful: Array
(
    [inFavorites] => 
    [count] => 3
)

[2025-10-21 19:19:08] Raw input: {"action":"toggle","productId":1428,"add":false}
[2025-10-21 19:19:08] Parsed data: Array
(
    [action] => toggle
    [productId] => 1428
    [add] => 
)

[2025-10-21 19:19:08] User ID: 14
[2025-10-21 19:19:08] Current favorites: Array
(
    [0] => 834
    [1] => 1428
    [2] => 1007
)

[2025-10-21 19:19:08] Removing product from favorites: 1428
[2025-10-21 19:19:08] New favorites array: Array
(
    [0] => 834
    [1] => 1007
)

[2025-10-21 19:19:08] Update successful: Array
(
    [inFavorites] => 
    [count] => 2
)

[2025-10-21 19:19:08] Raw input: {"action":"toggle","productId":1007,"add":false}
[2025-10-21 19:19:08] Parsed data: Array
(
    [action] => toggle
    [productId] => 1007
    [add] => 
)

[2025-10-21 19:19:08] User ID: 14
[2025-10-21 19:19:08] Current favorites: Array
(
    [0] => 834
    [1] => 1007
)

[2025-10-21 19:19:08] Removing product from favorites: 1007
[2025-10-21 19:19:08] New favorites array: Array
(
    [0] => 834
)

[2025-10-21 19:19:08] Update successful: Array
(
    [inFavorites] => 
    [count] => 1
)

[2025-10-21 19:19:08] Raw input: {"action":"toggle","productId":834,"add":false}
[2025-10-21 19:19:08] Parsed data: Array
(
    [action] => toggle
    [productId] => 834
    [add] => 
)

[2025-10-21 19:19:08] User ID: 14
[2025-10-21 19:19:08] Current favorites: Array
(
    [0] => 834
)

[2025-10-21 19:19:08] Removing product from favorites: 834
[2025-10-21 19:19:08] New favorites array: Array
(
)

[2025-10-21 19:19:08] Update successful: Array
(
    [inFavorites] => 
    [count] => 0
)

[2025-10-21 19:42:42] Raw input: {"action":"toggle","productId":1342,"sessid":"d1392afd324451974e34268dca49fbae"}
[2025-10-21 19:42:42] Parsed data: Array
(
    [action] => toggle
    [productId] => 1342
    [sessid] => d1392afd324451974e34268dca49fbae
)

[2025-10-21 19:42:42] User ID: 14
[2025-10-21 19:42:42] Current favorites: Array
(
)

[2025-10-21 19:42:42] Adding product to favorites: 1342
[2025-10-21 19:42:42] New favorites array: Array
(
    [0] => 1342
)

[2025-10-21 19:42:42] Update successful: Array
(
    [inFavorites] => 1
    [count] => 1
)

[2025-10-21 19:52:14] Raw input: 
[2025-10-21 19:52:14] Parsed data: Array
(
    [action] => toggle
    [productId] => 963
    [add] => 
)

[2025-10-21 19:52:14] User ID: 14
[2025-10-21 19:52:14] Current favorites: Array
(
    [0] => 1342
)

[2025-10-21 19:52:14] Adding product to favorites: 963
[2025-10-21 19:52:14] New favorites array: Array
(
    [0] => 1342
    [1] => 963
)

[2025-10-21 19:52:14] Update successful: Array
(
    [inFavorites] => 1
    [count] => 2
)

[2025-10-21 21:33:32] Raw input: 
[2025-10-21 21:33:32] Parsed data: Array
(
    [action] => toggle
    [productId] => 929
    [add] => 
)

[2025-10-21 21:33:32] User not authorized: Array
(
    [productId] => 929
)

[2025-10-25 22:19:04] Raw input: {"action":"toggle","productId":1356,"add":true}
[2025-10-25 22:19:04] Parsed data: Array
(
    [action] => toggle
    [productId] => 1356
    [add] => 1
)

[2025-10-25 22:19:04] User ID: 14
[2025-10-25 22:19:04] Current favorites: Array
(
    [0] => 1342
    [1] => 963
)

[2025-10-25 22:19:04] Adding product to favorites: 1356
[2025-10-25 22:19:04] New favorites array: Array
(
    [0] => 1342
    [1] => 963
    [2] => 1356
)

[2025-10-25 22:19:04] Update successful: Array
(
    [inFavorites] => 1
    [count] => 3
)

[2025-10-25 22:19:07] Raw input: {"action":"toggle","productId":1428,"add":true}
[2025-10-25 22:19:07] Parsed data: Array
(
    [action] => toggle
    [productId] => 1428
    [add] => 1
)

[2025-10-25 22:19:07] User ID: 14
[2025-10-25 22:19:07] Current favorites: Array
(
    [0] => 1342
    [1] => 963
    [2] => 1356
)

[2025-10-25 22:19:07] Adding product to favorites: 1428
[2025-10-25 22:19:07] New favorites array: Array
(
    [0] => 1342
    [1] => 963
    [2] => 1356
    [3] => 1428
)

[2025-10-25 22:19:07] Update successful: Array
(
    [inFavorites] => 1
    [count] => 4
)

[2025-10-26 18:37:15] Raw input: {"action":"toggle","productId":"963"}
[2025-10-26 18:37:15] Parsed data: Array
(
    [action] => toggle
    [productId] => 963
)

[2025-10-26 18:37:15] User ID: 14
[2025-10-26 18:37:15] Current favorites: Array
(
    [0] => 1342
    [1] => 963
    [2] => 1356
    [3] => 1428
)

[2025-10-26 18:37:15] Removing product from favorites: 963
[2025-10-26 18:37:15] New favorites array: Array
(
    [0] => 1342
    [1] => 1356
    [2] => 1428
)

[2025-10-26 18:37:15] Update successful: Array
(
    [inFavorites] => 
    [count] => 3
)

[2025-10-26 18:37:19] Raw input: {"action":"toggle","productId":"1428"}
[2025-10-26 18:37:19] Parsed data: Array
(
    [action] => toggle
    [productId] => 1428
)

[2025-10-26 18:37:19] User ID: 14
[2025-10-26 18:37:19] Current favorites: Array
(
    [0] => 1342
    [1] => 1356
    [2] => 1428
)

[2025-10-26 18:37:19] Removing product from favorites: 1428
[2025-10-26 18:37:19] New favorites array: Array
(
    [0] => 1342
    [1] => 1356
)

[2025-10-26 18:37:19] Update successful: Array
(
    [inFavorites] => 
    [count] => 2
)

[2025-10-26 18:40:27] Raw input: {"action":"toggle","productId":1008,"add":true}
[2025-10-26 18:40:27] Parsed data: Array
(
    [action] => toggle
    [productId] => 1008
    [add] => 1
)

[2025-10-26 18:40:27] User ID: 14
[2025-10-26 18:40:27] Current favorites: Array
(
    [0] => 1342
    [1] => 1356
)

[2025-10-26 18:40:27] Adding product to favorites: 1008
[2025-10-26 18:40:27] New favorites array: Array
(
    [0] => 1342
    [1] => 1356
    [2] => 1008
)

[2025-10-26 18:40:27] Update successful: Array
(
    [inFavorites] => 1
    [count] => 3
)

[2025-10-26 18:40:28] Raw input: {"action":"toggle","productId":1007,"add":true}
[2025-10-26 18:40:28] Parsed data: Array
(
    [action] => toggle
    [productId] => 1007
    [add] => 1
)

[2025-10-26 18:40:28] User ID: 14
[2025-10-26 18:40:28] Current favorites: Array
(
    [0] => 1342
    [1] => 1356
    [2] => 1008
)

[2025-10-26 18:40:28] Adding product to favorites: 1007
[2025-10-26 18:40:28] New favorites array: Array
(
    [0] => 1342
    [1] => 1356
    [2] => 1008
    [3] => 1007
)

[2025-10-26 18:40:28] Update successful: Array
(
    [inFavorites] => 1
    [count] => 4
)

[2025-10-26 18:40:29] Raw input: {"action":"toggle","productId":1006,"add":true}
[2025-10-26 18:40:29] Parsed data: Array
(
    [action] => toggle
    [productId] => 1006
    [add] => 1
)

[2025-10-26 18:40:29] User ID: 14
[2025-10-26 18:40:29] Current favorites: Array
(
    [0] => 1342
    [1] => 1356
    [2] => 1008
    [3] => 1007
)

[2025-10-26 18:40:29] Adding product to favorites: 1006
[2025-10-26 18:40:29] New favorites array: Array
(
    [0] => 1342
    [1] => 1356
    [2] => 1008
    [3] => 1007
    [4] => 1006
)

[2025-10-26 18:40:29] Update successful: Array
(
    [inFavorites] => 1
    [count] => 5
)

[2025-10-26 18:40:30] Raw input: {"action":"toggle","productId":972,"add":true}
[2025-10-26 18:40:30] Parsed data: Array
(
    [action] => toggle
    [productId] => 972
    [add] => 1
)

[2025-10-26 18:40:30] User ID: 14
[2025-10-26 18:40:30] Current favorites: Array
(
    [0] => 1342
    [1] => 1356
    [2] => 1008
    [3] => 1007
    [4] => 1006
)

[2025-10-26 18:40:30] Adding product to favorites: 972
[2025-10-26 18:40:30] New favorites array: Array
(
    [0] => 1342
    [1] => 1356
    [2] => 1008
    [3] => 1007
    [4] => 1006
    [5] => 972
)

[2025-10-26 18:40:30] Update successful: Array
(
    [inFavorites] => 1
    [count] => 6
)

[2025-10-26 18:44:30] Raw input: {"action":"toggle","productId":1428,"add":true}
[2025-10-26 18:44:30] Parsed data: Array
(
    [action] => toggle
    [productId] => 1428
    [add] => 1
)

[2025-10-26 18:44:30] User ID: 14
[2025-10-26 18:44:30] Current favorites: Array
(
    [0] => 1342
    [1] => 1356
    [2] => 1008
    [3] => 1007
    [4] => 1006
    [5] => 972
)

[2025-10-26 18:44:30] Adding product to favorites: 1428
[2025-10-26 18:44:30] New favorites array: Array
(
    [0] => 1342
    [1] => 1356
    [2] => 1008
    [3] => 1007
    [4] => 1006
    [5] => 972
    [6] => 1428
)

[2025-10-26 18:44:30] Update successful: Array
(
    [inFavorites] => 1
    [count] => 7
)

[2025-10-26 18:49:02] Raw input: {"action":"toggle","productId":"1342"}
[2025-10-26 18:49:02] Parsed data: Array
(
    [action] => toggle
    [productId] => 1342
)

[2025-10-26 18:49:02] User ID: 14
[2025-10-26 18:49:02] Current favorites: Array
(
    [0] => 1342
    [1] => 1356
    [2] => 1008
    [3] => 1007
    [4] => 1006
    [5] => 972
    [6] => 1428
)

[2025-10-26 18:49:02] Removing product from favorites: 1342
[2025-10-26 18:49:02] New favorites array: Array
(
    [0] => 1356
    [1] => 1008
    [2] => 1007
    [3] => 1006
    [4] => 972
    [5] => 1428
)

[2025-10-26 18:49:02] Update successful: Array
(
    [inFavorites] => 
    [count] => 6
)

[2025-10-26 18:49:03] Raw input: {"action":"toggle","productId":"1428"}
[2025-10-26 18:49:03] Parsed data: Array
(
    [action] => toggle
    [productId] => 1428
)

[2025-10-26 18:49:03] User ID: 14
[2025-10-26 18:49:03] Current favorites: Array
(
    [0] => 1356
    [1] => 1008
    [2] => 1007
    [3] => 1006
    [4] => 972
    [5] => 1428
)

[2025-10-26 18:49:03] Removing product from favorites: 1428
[2025-10-26 18:49:03] New favorites array: Array
(
    [0] => 1356
    [1] => 1008
    [2] => 1007
    [3] => 1006
    [4] => 972
)

[2025-10-26 18:49:03] Update successful: Array
(
    [inFavorites] => 
    [count] => 5
)

[2025-10-26 18:49:05] Raw input: {"action":"toggle","productId":"1007"}
[2025-10-26 18:49:05] Parsed data: Array
(
    [action] => toggle
    [productId] => 1007
)

[2025-10-26 18:49:05] User ID: 14
[2025-10-26 18:49:05] Current favorites: Array
(
    [0] => 1356
    [1] => 1008
    [2] => 1007
    [3] => 1006
    [4] => 972
)

[2025-10-26 18:49:05] Removing product from favorites: 1007
[2025-10-26 18:49:05] New favorites array: Array
(
    [0] => 1356
    [1] => 1008
    [2] => 1006
    [3] => 972
)

[2025-10-26 18:49:05] Update successful: Array
(
    [inFavorites] => 
    [count] => 4
)

[2025-10-26 18:49:06] Raw input: {"action":"toggle","productId":"1006"}
[2025-10-26 18:49:06] Parsed data: Array
(
    [action] => toggle
    [productId] => 1006
)

[2025-10-26 18:49:06] User ID: 14
[2025-10-26 18:49:06] Current favorites: Array
(
    [0] => 1356
    [1] => 1008
    [2] => 1006
    [3] => 972
)

[2025-10-26 18:49:06] Removing product from favorites: 1006
[2025-10-26 18:49:06] New favorites array: Array
(
    [0] => 1356
    [1] => 1008
    [2] => 972
)

[2025-10-26 18:49:06] Update successful: Array
(
    [inFavorites] => 
    [count] => 3
)

[2025-10-26 18:49:07] Raw input: {"action":"toggle","productId":"1008"}
[2025-10-26 18:49:07] Parsed data: Array
(
    [action] => toggle
    [productId] => 1008
)

[2025-10-26 18:49:07] User ID: 14
[2025-10-26 18:49:07] Current favorites: Array
(
    [0] => 1356
    [1] => 1008
    [2] => 972
)

[2025-10-26 18:49:07] Removing product from favorites: 1008
[2025-10-26 18:49:07] New favorites array: Array
(
    [0] => 1356
    [1] => 972
)

[2025-10-26 18:49:07] Update successful: Array
(
    [inFavorites] => 
    [count] => 2
)

[2025-10-26 18:49:13] Raw input: {"action":"toggle","productId":"972"}
[2025-10-26 18:49:13] Parsed data: Array
(
    [action] => toggle
    [productId] => 972
)

[2025-10-26 18:49:13] User ID: 14
[2025-10-26 18:49:13] Current favorites: Array
(
    [0] => 1356
    [1] => 972
)

[2025-10-26 18:49:13] Removing product from favorites: 972
[2025-10-26 18:49:13] New favorites array: Array
(
    [0] => 1356
)

[2025-10-26 18:49:13] Update successful: Array
(
    [inFavorites] => 
    [count] => 1
)

[2025-10-26 18:49:13] Raw input: {"action":"toggle","productId":"1356"}
[2025-10-26 18:49:13] Parsed data: Array
(
    [action] => toggle
    [productId] => 1356
)

[2025-10-26 18:49:13] User ID: 14
[2025-10-26 18:49:13] Current favorites: Array
(
    [0] => 1356
)

[2025-10-26 18:49:13] Removing product from favorites: 1356
[2025-10-26 18:49:13] New favorites array: Array
(
)

[2025-10-26 18:49:13] Update successful: Array
(
    [inFavorites] => 
    [count] => 0
)

[2025-10-26 18:49:23] Raw input: {"action":"toggle","productId":1356,"add":true}
[2025-10-26 18:49:23] Parsed data: Array
(
    [action] => toggle
    [productId] => 1356
    [add] => 1
)

[2025-10-26 18:49:23] User ID: 14
[2025-10-26 18:49:23] Current favorites: Array
(
)

[2025-10-26 18:49:23] Adding product to favorites: 1356
[2025-10-26 18:49:23] New favorites array: Array
(
    [0] => 1356
)

[2025-10-26 18:49:23] Update successful: Array
(
    [inFavorites] => 1
    [count] => 1
)

[2025-10-26 18:49:24] Raw input: {"action":"toggle","productId":1428,"add":true}
[2025-10-26 18:49:24] Parsed data: Array
(
    [action] => toggle
    [productId] => 1428
    [add] => 1
)

[2025-10-26 18:49:24] User ID: 14
[2025-10-26 18:49:24] Current favorites: Array
(
    [0] => 1356
)

[2025-10-26 18:49:24] Adding product to favorites: 1428
[2025-10-26 18:49:24] New favorites array: Array
(
    [0] => 1356
    [1] => 1428
)

[2025-10-26 18:49:24] Update successful: Array
(
    [inFavorites] => 1
    [count] => 2
)

[2025-10-26 18:53:52] Raw input: {"action":"toggle","productId":1428}
[2025-10-26 18:53:52] Parsed data: Array
(
    [action] => toggle
    [productId] => 1428
)

[2025-10-26 18:53:52] User ID: 14
[2025-10-26 18:53:52] Current favorites: Array
(
    [0] => 1356
    [1] => 1428
)

[2025-10-26 18:53:52] Removing product from favorites: 1428
[2025-10-26 18:53:52] New favorites array: Array
(
    [0] => 1356
)

[2025-10-26 18:53:52] Update successful: Array
(
    [inFavorites] => 
    [count] => 1
)

[2025-10-26 18:53:56] Raw input: {"action":"toggle","productId":1428}
[2025-10-26 18:53:56] Parsed data: Array
(
    [action] => toggle
    [productId] => 1428
)

[2025-10-26 18:53:56] User ID: 14
[2025-10-26 18:53:56] Current favorites: Array
(
    [0] => 1356
)

[2025-10-26 18:53:56] Adding product to favorites: 1428
[2025-10-26 18:53:56] New favorites array: Array
(
    [0] => 1356
    [1] => 1428
)

[2025-10-26 18:53:56] Update successful: Array
(
    [inFavorites] => 1
    [count] => 2
)

[2025-10-26 19:06:46] Raw input: 
[2025-10-26 19:06:46] Parsed data: Array
(
    [action] => toggle
    [productId] => 1335
    [add] => 
)

[2025-10-26 19:06:46] User ID: 14
[2025-10-26 19:06:46] Current favorites: Array
(
    [0] => 1356
    [1] => 1428
)

[2025-10-26 19:06:46] Adding product to favorites: 1335
[2025-10-26 19:06:46] New favorites array: Array
(
    [0] => 1356
    [1] => 1428
    [2] => 1335
)

[2025-10-26 19:06:46] Update successful: Array
(
    [inFavorites] => 1
    [count] => 3
)

[2025-10-26 19:06:53] Raw input: {"action":"toggle","productId":"1335"}
[2025-10-26 19:06:53] Parsed data: Array
(
    [action] => toggle
    [productId] => 1335
)

[2025-10-26 19:06:53] User ID: 14
[2025-10-26 19:06:53] Current favorites: Array
(
    [0] => 1356
    [1] => 1428
    [2] => 1335
)

[2025-10-26 19:06:53] Removing product from favorites: 1335
[2025-10-26 19:06:53] New favorites array: Array
(
    [0] => 1356
    [1] => 1428
)

[2025-10-26 19:06:53] Update successful: Array
(
    [inFavorites] => 
    [count] => 2
)

[2025-10-26 19:06:54] Raw input: {"action":"toggle","productId":"1428"}
[2025-10-26 19:06:54] Parsed data: Array
(
    [action] => toggle
    [productId] => 1428
)

[2025-10-26 19:06:54] User ID: 14
[2025-10-26 19:06:54] Current favorites: Array
(
    [0] => 1356
    [1] => 1428
)

[2025-10-26 19:06:54] Removing product from favorites: 1428
[2025-10-26 19:06:54] New favorites array: Array
(
    [0] => 1356
)

[2025-10-26 19:06:54] Update successful: Array
(
    [inFavorites] => 
    [count] => 1
)

[2025-10-26 19:06:55] Raw input: {"action":"toggle","productId":"1356"}
[2025-10-26 19:06:55] Parsed data: Array
(
    [action] => toggle
    [productId] => 1356
)

[2025-10-26 19:06:55] User ID: 14
[2025-10-26 19:06:55] Current favorites: Array
(
    [0] => 1356
)

[2025-10-26 19:06:55] Removing product from favorites: 1356
[2025-10-26 19:06:55] New favorites array: Array
(
)

[2025-10-26 19:06:55] Update successful: Array
(
    [inFavorites] => 
    [count] => 0
)

[2025-10-26 19:13:51] Raw input: 
[2025-10-26 19:13:51] Parsed data: Array
(
    [action] => toggle
    [productId] => 1335
    [add] => 
)

[2025-10-26 19:13:51] User ID: 14
[2025-10-26 19:13:51] Current favorites: Array
(
)

[2025-10-26 19:13:51] Adding product to favorites: 1335
[2025-10-26 19:13:51] New favorites array: Array
(
    [0] => 1335
)

[2025-10-26 19:13:51] Update successful: Array
(
    [inFavorites] => 1
    [count] => 1
)

[2025-10-26 19:13:52] Raw input: 
[2025-10-26 19:13:52] Parsed data: Array
(
    [action] => toggle
    [productId] => 983
    [add] => 
)

[2025-10-26 19:13:52] User ID: 14
[2025-10-26 19:13:52] Current favorites: Array
(
    [0] => 1335
)

[2025-10-26 19:13:52] Adding product to favorites: 983
[2025-10-26 19:13:52] New favorites array: Array
(
    [0] => 1335
    [1] => 983
)

[2025-10-26 19:13:52] Update successful: Array
(
    [inFavorites] => 1
    [count] => 2
)

[2025-10-26 19:13:53] Raw input: 
[2025-10-26 19:13:53] Parsed data: Array
(
    [action] => toggle
    [productId] => 1003
    [add] => 
)

[2025-10-26 19:13:53] User ID: 14
[2025-10-26 19:13:53] Current favorites: Array
(
    [0] => 1335
    [1] => 983
)

[2025-10-26 19:13:53] Adding product to favorites: 1003
[2025-10-26 19:13:53] New favorites array: Array
(
    [0] => 1335
    [1] => 983
    [2] => 1003
)

[2025-10-26 19:13:53] Update successful: Array
(
    [inFavorites] => 1
    [count] => 3
)

[2025-10-26 21:24:35] Raw input: {"action":"toggle","productId":1356}
[2025-10-26 21:24:35] Parsed data: Array
(
    [action] => toggle
    [productId] => 1356
)

[2025-10-26 21:24:35] User ID: 14
[2025-10-26 21:24:35] Current favorites: Array
(
    [0] => 1335
    [1] => 983
    [2] => 1003
)

[2025-10-26 21:24:35] Adding product to favorites: 1356
[2025-10-26 21:24:35] New favorites array: Array
(
    [0] => 1335
    [1] => 983
    [2] => 1003
    [3] => 1356
)

[2025-10-26 21:24:35] Update successful: Array
(
    [inFavorites] => 1
    [count] => 4
)

[2025-10-26 21:30:10] Raw input: 
[2025-10-26 21:30:10] Parsed data: Array
(
    [action] => toggle
    [productId] => 984
    [add] => 
)

[2025-10-26 21:30:10] User ID: 14
[2025-10-26 21:30:10] Current favorites: Array
(
    [0] => 1335
    [1] => 983
    [2] => 1003
    [3] => 1356
)

[2025-10-26 21:30:10] Adding product to favorites: 984
[2025-10-26 21:30:10] New favorites array: Array
(
    [0] => 1335
    [1] => 983
    [2] => 1003
    [3] => 1356
    [4] => 984
)

[2025-10-26 21:30:10] Update successful: Array
(
    [inFavorites] => 1
    [count] => 5
)

[2025-10-26 21:30:16] Raw input: {"action":"toggle","productId":"1003"}
[2025-10-26 21:30:16] Parsed data: Array
(
    [action] => toggle
    [productId] => 1003
)

[2025-10-26 21:30:16] User ID: 14
[2025-10-26 21:30:16] Current favorites: Array
(
    [0] => 1335
    [1] => 983
    [2] => 1003
    [3] => 1356
    [4] => 984
)

[2025-10-26 21:30:16] Removing product from favorites: 1003
[2025-10-26 21:30:16] New favorites array: Array
(
    [0] => 1335
    [1] => 983
    [2] => 1356
    [3] => 984
)

[2025-10-26 21:30:16] Update successful: Array
(
    [inFavorites] => 
    [count] => 4
)

[2025-10-26 21:30:17] Raw input: {"action":"toggle","productId":"983"}
[2025-10-26 21:30:17] Parsed data: Array
(
    [action] => toggle
    [productId] => 983
)

[2025-10-26 21:30:17] User ID: 14
[2025-10-26 21:30:17] Current favorites: Array
(
    [0] => 1335
    [1] => 983
    [2] => 1356
    [3] => 984
)

[2025-10-26 21:30:17] Removing product from favorites: 983
[2025-10-26 21:30:17] New favorites array: Array
(
    [0] => 1335
    [1] => 1356
    [2] => 984
)

[2025-10-26 21:30:17] Update successful: Array
(
    [inFavorites] => 
    [count] => 3
)

[2025-10-26 21:30:18] Raw input: {"action":"toggle","productId":"1356"}
[2025-10-26 21:30:18] Parsed data: Array
(
    [action] => toggle
    [productId] => 1356
)

[2025-10-26 21:30:18] User ID: 14
[2025-10-26 21:30:18] Current favorites: Array
(
    [0] => 1335
    [1] => 1356
    [2] => 984
)

[2025-10-26 21:30:18] Removing product from favorites: 1356
[2025-10-26 21:30:18] New favorites array: Array
(
    [0] => 1335
    [1] => 984
)

[2025-10-26 21:30:18] Update successful: Array
(
    [inFavorites] => 
    [count] => 2
)

[2025-10-26 21:30:19] Raw input: {"action":"toggle","productId":"984"}
[2025-10-26 21:30:19] Parsed data: Array
(
    [action] => toggle
    [productId] => 984
)

[2025-10-26 21:30:19] User ID: 14
[2025-10-26 21:30:19] Current favorites: Array
(
    [0] => 1335
    [1] => 984
)

[2025-10-26 21:30:19] Removing product from favorites: 984
[2025-10-26 21:30:19] New favorites array: Array
(
    [0] => 1335
)

[2025-10-26 21:30:19] Update successful: Array
(
    [inFavorites] => 
    [count] => 1
)

[2025-10-26 21:30:19] Raw input: {"action":"toggle","productId":"1335"}
[2025-10-26 21:30:19] Parsed data: Array
(
    [action] => toggle
    [productId] => 1335
)

[2025-10-26 21:30:19] User ID: 14
[2025-10-26 21:30:19] Current favorites: Array
(
    [0] => 1335
)

[2025-10-26 21:30:19] Removing product from favorites: 1335
[2025-10-26 21:30:19] New favorites array: Array
(
)

[2025-10-26 21:30:19] Update successful: Array
(
    [inFavorites] => 
    [count] => 0
)

[2025-10-26 21:30:31] Raw input: {"action":"toggle","productId":"1335"}
[2025-10-26 21:30:31] Parsed data: Array
(
    [action] => toggle
    [productId] => 1335
)

[2025-10-26 21:30:31] User ID: 14
[2025-10-26 21:30:31] Current favorites: Array
(
)

[2025-10-26 21:30:31] Adding product to favorites: 1335
[2025-10-26 21:30:31] New favorites array: Array
(
    [0] => 1335
)

[2025-10-26 21:30:31] Update successful: Array
(
    [inFavorites] => 1
    [count] => 1
)

[2025-10-26 21:30:32] Raw input: {"action":"toggle","productId":"983"}
[2025-10-26 21:30:32] Parsed data: Array
(
    [action] => toggle
    [productId] => 983
)

[2025-10-26 21:30:32] User ID: 14
[2025-10-26 21:30:32] Current favorites: Array
(
    [0] => 1335
)

[2025-10-26 21:30:32] Adding product to favorites: 983
[2025-10-26 21:30:32] New favorites array: Array
(
    [0] => 1335
    [1] => 983
)

[2025-10-26 21:30:32] Update successful: Array
(
    [inFavorites] => 1
    [count] => 2
)

[2025-10-26 22:48:02] Raw input: {"action":"toggle","productId":1335,"add":false}
[2025-10-26 22:48:02] Parsed data: Array
(
    [action] => toggle
    [productId] => 1335
    [add] => 
)

[2025-10-26 22:48:02] User ID: 14
[2025-10-26 22:48:02] Current favorites: Array
(
    [0] => 1335
    [1] => 983
)

[2025-10-26 22:48:02] Removing product from favorites: 1335
[2025-10-26 22:48:02] New favorites array: Array
(
    [0] => 983
)

[2025-10-26 22:48:02] Update successful: Array
(
    [inFavorites] => 
    [count] => 1
)

[2025-10-26 22:48:04] Raw input: {"action":"toggle","productId":998,"add":true}
[2025-10-26 22:48:04] Parsed data: Array
(
    [action] => toggle
    [productId] => 998
    [add] => 1
)

[2025-10-26 22:48:04] User ID: 14
[2025-10-26 22:48:04] Current favorites: Array
(
    [0] => 983
)

[2025-10-26 22:48:04] Adding product to favorites: 998
[2025-10-26 22:48:04] New favorites array: Array
(
    [0] => 983
    [1] => 998
)

[2025-10-26 22:48:04] Update successful: Array
(
    [inFavorites] => 1
    [count] => 2
)

[2025-10-28 00:19:51] Raw input: 
[2025-10-28 00:19:51] Parsed data: Array
(
    [action] => toggle
    [productId] => 1335
    [add] => 
)

[2025-10-28 00:19:51] User not authorized: Array
(
    [productId] => 1335
)

[2025-10-28 00:19:55] Raw input: 
[2025-10-28 00:19:55] Parsed data: Array
(
    [action] => toggle
    [productId] => 983
    [add] => 
)

[2025-10-28 00:19:55] User not authorized: Array
(
    [productId] => 983
)

[2025-10-28 00:19:57] Raw input: 
[2025-10-28 00:19:57] Parsed data: Array
(
    [action] => toggle
    [productId] => 1003
    [add] => 
)

[2025-10-28 00:19:57] User not authorized: Array
(
    [productId] => 1003
)

[2025-10-28 00:19:58] Raw input: 
[2025-10-28 00:19:58] Parsed data: Array
(
    [action] => toggle
    [productId] => 984
    [add] => 
)

[2025-10-28 00:19:58] User not authorized: Array
(
    [productId] => 984
)

[2025-10-28 00:20:17] Raw input: {"action":"toggle","productId":"983"}
[2025-10-28 00:20:17] Parsed data: Array
(
    [action] => toggle
    [productId] => 983
)

[2025-10-28 00:20:17] User ID: 14
[2025-10-28 00:20:17] Current favorites: Array
(
    [0] => 983
    [1] => 998
)

[2025-10-28 00:20:17] Removing product from favorites: 983
[2025-10-28 00:20:17] New favorites array: Array
(
    [0] => 998
)

[2025-10-28 00:20:17] Update successful: Array
(
    [inFavorites] => 
    [count] => 1
)

