[2025-07-18 01:43:52] Processing request: POST
[2025-07-18 01:43:52] Content-Type: application/json
[2025-07-18 01:43:52] Security check passed
[2025-07-18 01:43:52] Raw input: {"form_type":"newsletter","email":"dont@mail.me","timestamp":1752792231933,"sessid":"b6eaaa5a5a2127eaf4c90872d5393cb4"}
[2025-07-18 01:43:52] Form type: newsletter
[2025-07-18 01:43:52] Form data: {"form_type":"newsletter","email":"dont@mail.me","timestamp":1752792231933,"sessid":"b6eaaa5a5a2127eaf4c90872d5393cb4"}
[2025-07-18 01:43:52] Processing newsletter form
[2025-07-18 01:43:52] Saving newsletter subscription for: dont@mail.me
[2025-07-18 01:43:52] New newsletter subscription: dont@mail.me, ID: 1
[2025-07-18 01:43:52] Email sent to: sales@edsy.ru
[2025-07-18 01:43:52] Email sent to: a0123e@ya.ru
[2025-07-18 01:43:52] Email sent to: ae001t@gmail.com
[2025-07-18 01:43:52] Email sent to: dont@mail.me
[2025-07-18 01:43:52] Newsletter subscription processed successfully
[2025-07-18 01:43:52] Sending success response: {"success":true,"data":{"message":"\u041f\u043e\u0434\u043f\u0438\u0441\u043a\u0430 \u043e\u0444\u043e\u0440\u043c\u043b\u0435\u043d\u0430 \u0443\u0441\u043f\u0435\u0448\u043d\u043e!","subscription_id":1},"timestamp":"2025-07-18 01:43:52"}
[2025-07-18 01:43:53] Processing request: POST
[2025-07-18 01:43:53] Content-Type: application/json
[2025-07-18 01:43:53] Security check passed
[2025-07-18 01:43:53] Raw input: {"form_type":"newsletter","email":"dont@mail.me","timestamp":1752792231933,"sessid":"b6eaaa5a5a2127eaf4c90872d5393cb4"}
[2025-07-18 01:43:53] Form type: newsletter
[2025-07-18 01:43:53] Form data: {"form_type":"newsletter","email":"dont@mail.me","timestamp":1752792231933,"sessid":"b6eaaa5a5a2127eaf4c90872d5393cb4"}
[2025-07-18 01:43:53] Processing newsletter form
[2025-07-18 01:43:53] Saving newsletter subscription for: dont@mail.me
[2025-07-18 01:43:53] Existing subscription found: {"id":"1","status":"active"}
[2025-07-18 01:43:53] Database error: Этот email уже подписан на рассылку
[2025-07-18 01:43:53] ERROR: Ошибка базы данных: Этот email уже подписан на рассылку
[2025-07-18 01:43:53] Stack trace: #0 /home/c/contes1u/btx.edsy.ru/public_html/local/php_interface/ajax/forms_handler.php(198): EDSFormsHandler->saveNewsletterSubscription(Array)
#1 /home/c/contes1u/btx.edsy.ru/public_html/local/php_interface/ajax/forms_handler.php(107): EDSFormsHandler->processNewsletterForm(Array)
#2 /home/c/contes1u/btx.edsy.ru/public_html/local/php_interface/ajax/forms_handler.php(435): EDSFormsHandler->processRequest()
#3 {main}
[2025-07-18 01:43:53] Sending error response: {"success":false,"message":"\u041e\u0448\u0438\u0431\u043a\u0430 \u0431\u0430\u0437\u044b \u0434\u0430\u043d\u043d\u044b\u0445: \u042d\u0442\u043e\u0442 email \u0443\u0436\u0435 \u043f\u043e\u0434\u043f\u0438\u0441\u0430\u043d \u043d\u0430 \u0440\u0430\u0441\u0441\u044b\u043b\u043a\u0443","timestamp":"2025-07-18 01:43:53"}
[2025-07-18 01:43:55] Processing request: POST
[2025-07-18 01:43:55] Content-Type: application/json
[2025-07-18 01:43:55] Security check passed
[2025-07-18 01:43:55] Raw input: {"form_type":"newsletter","email":"dont@mail.me","timestamp":1752792231933,"sessid":"b6eaaa5a5a2127eaf4c90872d5393cb4"}
[2025-07-18 01:43:55] Form type: newsletter
[2025-07-18 01:43:55] Form data: {"form_type":"newsletter","email":"dont@mail.me","timestamp":1752792231933,"sessid":"b6eaaa5a5a2127eaf4c90872d5393cb4"}
[2025-07-18 01:43:55] Processing newsletter form
[2025-07-18 01:43:55] Saving newsletter subscription for: dont@mail.me
[2025-07-18 01:43:55] Existing subscription found: {"id":"1","status":"active"}
[2025-07-18 01:43:55] Database error: Этот email уже подписан на рассылку
[2025-07-18 01:43:55] ERROR: Ошибка базы данных: Этот email уже подписан на рассылку
[2025-07-18 01:43:55] Stack trace: #0 /home/c/contes1u/btx.edsy.ru/public_html/local/php_interface/ajax/forms_handler.php(198): EDSFormsHandler->saveNewsletterSubscription(Array)
#1 /home/c/contes1u/btx.edsy.ru/public_html/local/php_interface/ajax/forms_handler.php(107): EDSFormsHandler->processNewsletterForm(Array)
#2 /home/c/contes1u/btx.edsy.ru/public_html/local/php_interface/ajax/forms_handler.php(435): EDSFormsHandler->processRequest()
#3 {main}
[2025-07-18 01:43:55] Sending error response: {"success":false,"message":"\u041e\u0448\u0438\u0431\u043a\u0430 \u0431\u0430\u0437\u044b \u0434\u0430\u043d\u043d\u044b\u0445: \u042d\u0442\u043e\u0442 email \u0443\u0436\u0435 \u043f\u043e\u0434\u043f\u0438\u0441\u0430\u043d \u043d\u0430 \u0440\u0430\u0441\u0441\u044b\u043b\u043a\u0443","timestamp":"2025-07-18 01:43:55"}
[2025-07-18 01:48:21] Newsletter table initialized successfully
[2025-07-18 01:48:21] === NEW REQUEST ===
[2025-07-18 01:48:21] Method: POST
[2025-07-18 01:48:21] Content-Type: application/json
[2025-07-18 01:48:21] User-Agent: Mozilla/5.0 (Macintosh; Intel Mac OS X 10_15_7) AppleWebKit/537.36 (KHTML, like Gecko) Chrome/138.0.0.0 Safari/537.36
[2025-07-18 01:48:21] Referer: https://btx.edsy.ru/
[2025-07-18 01:48:21] Raw input: {"form_type":"newsletter","email":"dont@mail.me","timestamp":1752792501119,"sessid":"b6eaaa5a5a2127eaf4c90872d5393cb4"}
[2025-07-18 01:48:21] Form type: newsletter
[2025-07-18 01:48:21] Form data: {"form_type":"newsletter","email":"dont@mail.me","timestamp":1752792501119,"sessid":"b6eaaa5a5a2127eaf4c90872d5393cb4"}
[2025-07-18 01:48:21] Processing newsletter form
[2025-07-18 01:48:21] Saving newsletter subscription for: dont@mail.me
[2025-07-18 01:48:21] Existing subscription found: {"id":"1","status":"active"}
[2025-07-18 01:48:21] Database error: Этот email уже подписан на рассылку
[2025-07-18 01:48:21] ERROR: Этот email уже подписан на рассылку
[2025-07-18 01:48:21] Stack trace: #0 /home/c/contes1u/btx.edsy.ru/public_html/local/php_interface/ajax/forms_handler.php(166): EDSStandaloneFormsHandler->saveNewsletterSubscription(Array)
#1 /home/c/contes1u/btx.edsy.ru/public_html/local/php_interface/ajax/forms_handler.php(97): EDSStandaloneFormsHandler->processNewsletterForm(Array)
#2 /home/c/contes1u/btx.edsy.ru/public_html/local/php_interface/ajax/forms_handler.php(426): EDSStandaloneFormsHandler->processRequest()
#3 {main}
[2025-07-18 01:48:21] Sending error response: {"success":false,"message":"\u042d\u0442\u043e\u0442 email \u0443\u0436\u0435 \u043f\u043e\u0434\u043f\u0438\u0441\u0430\u043d \u043d\u0430 \u0440\u0430\u0441\u0441\u044b\u043b\u043a\u0443","timestamp":"2025-07-18 01:48:21"}
[2025-07-18 01:48:23] Newsletter table initialized successfully
[2025-07-18 01:48:23] === NEW REQUEST ===
[2025-07-18 01:48:23] Method: POST
[2025-07-18 01:48:23] Content-Type: application/json
[2025-07-18 01:48:23] User-Agent: Mozilla/5.0 (Macintosh; Intel Mac OS X 10_15_7) AppleWebKit/537.36 (KHTML, like Gecko) Chrome/138.0.0.0 Safari/537.36
[2025-07-18 01:48:23] Referer: https://btx.edsy.ru/
[2025-07-18 01:48:23] Raw input: {"form_type":"newsletter","email":"dont@mail.me","timestamp":1752792501119,"sessid":"b6eaaa5a5a2127eaf4c90872d5393cb4"}
[2025-07-18 01:48:23] Form type: newsletter
[2025-07-18 01:48:23] Form data: {"form_type":"newsletter","email":"dont@mail.me","timestamp":1752792501119,"sessid":"b6eaaa5a5a2127eaf4c90872d5393cb4"}
[2025-07-18 01:48:23] Processing newsletter form
[2025-07-18 01:48:23] Saving newsletter subscription for: dont@mail.me
[2025-07-18 01:48:23] Existing subscription found: {"id":"1","status":"active"}
[2025-07-18 01:48:23] Database error: Этот email уже подписан на рассылку
[2025-07-18 01:48:23] ERROR: Этот email уже подписан на рассылку
[2025-07-18 01:48:23] Stack trace: #0 /home/c/contes1u/btx.edsy.ru/public_html/local/php_interface/ajax/forms_handler.php(166): EDSStandaloneFormsHandler->saveNewsletterSubscription(Array)
#1 /home/c/contes1u/btx.edsy.ru/public_html/local/php_interface/ajax/forms_handler.php(97): EDSStandaloneFormsHandler->processNewsletterForm(Array)
#2 /home/c/contes1u/btx.edsy.ru/public_html/local/php_interface/ajax/forms_handler.php(426): EDSStandaloneFormsHandler->processRequest()
#3 {main}
[2025-07-18 01:48:23] Sending error response: {"success":false,"message":"\u042d\u0442\u043e\u0442 email \u0443\u0436\u0435 \u043f\u043e\u0434\u043f\u0438\u0441\u0430\u043d \u043d\u0430 \u0440\u0430\u0441\u0441\u044b\u043b\u043a\u0443","timestamp":"2025-07-18 01:48:23"}
[2025-07-18 01:48:25] Newsletter table initialized successfully
[2025-07-18 01:48:25] === NEW REQUEST ===
[2025-07-18 01:48:25] Method: POST
[2025-07-18 01:48:25] Content-Type: application/json
[2025-07-18 01:48:25] User-Agent: Mozilla/5.0 (Macintosh; Intel Mac OS X 10_15_7) AppleWebKit/537.36 (KHTML, like Gecko) Chrome/138.0.0.0 Safari/537.36
[2025-07-18 01:48:25] Referer: https://btx.edsy.ru/
[2025-07-18 01:48:25] Raw input: {"form_type":"newsletter","email":"dont@mail.me","timestamp":1752792501119,"sessid":"b6eaaa5a5a2127eaf4c90872d5393cb4"}
[2025-07-18 01:48:25] Form type: newsletter
[2025-07-18 01:48:25] Form data: {"form_type":"newsletter","email":"dont@mail.me","timestamp":1752792501119,"sessid":"b6eaaa5a5a2127eaf4c90872d5393cb4"}
[2025-07-18 01:48:25] Processing newsletter form
[2025-07-18 01:48:25] Saving newsletter subscription for: dont@mail.me
[2025-07-18 01:48:25] Existing subscription found: {"id":"1","status":"active"}
[2025-07-18 01:48:25] Database error: Этот email уже подписан на рассылку
[2025-07-18 01:48:25] ERROR: Этот email уже подписан на рассылку
[2025-07-18 01:48:25] Stack trace: #0 /home/c/contes1u/btx.edsy.ru/public_html/local/php_interface/ajax/forms_handler.php(166): EDSStandaloneFormsHandler->saveNewsletterSubscription(Array)
#1 /home/c/contes1u/btx.edsy.ru/public_html/local/php_interface/ajax/forms_handler.php(97): EDSStandaloneFormsHandler->processNewsletterForm(Array)
#2 /home/c/contes1u/btx.edsy.ru/public_html/local/php_interface/ajax/forms_handler.php(426): EDSStandaloneFormsHandler->processRequest()
#3 {main}
[2025-07-18 01:48:25] Sending error response: {"success":false,"message":"\u042d\u0442\u043e\u0442 email \u0443\u0436\u0435 \u043f\u043e\u0434\u043f\u0438\u0441\u0430\u043d \u043d\u0430 \u0440\u0430\u0441\u0441\u044b\u043b\u043a\u0443","timestamp":"2025-07-18 01:48:25"}
[2025-07-18 01:55:17] Newsletter table initialized successfully
[2025-07-18 01:55:17] === NEW REQUEST ===
[2025-07-18 01:55:17] Method: POST
[2025-07-18 01:55:17] Content-Type: application/json
[2025-07-18 01:55:17] User-Agent: Mozilla/5.0 (Macintosh; Intel Mac OS X 10_15_7) AppleWebKit/537.36 (KHTML, like Gecko) Chrome/138.0.0.0 Safari/537.36
[2025-07-18 01:55:17] Referer: https://btx.edsy.ru/
[2025-07-18 01:55:17] Raw input: {"form_type":"newsletter","email":"dont@mail.me","timestamp":1752792917189,"sessid":"b6eaaa5a5a2127eaf4c90872d5393cb4"}
[2025-07-18 01:55:17] Form type: newsletter
[2025-07-18 01:55:17] Form data: {"form_type":"newsletter","email":"dont@mail.me","timestamp":1752792917189,"sessid":"b6eaaa5a5a2127eaf4c90872d5393cb4"}
[2025-07-18 01:55:17] Processing newsletter form
[2025-07-18 01:55:17] Saving newsletter subscription for: dont@mail.me
[2025-07-18 01:55:17] Existing subscription found: {"id":"1","status":"active"}
[2025-07-18 01:55:17] Database error: Этот email уже подписан на рассылку
[2025-07-18 01:55:17] ERROR: Этот email уже подписан на рассылку
[2025-07-18 01:55:17] Stack trace: #0 /home/c/contes1u/btx.edsy.ru/public_html/local/php_interface/ajax/forms_handler.php(166): EDSStandaloneFormsHandler->saveNewsletterSubscription(Array)
#1 /home/c/contes1u/btx.edsy.ru/public_html/local/php_interface/ajax/forms_handler.php(97): EDSStandaloneFormsHandler->processNewsletterForm(Array)
#2 /home/c/contes1u/btx.edsy.ru/public_html/local/php_interface/ajax/forms_handler.php(426): EDSStandaloneFormsHandler->processRequest()
#3 {main}
[2025-07-18 01:55:17] Sending error response: {"success":false,"message":"\u042d\u0442\u043e\u0442 email \u0443\u0436\u0435 \u043f\u043e\u0434\u043f\u0438\u0441\u0430\u043d \u043d\u0430 \u0440\u0430\u0441\u0441\u044b\u043b\u043a\u0443","timestamp":"2025-07-18 01:55:17"}
[2025-07-18 01:59:49] Newsletter table initialized successfully
[2025-07-18 01:59:49] === NEW REQUEST ===
[2025-07-18 01:59:49] Method: POST
[2025-07-18 01:59:49] Content-Type: application/json
[2025-07-18 01:59:49] User-Agent: Mozilla/5.0 (Macintosh; Intel Mac OS X 10_15_7) AppleWebKit/537.36 (KHTML, like Gecko) Chrome/138.0.0.0 Safari/537.36
[2025-07-18 01:59:49] Referer: https://btx.edsy.ru/
[2025-07-18 01:59:49] Raw input: {"form_type":"newsletter","email":"dont@mail.me","timestamp":1752793189558,"sessid":"b6eaaa5a5a2127eaf4c90872d5393cb4"}
[2025-07-18 01:59:49] Form type: newsletter
[2025-07-18 01:59:49] Form data: {"form_type":"newsletter","email":"dont@mail.me","timestamp":1752793189558,"sessid":"b6eaaa5a5a2127eaf4c90872d5393cb4"}
[2025-07-18 01:59:49] Processing newsletter form
[2025-07-18 01:59:49] Saving newsletter subscription for: dont@mail.me
[2025-07-18 01:59:49] Existing subscription found: {"id":"1","status":"active"}
[2025-07-18 01:59:49] Database error: Этот email уже подписан на рассылку
[2025-07-18 01:59:49] ERROR: Этот email уже подписан на рассылку
[2025-07-18 01:59:49] Stack trace: #0 /home/c/contes1u/btx.edsy.ru/public_html/local/php_interface/ajax/forms_handler.php(166): EDSStandaloneFormsHandler->saveNewsletterSubscription(Array)
#1 /home/c/contes1u/btx.edsy.ru/public_html/local/php_interface/ajax/forms_handler.php(97): EDSStandaloneFormsHandler->processNewsletterForm(Array)
#2 /home/c/contes1u/btx.edsy.ru/public_html/local/php_interface/ajax/forms_handler.php(432): EDSStandaloneFormsHandler->processRequest()
#3 {main}
[2025-07-18 01:59:49] Sending error response: {"success":false,"message":"\u042d\u0442\u043e\u0442 email \u0443\u0436\u0435 \u043f\u043e\u0434\u043f\u0438\u0441\u0430\u043d \u043d\u0430 \u0440\u0430\u0441\u0441\u044b\u043b\u043a\u0443","timestamp":"2025-07-18 01:59:49"}
[2025-07-18 12:41:05] Newsletter table initialized successfully
[2025-07-18 12:41:05] === NEW REQUEST ===
[2025-07-18 12:41:05] Method: POST
[2025-07-18 12:41:05] Content-Type: application/json
[2025-07-18 12:41:05] User-Agent: Mozilla/5.0 (Macintosh; Intel Mac OS X 10_15_7) AppleWebKit/537.36 (KHTML, like Gecko) Chrome/138.0.0.0 Safari/537.36
[2025-07-18 12:41:05] Referer: https://btx.edsy.ru/
[2025-07-18 12:41:05] Raw input: {"form_type":"newsletter","email":"dont@mail.me","timestamp":1752831664159,"sessid":"64ec0e09557eb853dc872b0023bee2a4"}
[2025-07-18 12:41:05] Form type: newsletter
[2025-07-18 12:41:05] Form data: {"form_type":"newsletter","email":"dont@mail.me","timestamp":1752831664159,"sessid":"64ec0e09557eb853dc872b0023bee2a4"}
[2025-07-18 12:41:05] Processing newsletter form
[2025-07-18 12:41:05] Saving newsletter subscription for: dont@mail.me
[2025-07-18 12:41:05] Existing subscription found: {"id":"1","status":"active"}
[2025-07-18 12:41:05] Database error: Этот email уже подписан на рассылку
[2025-07-18 12:41:05] ERROR: Этот email уже подписан на рассылку
[2025-07-18 12:41:05] Stack trace: #0 /home/c/contes1u/btx.edsy.ru/public_html/local/php_interface/ajax/forms_handler.php(166): EDSStandaloneFormsHandler->saveNewsletterSubscription(Array)
#1 /home/c/contes1u/btx.edsy.ru/public_html/local/php_interface/ajax/forms_handler.php(97): EDSStandaloneFormsHandler->processNewsletterForm(Array)
#2 /home/c/contes1u/btx.edsy.ru/public_html/local/php_interface/ajax/forms_handler.php(432): EDSStandaloneFormsHandler->processRequest()
#3 {main}
[2025-07-18 12:41:05] Sending error response: {"success":false,"message":"\u042d\u0442\u043e\u0442 email \u0443\u0436\u0435 \u043f\u043e\u0434\u043f\u0438\u0441\u0430\u043d \u043d\u0430 \u0440\u0430\u0441\u0441\u044b\u043b\u043a\u0443","timestamp":"2025-07-18 12:41:05"}
[2025-07-18 12:43:51] Newsletter table initialized successfully
[2025-07-18 12:43:51] === NEW REQUEST ===
[2025-07-18 12:43:51] Method: POST
[2025-07-18 12:43:51] Content-Type: application/json
[2025-07-18 12:43:51] User-Agent: Mozilla/5.0 (Macintosh; Intel Mac OS X 10_15_7) AppleWebKit/537.36 (KHTML, like Gecko) Chrome/138.0.0.0 Safari/537.36
[2025-07-18 12:43:51] Referer: https://btx.edsy.ru/
[2025-07-18 12:43:51] Raw input: {"form_type":"newsletter","email":"dont@mail.me","timestamp":1752831830361,"sessid":"64ec0e09557eb853dc872b0023bee2a4"}
[2025-07-18 12:43:51] Form type: newsletter
[2025-07-18 12:43:51] Form data: {"form_type":"newsletter","email":"dont@mail.me","timestamp":1752831830361,"sessid":"64ec0e09557eb853dc872b0023bee2a4"}
[2025-07-18 12:43:51] Processing newsletter form
[2025-07-18 12:43:51] Saving newsletter subscription for: dont@mail.me
[2025-07-18 12:43:51] Existing subscription found: {"id":"1","status":"active"}
[2025-07-18 12:43:51] Database error: Этот email уже подписан на рассылку
[2025-07-18 12:43:51] ERROR: Этот email уже подписан на рассылку
[2025-07-18 12:43:51] Stack trace: #0 /home/c/contes1u/btx.edsy.ru/public_html/local/php_interface/ajax/forms_handler.php(166): EDSStandaloneFormsHandler->saveNewsletterSubscription(Array)
#1 /home/c/contes1u/btx.edsy.ru/public_html/local/php_interface/ajax/forms_handler.php(97): EDSStandaloneFormsHandler->processNewsletterForm(Array)
#2 /home/c/contes1u/btx.edsy.ru/public_html/local/php_interface/ajax/forms_handler.php(426): EDSStandaloneFormsHandler->processRequest()
#3 {main}
[2025-07-18 12:43:51] Sending error response: {"success":false,"message":"\u042d\u0442\u043e\u0442 email \u0443\u0436\u0435 \u043f\u043e\u0434\u043f\u0438\u0441\u0430\u043d \u043d\u0430 \u0440\u0430\u0441\u0441\u044b\u043b\u043a\u0443","timestamp":"2025-07-18 12:43:51"}
[2025-07-18 12:51:59] Newsletter table initialized successfully
[2025-07-18 12:51:59] === NEW REQUEST ===
[2025-07-18 12:51:59] Method: POST
[2025-07-18 12:51:59] Content-Type: application/json
[2025-07-18 12:51:59] User-Agent: Mozilla/5.0 (Macintosh; Intel Mac OS X 10_15_7) AppleWebKit/537.36 (KHTML, like Gecko) Chrome/138.0.0.0 Safari/537.36
[2025-07-18 12:51:59] Referer: https://btx.edsy.ru/
[2025-07-18 12:51:59] Raw input: {"form_type":"newsletter","email":"dont@mail.me","timestamp":1752832319275,"sessid":"64ec0e09557eb853dc872b0023bee2a4"}
[2025-07-18 12:51:59] Form type: newsletter
[2025-07-18 12:51:59] Form data: {"form_type":"newsletter","email":"dont@mail.me","timestamp":1752832319275,"sessid":"64ec0e09557eb853dc872b0023bee2a4"}
[2025-07-18 12:51:59] Processing newsletter form
[2025-07-18 12:51:59] Saving newsletter subscription for: dont@mail.me
[2025-07-18 12:51:59] Existing subscription found: {"id":"1","status":"active"}
[2025-07-18 12:51:59] Database error: Этот email уже подписан на рассылку
[2025-07-18 12:51:59] ERROR: Этот email уже подписан на рассылку
[2025-07-18 12:51:59] Stack trace: #0 /home/c/contes1u/btx.edsy.ru/public_html/local/php_interface/ajax/forms_handler.php(166): EDSStandaloneFormsHandler->saveNewsletterSubscription(Array)
#1 /home/c/contes1u/btx.edsy.ru/public_html/local/php_interface/ajax/forms_handler.php(97): EDSStandaloneFormsHandler->processNewsletterForm(Array)
#2 /home/c/contes1u/btx.edsy.ru/public_html/local/php_interface/ajax/forms_handler.php(432): EDSStandaloneFormsHandler->processRequest()
#3 {main}
[2025-07-18 12:51:59] Sending error response: {"success":false,"message":"\u042d\u0442\u043e\u0442 email \u0443\u0436\u0435 \u043f\u043e\u0434\u043f\u0438\u0441\u0430\u043d \u043d\u0430 \u0440\u0430\u0441\u0441\u044b\u043b\u043a\u0443","timestamp":"2025-07-18 12:51:59"}
[2025-07-18 13:00:39] Newsletter table initialized successfully
[2025-07-18 13:00:39] === NEW REQUEST ===
[2025-07-18 13:00:39] Method: POST
[2025-07-18 13:00:39] Content-Type: application/json
[2025-07-18 13:00:39] User-Agent: Mozilla/5.0 (Macintosh; Intel Mac OS X 10_15_7) AppleWebKit/537.36 (KHTML, like Gecko) Chrome/138.0.0.0 Safari/537.36
[2025-07-18 13:00:39] Referer: https://btx.edsy.ru/
[2025-07-18 13:00:39] Raw input: {"form_type":"newsletter","email":"dont@mail.me","timestamp":1752832839015,"sessid":"64ec0e09557eb853dc872b0023bee2a4"}
[2025-07-18 13:00:39] Form type: newsletter
[2025-07-18 13:00:39] Form data: {"form_type":"newsletter","email":"dont@mail.me","timestamp":1752832839015,"sessid":"64ec0e09557eb853dc872b0023bee2a4"}
[2025-07-18 13:00:39] Processing newsletter form
[2025-07-18 13:00:39] Saving newsletter subscription for: dont@mail.me
[2025-07-18 13:00:39] Existing subscription found: {"id":"1","status":"active"}
[2025-07-18 13:00:39] Database error: Этот email уже подписан на рассылку
[2025-07-18 13:00:39] ERROR: Этот email уже подписан на рассылку
[2025-07-18 13:00:39] Stack trace: #0 /home/c/contes1u/btx.edsy.ru/public_html/local/php_interface/ajax/forms_handler.php(166): EDSStandaloneFormsHandler->saveNewsletterSubscription(Array)
#1 /home/c/contes1u/btx.edsy.ru/public_html/local/php_interface/ajax/forms_handler.php(97): EDSStandaloneFormsHandler->processNewsletterForm(Array)
#2 /home/c/contes1u/btx.edsy.ru/public_html/local/php_interface/ajax/forms_handler.php(432): EDSStandaloneFormsHandler->processRequest()
#3 {main}
[2025-07-18 13:00:39] Sending error response: {"success":false,"message":"\u042d\u0442\u043e\u0442 email \u0443\u0436\u0435 \u043f\u043e\u0434\u043f\u0438\u0441\u0430\u043d \u043d\u0430 \u0440\u0430\u0441\u0441\u044b\u043b\u043a\u0443","timestamp":"2025-07-18 13:00:39"}
[2025-07-18 13:04:56] Newsletter table initialized successfully
[2025-07-18 13:04:56] === NEW REQUEST ===
[2025-07-18 13:04:56] Method: POST
[2025-07-18 13:04:56] Content-Type: application/json
[2025-07-18 13:04:56] User-Agent: Mozilla/5.0 (Macintosh; Intel Mac OS X 10_15_7) AppleWebKit/537.36 (KHTML, like Gecko) Chrome/138.0.0.0 Safari/537.36
[2025-07-18 13:04:56] Referer: https://btx.edsy.ru/
[2025-07-18 13:04:56] Server: btx.edsy.ru
[2025-07-18 13:04:56] Raw input: {"form_type":"newsletter","email":"dont@mail.me","timestamp":1752833095868,"sessid":"64ec0e09557eb853dc872b0023bee2a4"}
[2025-07-18 13:04:56] Form type: newsletter
[2025-07-18 13:04:56] Form data: {"form_type":"newsletter","email":"dont@mail.me","timestamp":1752833095868,"sessid":"64ec0e09557eb853dc872b0023bee2a4"}
[2025-07-18 13:04:56] Processing newsletter form
[2025-07-18 13:04:56] Saving newsletter subscription for: dont@mail.me
[2025-07-18 13:04:56] Existing subscription found: {"id":"1","status":"active"}
[2025-07-18 13:04:56] Database error: Этот email уже подписан на рассылку
[2025-07-18 13:04:56] ERROR: Этот email уже подписан на рассылку
[2025-07-18 13:04:56] Stack trace: #0 /home/c/contes1u/btx.edsy.ru/public_html/local/php_interface/ajax/forms_handler.php(169): EDSEnhancedFormsHandler->saveNewsletterSubscription(Array)
#1 /home/c/contes1u/btx.edsy.ru/public_html/local/php_interface/ajax/forms_handler.php(100): EDSEnhancedFormsHandler->processNewsletterForm(Array)
#2 /home/c/contes1u/btx.edsy.ru/public_html/local/php_interface/ajax/forms_handler.php(558): EDSEnhancedFormsHandler->processRequest()
#3 {main}
[2025-07-18 13:04:56] Sending error response: {"success":false,"message":"\u042d\u0442\u043e\u0442 email \u0443\u0436\u0435 \u043f\u043e\u0434\u043f\u0438\u0441\u0430\u043d \u043d\u0430 \u0440\u0430\u0441\u0441\u044b\u043b\u043a\u0443","timestamp":"2025-07-18 13:04:56"}
[2025-07-18 13:06:06] Newsletter table initialized successfully
[2025-07-18 13:06:06] === NEW REQUEST ===
[2025-07-18 13:06:06] Method: POST
[2025-07-18 13:06:06] Content-Type: application/json
[2025-07-18 13:06:06] User-Agent: Mozilla/5.0 (Macintosh; Intel Mac OS X 10_15_7) AppleWebKit/537.36 (KHTML, like Gecko) Chrome/138.0.0.0 Safari/537.36
[2025-07-18 13:06:06] Referer: https://btx.edsy.ru/
[2025-07-18 13:06:06] Server: btx.edsy.ru
[2025-07-18 13:06:06] Raw input: {"form_type":"newsletter","email":"dont@mail.me","timestamp":1752833166679,"sessid":"64ec0e09557eb853dc872b0023bee2a4"}
[2025-07-18 13:06:06] Form type: newsletter
[2025-07-18 13:06:06] Form data: {"form_type":"newsletter","email":"dont@mail.me","timestamp":1752833166679,"sessid":"64ec0e09557eb853dc872b0023bee2a4"}
[2025-07-18 13:06:06] Processing newsletter form
[2025-07-18 13:06:06] Saving newsletter subscription for: dont@mail.me
[2025-07-18 13:06:06] Existing subscription found: {"id":"1","status":"active"}
[2025-07-18 13:06:06] Database error: Этот email уже подписан на рассылку
[2025-07-18 13:06:06] ERROR: Этот email уже подписан на рассылку
[2025-07-18 13:06:06] Stack trace: #0 /home/c/contes1u/btx.edsy.ru/public_html/local/php_interface/ajax/forms_handler.php(169): EDSEnhancedFormsHandler->saveNewsletterSubscription(Array)
#1 /home/c/contes1u/btx.edsy.ru/public_html/local/php_interface/ajax/forms_handler.php(100): EDSEnhancedFormsHandler->processNewsletterForm(Array)
#2 /home/c/contes1u/btx.edsy.ru/public_html/local/php_interface/ajax/forms_handler.php(558): EDSEnhancedFormsHandler->processRequest()
#3 {main}
[2025-07-18 13:06:06] Sending error response: {"success":false,"message":"\u042d\u0442\u043e\u0442 email \u0443\u0436\u0435 \u043f\u043e\u0434\u043f\u0438\u0441\u0430\u043d \u043d\u0430 \u0440\u0430\u0441\u0441\u044b\u043b\u043a\u0443","timestamp":"2025-07-18 13:06:06"}
[2025-07-18 16:14:41] [v3.1.0] Database table initialized successfully
[2025-07-18 16:14:41] [v3.1.0] === NEW REQUEST === | {"method":"POST","ip":"46.37.123.153","user_agent":"Mozilla\/5.0 (Macintosh; Intel Mac OS X 10_15_7) AppleWebKit\/537.36 (KHTML, like Gecko) Chrome\/138.0.0.0 Safari\/537.36"}
[2025-07-18 16:14:41] [v3.1.0] Input data received | {"raw":"{\"form_type\":\"newsletter\",\"email\":\"kon4994@ya.ru\",\"timestamp\":1752844481711,\"sessid\":\"3d9c0e725ca895948259a9e5fc41519a\"}","parsed":{"form_type":"newsletter","email":"kon4994@ya.ru","timestamp":1752844481711,"sessid":"3d9c0e725ca895948259a9e5fc41519a"}}
[2025-07-18 16:14:41] [v3.1.0] Processing newsletter subscription | {"email":"kon4994@ya.ru","timestamp":"2025-07-18 16:14:41"}
[2025-07-18 16:14:41] [v3.1.0] Subscription saved to database | {"email":"kon4994@ya.ru","ip":"46.37.123.153","result":"success"}
[2025-07-18 16:14:41] [v3.1.0] Subscription saved to file | {"email":"kon4994@ya.ru"}
[2025-07-18 16:14:41] [v3.1.0] Sending HTML email | {"to":"a0123e@ya.ru","subject":"🔔 Новая подписка на рассылку EDS","type":"admin","html_length":7909}
[2025-07-18 16:14:42] [v3.1.0] HTML email send result | {"to":"a0123e@ya.ru","result":true,"message_length":8875,"last_error":null}
[2025-07-18 16:14:42] [v3.1.0] Sending HTML email | {"to":"ae001t@gmail.com","subject":"🔔 Новая подписка на рассылку EDS","type":"admin","html_length":7909}
[2025-07-18 16:14:42] [v3.1.0] HTML email send result | {"to":"ae001t@gmail.com","result":true,"message_length":8875,"last_error":null}
[2025-07-18 16:14:42] [v3.1.0] Sending HTML email | {"to":"kon4994@ya.ru","subject":"🎉 Добро пожаловать в рассылку EDS!","type":"welcome","html_length":13178}
[2025-07-18 16:14:42] [v3.1.0] HTML email send result | {"to":"kon4994@ya.ru","result":true,"message_length":14307,"last_error":null}
[2025-07-18 16:19:12] [v3.1.0] Database table initialized successfully
[2025-07-18 16:19:12] [v3.1.0] === NEW REQUEST === | {"method":"POST","ip":"46.37.123.153","user_agent":"Mozilla\/5.0 (Macintosh; Intel Mac OS X 10_15_7) AppleWebKit\/537.36 (KHTML, like Gecko) Chrome\/138.0.0.0 Safari\/537.36"}
[2025-07-18 16:19:12] [v3.1.0] Input data received | {"raw":"{\"form_type\":\"newsletter\",\"email\":\"snnivvn@gmail.com\",\"timestamp\":1752844752263,\"sessid\":\"3d9c0e725ca895948259a9e5fc41519a\"}","parsed":{"form_type":"newsletter","email":"snnivvn@gmail.com","timestamp":1752844752263,"sessid":"3d9c0e725ca895948259a9e5fc41519a"}}
[2025-07-18 16:19:12] [v3.1.0] Processing newsletter subscription | {"email":"snnivvn@gmail.com","timestamp":"2025-07-18 16:19:12"}
[2025-07-18 16:19:12] [v3.1.0] Subscription saved to database | {"email":"snnivvn@gmail.com","ip":"46.37.123.153","result":"success"}
[2025-07-18 16:19:12] [v3.1.0] Subscription saved to file | {"email":"snnivvn@gmail.com"}
[2025-07-18 16:19:12] [v3.1.0] Sending HTML email | {"to":"a0123e@ya.ru","subject":"🔔 Новая подписка на рассылку EDS","type":"admin","html_length":7898}
[2025-07-18 16:19:12] [v3.1.0] HTML email send result | {"to":"a0123e@ya.ru","result":true,"message_length":8853,"last_error":null}
[2025-07-18 16:19:12] [v3.1.0] Sending HTML email | {"to":"ae001t@gmail.com","subject":"🔔 Новая подписка на рассылку EDS","type":"admin","html_length":7898}
[2025-07-18 16:19:12] [v3.1.0] HTML email send result | {"to":"ae001t@gmail.com","result":true,"message_length":8853,"last_error":null}
[2025-07-18 16:19:12] [v3.1.0] Sending HTML email | {"to":"snnivvn@gmail.com","subject":"🎉 Добро пожаловать в рассылку EDS!","type":"welcome","html_length":13178}
[2025-07-18 16:19:12] [v3.1.0] HTML email send result | {"to":"snnivvn@gmail.com","result":true,"message_length":14307,"last_error":null}
[2025-07-18 16:19:20] [v3.1.0] Database table initialized successfully
[2025-07-18 16:19:20] [v3.1.0] === NEW REQUEST === | {"method":"POST","ip":"46.37.123.153","user_agent":"Mozilla\/5.0 (Macintosh; Intel Mac OS X 10_15_7) AppleWebKit\/537.36 (KHTML, like Gecko) Chrome\/138.0.0.0 Safari\/537.36"}
[2025-07-18 16:19:20] [v3.1.0] Input data received | {"raw":"{\"form_type\":\"newsletter\",\"email\":\"contespan@gmail.com\",\"timestamp\":1752844759722,\"sessid\":\"3d9c0e725ca895948259a9e5fc41519a\"}","parsed":{"form_type":"newsletter","email":"contespan@gmail.com","timestamp":1752844759722,"sessid":"3d9c0e725ca895948259a9e5fc41519a"}}
[2025-07-18 16:19:20] [v3.1.0] Processing newsletter subscription | {"email":"contespan@gmail.com","timestamp":"2025-07-18 16:19:20"}
[2025-07-18 16:19:20] [v3.1.0] Subscription saved to database | {"email":"contespan@gmail.com","ip":"46.37.123.153","result":"success"}
[2025-07-18 16:19:20] [v3.1.0] Subscription saved to file | {"email":"contespan@gmail.com"}
[2025-07-18 16:19:20] [v3.1.0] Sending HTML email | {"to":"a0123e@ya.ru","subject":"🔔 Новая подписка на рассылку EDS","type":"admin","html_length":7900}
[2025-07-18 16:19:20] [v3.1.0] HTML email send result | {"to":"a0123e@ya.ru","result":true,"message_length":8857,"last_error":null}
[2025-07-18 16:19:20] [v3.1.0] Sending HTML email | {"to":"ae001t@gmail.com","subject":"🔔 Новая подписка на рассылку EDS","type":"admin","html_length":7900}
[2025-07-18 16:19:20] [v3.1.0] HTML email send result | {"to":"ae001t@gmail.com","result":true,"message_length":8857,"last_error":null}
[2025-07-18 16:19:20] [v3.1.0] Sending HTML email | {"to":"contespan@gmail.com","subject":"🎉 Добро пожаловать в рассылку EDS!","type":"welcome","html_length":13178}
[2025-07-18 16:19:20] [v3.1.0] HTML email send result | {"to":"contespan@gmail.com","result":true,"message_length":14307,"last_error":null}
[2025-07-18 16:19:27] [v3.1.0] Database table initialized successfully
[2025-07-18 16:19:27] [v3.1.0] === NEW REQUEST === | {"method":"POST","ip":"46.37.123.153","user_agent":"Mozilla\/5.0 (Macintosh; Intel Mac OS X 10_15_7) AppleWebKit\/537.36 (KHTML, like Gecko) Chrome\/138.0.0.0 Safari\/537.36"}
[2025-07-18 16:19:27] [v3.1.0] Input data received | {"raw":"{\"form_type\":\"newsletter\",\"email\":\"constiv@icloud.com\",\"timestamp\":1752844766786,\"sessid\":\"3d9c0e725ca895948259a9e5fc41519a\"}","parsed":{"form_type":"newsletter","email":"constiv@icloud.com","timestamp":1752844766786,"sessid":"3d9c0e725ca895948259a9e5fc41519a"}}
[2025-07-18 16:19:27] [v3.1.0] Processing newsletter subscription | {"email":"constiv@icloud.com","timestamp":"2025-07-18 16:19:27"}
[2025-07-18 16:19:27] [v3.1.0] Subscription saved to database | {"email":"constiv@icloud.com","ip":"46.37.123.153","result":"success"}
[2025-07-18 16:19:27] [v3.1.0] Subscription saved to file | {"email":"constiv@icloud.com"}
[2025-07-18 16:19:27] [v3.1.0] Sending HTML email | {"to":"a0123e@ya.ru","subject":"🔔 Новая подписка на рассылку EDS","type":"admin","html_length":7899}
[2025-07-18 16:19:27] [v3.1.0] HTML email send result | {"to":"a0123e@ya.ru","result":true,"message_length":8855,"last_error":null}
[2025-07-18 16:19:27] [v3.1.0] Sending HTML email | {"to":"ae001t@gmail.com","subject":"🔔 Новая подписка на рассылку EDS","type":"admin","html_length":7899}
[2025-07-18 16:19:27] [v3.1.0] HTML email send result | {"to":"ae001t@gmail.com","result":true,"message_length":8855,"last_error":null}
[2025-07-18 16:19:27] [v3.1.0] Sending HTML email | {"to":"constiv@icloud.com","subject":"🎉 Добро пожаловать в рассылку EDS!","type":"welcome","html_length":13178}
[2025-07-18 16:19:27] [v3.1.0] HTML email send result | {"to":"constiv@icloud.com","result":true,"message_length":14307,"last_error":null}
[2025-07-18 16:56:39] [v3.1.0] Database table initialized successfully
[2025-07-18 16:56:39] [v3.1.0] === NEW REQUEST === | {"method":"POST","ip":"46.37.123.153","user_agent":"Mozilla\/5.0 (Macintosh; Intel Mac OS X 10_15_7) AppleWebKit\/537.36 (KHTML, like Gecko) Chrome\/138.0.0.0 Safari\/537.36"}
[2025-07-18 16:56:39] [v3.1.0] Input data received | {"raw":"{\"form_type\":\"newsletter\",\"email\":\"kon4994@ya.ru\",\"timestamp\":1752846999001,\"sessid\":\"3d9c0e725ca895948259a9e5fc41519a\"}","parsed":{"form_type":"newsletter","email":"kon4994@ya.ru","timestamp":1752846999001,"sessid":"3d9c0e725ca895948259a9e5fc41519a"}}
[2025-07-18 16:56:39] [v3.1.0] Processing newsletter subscription | {"email":"kon4994@ya.ru","timestamp":"2025-07-18 16:56:39"}
[2025-07-18 16:56:39] [v3.1.0] Subscription saved to database | {"email":"kon4994@ya.ru","ip":"46.37.123.153","result":"success"}
[2025-07-18 16:56:39] [v3.1.0] Subscription saved to file | {"email":"kon4994@ya.ru"}
[2025-07-18 16:56:39] [v3.1.0] Sending HTML email | {"to":"a0123e@ya.ru","subject":"🔔 Новая подписка на рассылку EDS","type":"admin","html_length":7909}
[2025-07-18 16:56:39] [v3.1.0] HTML email send result | {"to":"a0123e@ya.ru","result":true,"message_length":8875,"last_error":null}
[2025-07-18 16:56:39] [v3.1.0] Sending HTML email | {"to":"ae001t@gmail.com","subject":"🔔 Новая подписка на рассылку EDS","type":"admin","html_length":7909}
[2025-07-18 16:56:39] [v3.1.0] HTML email send result | {"to":"ae001t@gmail.com","result":true,"message_length":8875,"last_error":null}
[2025-07-18 16:56:39] [v3.1.0] Sending HTML email | {"to":"kon4994@ya.ru","subject":"🎉 Добро пожаловать в рассылку EDS!","type":"welcome","html_length":13178}
[2025-07-18 16:56:39] [v3.1.0] HTML email send result | {"to":"kon4994@ya.ru","result":true,"message_length":14307,"last_error":null}
[2025-07-18 22:28:34] [v3.1.0] Database table initialized successfully
[2025-07-18 22:28:34] [v3.1.0] === NEW REQUEST === | {"method":"POST","ip":"46.37.123.153","user_agent":"Mozilla\/5.0 (Macintosh; Intel Mac OS X 10_15_7) AppleWebKit\/537.36 (KHTML, like Gecko) Chrome\/138.0.0.0 Safari\/537.36"}
[2025-07-18 22:28:34] [v3.1.0] Input data received | {"raw":"{\"form_type\":\"newsletter\",\"email\":\"kon4994@ya.ru\",\"timestamp\":1752866914553,\"source\":\"footer\",\"user_agent\":\"Mozilla\/5.0 (Windows NT 10.0; Win64; x64) AppleWebKit\/537.36 (KHTML, like Gecko) Chrome\/131.0.0.0 Safari\/537.36\",\"referrer\":\"direct\",\"sessid\":\"d266b92db38e28e17ada9ab190b3a7d0\",\"form_token\":\"e4d7589acfe97ce19c1eb1a4e732ba42\"}","parsed":{"form_type":"newsletter","email":"kon4994@ya.ru","timestamp":1752866914553,"source":"footer","user_agent":"Mozilla\/5.0 (Windows NT 10.0; Win64; x64) AppleWebKit\/537.36 (KHTML, like Gecko) Chrome\/131.0.0.0 Safari\/537.36","referrer":"direct","sessid":"d266b92db38e28e17ada9ab190b3a7d0","form_token":"e4d7589acfe97ce19c1eb1a4e732ba42"}}
[2025-07-18 22:28:34] [v3.1.0] Processing newsletter subscription | {"email":"kon4994@ya.ru","timestamp":"2025-07-18 22:28:34"}
[2025-07-18 22:28:34] [v3.1.0] Subscription saved to database | {"email":"kon4994@ya.ru","ip":"46.37.123.153","result":"success"}
[2025-07-18 22:28:34] [v3.1.0] Subscription saved to file | {"email":"kon4994@ya.ru"}
[2025-07-18 22:28:34] [v3.1.0] Sending HTML email | {"to":"a0123e@ya.ru","subject":"🔔 Новая подписка на рассылку EDS","type":"admin","html_length":7909}
[2025-07-18 22:28:34] [v3.1.0] HTML email send result | {"to":"a0123e@ya.ru","result":true,"message_length":8875,"last_error":null}
[2025-07-18 22:28:34] [v3.1.0] Sending HTML email | {"to":"ae001t@gmail.com","subject":"🔔 Новая подписка на рассылку EDS","type":"admin","html_length":7909}
[2025-07-18 22:28:34] [v3.1.0] HTML email send result | {"to":"ae001t@gmail.com","result":true,"message_length":8875,"last_error":null}
[2025-07-18 22:28:34] [v3.1.0] Sending HTML email | {"to":"kon4994@ya.ru","subject":"🎉 Добро пожаловать в рассылку EDS!","type":"welcome","html_length":13178}
[2025-07-18 22:28:34] [v3.1.0] HTML email send result | {"to":"kon4994@ya.ru","result":true,"message_length":14307,"last_error":null}
[2025-07-18 22:33:34] [v3.1.0] Database table initialized successfully
[2025-07-18 22:33:34] [v3.1.0] === NEW REQUEST === | {"method":"POST","ip":"46.37.123.153","user_agent":"Mozilla\/5.0 (Macintosh; Intel Mac OS X 10_15_7) AppleWebKit\/537.36 (KHTML, like Gecko) Chrome\/138.0.0.0 Safari\/537.36"}
[2025-07-18 22:33:34] [v3.1.0] Input data received | {"raw":"{\"form_type\":\"newsletter\",\"email\":\"kon4994@ya.ru\",\"timestamp\":1752867213765,\"source\":\"footer\",\"user_agent\":\"Mozilla\/5.0 (Windows NT 10.0; Win64; x64) AppleWebKit\/537.36 (KHTML, like Gecko) Chrome\/131.0.0.0 Safari\/537.36\",\"referrer\":\"direct\",\"sessid\":\"d266b92db38e28e17ada9ab190b3a7d0\",\"form_token\":\"e4d7589acfe97ce19c1eb1a4e732ba42\"}","parsed":{"form_type":"newsletter","email":"kon4994@ya.ru","timestamp":1752867213765,"source":"footer","user_agent":"Mozilla\/5.0 (Windows NT 10.0; Win64; x64) AppleWebKit\/537.36 (KHTML, like Gecko) Chrome\/131.0.0.0 Safari\/537.36","referrer":"direct","sessid":"d266b92db38e28e17ada9ab190b3a7d0","form_token":"e4d7589acfe97ce19c1eb1a4e732ba42"}}
[2025-07-18 22:33:34] [v3.1.0] Processing newsletter subscription | {"email":"kon4994@ya.ru","timestamp":"2025-07-18 22:33:34"}
[2025-07-18 22:33:34] [v3.1.0] Subscription saved to database | {"email":"kon4994@ya.ru","ip":"46.37.123.153","result":"success"}
[2025-07-18 22:33:34] [v3.1.0] Subscription saved to file | {"email":"kon4994@ya.ru"}
[2025-07-18 22:33:34] [v3.1.0] Sending HTML email | {"to":"a0123e@ya.ru","subject":"🔔 Новая подписка на рассылку EDS","type":"admin","html_length":7909}
[2025-07-18 22:33:34] [v3.1.0] HTML email send result | {"to":"a0123e@ya.ru","result":true,"message_length":8875,"last_error":null}
[2025-07-18 22:33:34] [v3.1.0] Sending HTML email | {"to":"ae001t@gmail.com","subject":"🔔 Новая подписка на рассылку EDS","type":"admin","html_length":7909}
[2025-07-18 22:33:34] [v3.1.0] HTML email send result | {"to":"ae001t@gmail.com","result":true,"message_length":8875,"last_error":null}
[2025-07-18 22:33:34] [v3.1.0] Sending HTML email | {"to":"kon4994@ya.ru","subject":"🎉 Добро пожаловать в рассылку EDS!","type":"welcome","html_length":13178}
[2025-07-18 22:33:34] [v3.1.0] HTML email send result | {"to":"kon4994@ya.ru","result":true,"message_length":14307,"last_error":null}
[2025-07-18 22:45:01] [v3.1.0] Database table initialized successfully
[2025-07-18 22:45:01] [v3.1.0] === NEW REQUEST === | {"method":"POST","ip":"46.37.123.153","user_agent":"Mozilla\/5.0 (Macintosh; Intel Mac OS X 10_15_7) AppleWebKit\/537.36 (KHTML, like Gecko) Chrome\/138.0.0.0 Safari\/537.36"}
[2025-07-18 22:45:01] [v3.1.0] Input data received | {"raw":"{\"form_type\":\"newsletter\",\"email\":\"kon4994@ya.ru\",\"timestamp\":1752867897497,\"source\":\"footer\",\"user_agent\":\"Mozilla\/5.0 (Windows NT 10.0; Win64; x64) AppleWebKit\/537.36 (KHTML, like Gecko) Chrome\/131.0.0.0 Safari\/537.36\",\"referrer\":\"direct\",\"sessid\":\"d266b92db38e28e17ada9ab190b3a7d0\",\"form_token\":\"a64fd034e388d93840942fa49734973b\"}","parsed":{"form_type":"newsletter","email":"kon4994@ya.ru","timestamp":1752867897497,"source":"footer","user_agent":"Mozilla\/5.0 (Windows NT 10.0; Win64; x64) AppleWebKit\/537.36 (KHTML, like Gecko) Chrome\/131.0.0.0 Safari\/537.36","referrer":"direct","sessid":"d266b92db38e28e17ada9ab190b3a7d0","form_token":"a64fd034e388d93840942fa49734973b"}}
[2025-07-18 22:45:01] [v3.1.0] Processing newsletter subscription | {"email":"kon4994@ya.ru","timestamp":"2025-07-18 22:45:01"}
[2025-07-18 22:45:01] [v3.1.0] Subscription saved to database | {"email":"kon4994@ya.ru","ip":"46.37.123.153","result":"success"}
[2025-07-18 22:45:01] [v3.1.0] Subscription saved to file | {"email":"kon4994@ya.ru"}
[2025-07-18 22:45:01] [v3.1.0] Sending HTML email | {"to":"a0123e@ya.ru","subject":"🔔 Новая подписка на рассылку EDS","type":"admin","html_length":7909}
[2025-07-18 22:45:01] [v3.1.0] HTML email send result | {"to":"a0123e@ya.ru","result":true,"message_length":8875,"last_error":null}
[2025-07-18 22:45:01] [v3.1.0] Sending HTML email | {"to":"ae001t@gmail.com","subject":"🔔 Новая подписка на рассылку EDS","type":"admin","html_length":7909}
[2025-07-18 22:45:01] [v3.1.0] HTML email send result | {"to":"ae001t@gmail.com","result":true,"message_length":8875,"last_error":null}
[2025-07-18 22:45:01] [v3.1.0] Sending HTML email | {"to":"kon4994@ya.ru","subject":"🎉 Добро пожаловать в рассылку EDS!","type":"welcome","html_length":13178}
[2025-07-18 22:45:01] [v3.1.0] HTML email send result | {"to":"kon4994@ya.ru","result":true,"message_length":14307,"last_error":null}
[2025-07-18 22:51:06] [v3.1.0] Database table initialized successfully
[2025-07-18 22:51:06] [v3.1.0] === NEW REQUEST === | {"method":"POST","ip":"46.37.123.153","user_agent":"Mozilla\/5.0 (Macintosh; Intel Mac OS X 10_15_7) AppleWebKit\/537.36 (KHTML, like Gecko) Chrome\/138.0.0.0 Safari\/537.36"}
[2025-07-18 22:51:06] [v3.1.0] Input data received | {"raw":"{\"form_type\":\"newsletter\",\"email\":\"constiv@icloud.com\",\"timestamp\":1752868265960,\"source\":\"footer\",\"user_agent\":\"Mozilla\/5.0 (Windows NT 10.0; Win64; x64) AppleWebKit\/537.36 (KHTML, like Gecko) Chrome\/131.0.0.0 Safari\/537.36\",\"referrer\":\"direct\",\"sessid\":\"d266b92db38e28e17ada9ab190b3a7d0\",\"form_token\":\"c9c134135e6d74982399740ff9fcb45d\"}","parsed":{"form_type":"newsletter","email":"constiv@icloud.com","timestamp":1752868265960,"source":"footer","user_agent":"Mozilla\/5.0 (Windows NT 10.0; Win64; x64) AppleWebKit\/537.36 (KHTML, like Gecko) Chrome\/131.0.0.0 Safari\/537.36","referrer":"direct","sessid":"d266b92db38e28e17ada9ab190b3a7d0","form_token":"c9c134135e6d74982399740ff9fcb45d"}}
[2025-07-18 22:51:06] [v3.1.0] Processing newsletter subscription | {"email":"constiv@icloud.com","timestamp":"2025-07-18 22:51:06"}
[2025-07-18 22:51:06] [v3.1.0] Subscription saved to database | {"email":"constiv@icloud.com","ip":"46.37.123.153","result":"success"}
[2025-07-18 22:51:06] [v3.1.0] Subscription saved to file | {"email":"constiv@icloud.com"}
[2025-07-18 22:51:06] [v3.1.0] Sending HTML email | {"to":"a0123e@ya.ru","subject":"🔔 Новая подписка на рассылку EDS","type":"admin","html_length":7914}
[2025-07-18 22:51:06] [v3.1.0] HTML email send result | {"to":"a0123e@ya.ru","result":true,"message_length":8885,"last_error":null}
[2025-07-18 22:51:06] [v3.1.0] Sending HTML email | {"to":"ae001t@gmail.com","subject":"🔔 Новая подписка на рассылку EDS","type":"admin","html_length":7914}
[2025-07-18 22:51:06] [v3.1.0] HTML email send result | {"to":"ae001t@gmail.com","result":true,"message_length":8885,"last_error":null}
[2025-07-18 22:51:06] [v3.1.0] Sending HTML email | {"to":"constiv@icloud.com","subject":"🎉 Добро пожаловать в рассылку EDS!","type":"welcome","html_length":13178}
[2025-07-18 22:51:06] [v3.1.0] HTML email send result | {"to":"constiv@icloud.com","result":true,"message_length":14307,"last_error":null}
[2025-07-18 23:44:41] [v3.1.0] Database table initialized successfully
[2025-07-18 23:44:41] [v3.1.0] === NEW REQUEST === | {"method":"POST","ip":"46.37.123.153","user_agent":"Mozilla\/5.0 (Linux; Android 6.0; Nexus 5 Build\/MRA58N) AppleWebKit\/537.36 (KHTML, like Gecko) Chrome\/138.0.0.0 Mobile Safari\/537.36"}
[2025-07-18 23:44:41] [v3.1.0] Input data received | {"raw":"{\"form_type\":\"newsletter\",\"email\":\"kon4994@ya.ru\",\"timestamp\":1752871481484,\"source\":\"footer\",\"user_agent\":\"Mozilla\/5.0 (Windows NT 10.0; Win64; x64) AppleWebKit\/537.36 (KHTML, like Gecko) Chrome\/131.0.0.0 Safari\/537.36\",\"referrer\":\"direct\",\"sessid\":\"d266b92db38e28e17ada9ab190b3a7d0\",\"form_token\":\"54c9e2b5cf4132291789a4d4a523be36\"}","parsed":{"form_type":"newsletter","email":"kon4994@ya.ru","timestamp":1752871481484,"source":"footer","user_agent":"Mozilla\/5.0 (Windows NT 10.0; Win64; x64) AppleWebKit\/537.36 (KHTML, like Gecko) Chrome\/131.0.0.0 Safari\/537.36","referrer":"direct","sessid":"d266b92db38e28e17ada9ab190b3a7d0","form_token":"54c9e2b5cf4132291789a4d4a523be36"}}
[2025-07-18 23:44:41] [v3.1.0] Processing newsletter subscription | {"email":"kon4994@ya.ru","timestamp":"2025-07-18 23:44:41"}
[2025-07-18 23:44:41] [v3.1.0] Subscription saved to database | {"email":"kon4994@ya.ru","ip":"46.37.123.153","result":"success"}
[2025-07-18 23:44:41] [v3.1.0] Subscription saved to file | {"email":"kon4994@ya.ru"}
[2025-07-18 23:44:41] [v3.1.0] Sending HTML email | {"to":"a0123e@ya.ru","subject":"🔔 Новая подписка на рассылку EDS","type":"admin","html_length":7909}
[2025-07-18 23:44:41] [v3.1.0] HTML email send result | {"to":"a0123e@ya.ru","result":true,"message_length":8889,"last_error":null}
[2025-07-18 23:44:41] [v3.1.0] Sending HTML email | {"to":"ae001t@gmail.com","subject":"🔔 Новая подписка на рассылку EDS","type":"admin","html_length":7909}
[2025-07-18 23:44:41] [v3.1.0] HTML email send result | {"to":"ae001t@gmail.com","result":true,"message_length":8889,"last_error":null}
[2025-07-18 23:44:41] [v3.1.0] Sending HTML email | {"to":"kon4994@ya.ru","subject":"🎉 Добро пожаловать в рассылку EDS!","type":"welcome","html_length":13178}
[2025-07-18 23:44:41] [v3.1.0] HTML email send result | {"to":"kon4994@ya.ru","result":true,"message_length":14307,"last_error":null}
[2025-07-19 00:14:20] [v3.1.0] Database table initialized successfully
[2025-07-19 00:14:20] [v3.1.0] === NEW REQUEST === | {"method":"POST","ip":"46.37.123.153","user_agent":"Mozilla\/5.0 (Linux; Android 6.0; Nexus 5 Build\/MRA58N) AppleWebKit\/537.36 (KHTML, like Gecko) Chrome\/138.0.0.0 Mobile Safari\/537.36"}
[2025-07-19 00:14:20] [v3.1.0] Input data received | {"raw":"{\"form_type\":\"newsletter\",\"email\":\"kon4994@ya.ru\",\"timestamp\":1752873260666,\"source\":\"footer_tablet\",\"user_agent\":\"Mozilla\/5.0 (Windows NT 10.0; Win64; x64) AppleWebKit\/537.36 (KHTML, like Gecko) Chrome\/131.0.0.0 Safari\/537.36\",\"referrer\":\"direct\",\"sessid\":\"d266b92db38e28e17ada9ab190b3a7d0\",\"form_token\":\"9acea6d3c6d374d3d50ec4230637a3e0\"}","parsed":{"form_type":"newsletter","email":"kon4994@ya.ru","timestamp":1752873260666,"source":"footer_tablet","user_agent":"Mozilla\/5.0 (Windows NT 10.0; Win64; x64) AppleWebKit\/537.36 (KHTML, like Gecko) Chrome\/131.0.0.0 Safari\/537.36","referrer":"direct","sessid":"d266b92db38e28e17ada9ab190b3a7d0","form_token":"9acea6d3c6d374d3d50ec4230637a3e0"}}
[2025-07-19 00:14:20] [v3.1.0] Processing newsletter subscription | {"email":"kon4994@ya.ru","timestamp":"2025-07-19 00:14:20"}
[2025-07-19 00:14:20] [v3.1.0] Subscription saved to database | {"email":"kon4994@ya.ru","ip":"46.37.123.153","result":"success"}
[2025-07-19 00:14:20] [v3.1.0] Subscription saved to file | {"email":"kon4994@ya.ru"}
[2025-07-19 00:14:20] [v3.1.0] Sending HTML email | {"to":"a0123e@ya.ru","subject":"🔔 Новая подписка на рассылку EDS","type":"admin","html_length":7909}
[2025-07-19 00:14:20] [v3.1.0] HTML email send result | {"to":"a0123e@ya.ru","result":true,"message_length":8889,"last_error":null}
[2025-07-19 00:14:20] [v3.1.0] Sending HTML email | {"to":"ae001t@gmail.com","subject":"🔔 Новая подписка на рассылку EDS","type":"admin","html_length":7909}
[2025-07-19 00:14:20] [v3.1.0] HTML email send result | {"to":"ae001t@gmail.com","result":true,"message_length":8889,"last_error":null}
[2025-07-19 00:14:20] [v3.1.0] Sending HTML email | {"to":"kon4994@ya.ru","subject":"🎉 Добро пожаловать в рассылку EDS!","type":"welcome","html_length":13178}
[2025-07-19 00:14:20] [v3.1.0] HTML email send result | {"to":"kon4994@ya.ru","result":true,"message_length":14307,"last_error":null}
[2025-07-19 02:02:48] [v3.1.0] Database table initialized successfully
[2025-07-19 02:02:48] [v3.1.0] === NEW REQUEST === | {"method":"POST","ip":"46.37.123.153","user_agent":"Mozilla\/5.0 (Macintosh; Intel Mac OS X 10_15_7) AppleWebKit\/537.36 (KHTML, like Gecko) Chrome\/138.0.0.0 Safari\/537.36"}
[2025-07-19 02:02:48] [v3.1.0] Input data received | {"raw":"{\"form_type\":\"newsletter\",\"email\":\"kon4994@ya.ru\",\"timestamp\":1752879768319,\"source\":\"footer_desktop\",\"user_agent\":\"Mozilla\/5.0 (Windows NT 10.0; Win64; x64) AppleWebKit\/537.36 (KHTML, like Gecko) Chrome\/131.0.0.0 Safari\/537.36 Edg\/131.0.0.0\",\"referrer\":\"direct\",\"sessid\":\"d266b92db38e28e17ada9ab190b3a7d0\",\"form_token\":\"b12f5404c95db53a689f5b4ba7c2f89a\"}","parsed":{"form_type":"newsletter","email":"kon4994@ya.ru","timestamp":1752879768319,"source":"footer_desktop","user_agent":"Mozilla\/5.0 (Windows NT 10.0; Win64; x64) AppleWebKit\/537.36 (KHTML, like Gecko) Chrome\/131.0.0.0 Safari\/537.36 Edg\/131.0.0.0","referrer":"direct","sessid":"d266b92db38e28e17ada9ab190b3a7d0","form_token":"b12f5404c95db53a689f5b4ba7c2f89a"}}
[2025-07-19 02:02:48] [v3.1.0] Processing newsletter subscription | {"email":"kon4994@ya.ru","timestamp":"2025-07-19 02:02:48"}
[2025-07-19 02:02:48] [v3.1.0] Subscription saved to database | {"email":"kon4994@ya.ru","ip":"46.37.123.153","result":"success"}
[2025-07-19 02:02:48] [v3.1.0] Subscription saved to file | {"email":"kon4994@ya.ru"}
[2025-07-19 02:02:48] [v3.1.0] Sending HTML email | {"to":"a0123e@ya.ru","subject":"🔔 Новая подписка на рассылку EDS","type":"admin","html_length":7885}
[2025-07-19 02:02:48] [v3.1.0] HTML email send result | {"to":"a0123e@ya.ru","result":true,"message_length":8827,"last_error":null}
[2025-07-19 02:02:48] [v3.1.0] Sending HTML email | {"to":"ae001t@gmail.com","subject":"🔔 Новая подписка на рассылку EDS","type":"admin","html_length":7885}
[2025-07-19 02:02:48] [v3.1.0] HTML email send result | {"to":"ae001t@gmail.com","result":true,"message_length":8827,"last_error":null}
[2025-07-19 02:02:48] [v3.1.0] Sending HTML email | {"to":"kon4994@ya.ru","subject":"🎉 Добро пожаловать в рассылку EDS!","type":"welcome","html_length":13178}
[2025-07-19 02:02:48] [v3.1.0] HTML email send result | {"to":"kon4994@ya.ru","result":true,"message_length":14307,"last_error":null}
[2025-07-19 02:05:27] [v3.1.0] Database table initialized successfully
[2025-07-19 02:05:27] [v3.1.0] === NEW REQUEST === | {"method":"POST","ip":"46.37.123.153","user_agent":"Mozilla\/5.0 (Macintosh; Intel Mac OS X 10_15_7) AppleWebKit\/537.36 (KHTML, like Gecko) Chrome\/138.0.0.0 Safari\/537.36"}
[2025-07-19 02:05:27] [v3.1.0] Input data received | {"raw":"{\"form_type\":\"newsletter\",\"email\":\"kon4994@ya.ru\",\"timestamp\":1752879927269,\"source\":\"footer_desktop\",\"user_agent\":\"Mozilla\/5.0 (Windows NT 10.0; Win64; x64) AppleWebKit\/537.36 (KHTML, like Gecko) Chrome\/131.0.0.0 Safari\/537.36 Edg\/131.0.0.0\",\"referrer\":\"direct\",\"sessid\":\"d266b92db38e28e17ada9ab190b3a7d0\",\"form_token\":\"3c400f7ccdfa0bbc27f290da2ac73e62\"}","parsed":{"form_type":"newsletter","email":"kon4994@ya.ru","timestamp":1752879927269,"source":"footer_desktop","user_agent":"Mozilla\/5.0 (Windows NT 10.0; Win64; x64) AppleWebKit\/537.36 (KHTML, like Gecko) Chrome\/131.0.0.0 Safari\/537.36 Edg\/131.0.0.0","referrer":"direct","sessid":"d266b92db38e28e17ada9ab190b3a7d0","form_token":"3c400f7ccdfa0bbc27f290da2ac73e62"}}
[2025-07-19 02:05:27] [v3.1.0] Processing newsletter subscription | {"email":"kon4994@ya.ru","timestamp":"2025-07-19 02:05:27"}
[2025-07-19 02:05:27] [v3.1.0] Subscription saved to database | {"email":"kon4994@ya.ru","ip":"46.37.123.153","result":"success"}
[2025-07-19 02:05:27] [v3.1.0] Subscription saved to file | {"email":"kon4994@ya.ru"}
[2025-07-19 02:05:27] [v3.1.0] Sending HTML email | {"to":"a0123e@ya.ru","subject":"🔔 Новая подписка на рассылку EDS","type":"admin","html_length":7885}
[2025-07-19 02:05:27] [v3.1.0] HTML email send result | {"to":"a0123e@ya.ru","result":true,"message_length":8827,"last_error":null}
[2025-07-19 02:05:27] [v3.1.0] Sending HTML email | {"to":"ae001t@gmail.com","subject":"🔔 Новая подписка на рассылку EDS","type":"admin","html_length":7885}
[2025-07-19 02:05:27] [v3.1.0] HTML email send result | {"to":"ae001t@gmail.com","result":true,"message_length":8827,"last_error":null}
[2025-07-19 02:05:27] [v3.1.0] Sending HTML email | {"to":"kon4994@ya.ru","subject":"🎉 Добро пожаловать в рассылку EDS!","type":"welcome","html_length":13178}
[2025-07-19 02:05:27] [v3.1.0] HTML email send result | {"to":"kon4994@ya.ru","result":true,"message_length":14307,"last_error":null}
[2025-07-19 02:07:48] [v3.1.0] Database table initialized successfully
[2025-07-19 02:07:48] [v3.1.0] === NEW REQUEST === | {"method":"POST","ip":"46.37.123.153","user_agent":"Mozilla\/5.0 (Macintosh; Intel Mac OS X 10_15_7) AppleWebKit\/537.36 (KHTML, like Gecko) Chrome\/138.0.0.0 Safari\/537.36"}
[2025-07-19 02:07:48] [v3.1.0] Input data received | {"raw":"{\"form_type\":\"newsletter\",\"email\":\"a0123e@ya.ru\",\"timestamp\":1752880067929,\"source\":\"footer_desktop\",\"user_agent\":\"Mozilla\/5.0 (Windows NT 10.0; Win64; x64) AppleWebKit\/537.36 (KHTML, like Gecko) Chrome\/131.0.0.0 Safari\/537.36 Edg\/131.0.0.0\",\"referrer\":\"direct\",\"sessid\":\"d266b92db38e28e17ada9ab190b3a7d0\",\"form_token\":\"fe3b1a23370af13d871299025b9fab31\"}","parsed":{"form_type":"newsletter","email":"a0123e@ya.ru","timestamp":1752880067929,"source":"footer_desktop","user_agent":"Mozilla\/5.0 (Windows NT 10.0; Win64; x64) AppleWebKit\/537.36 (KHTML, like Gecko) Chrome\/131.0.0.0 Safari\/537.36 Edg\/131.0.0.0","referrer":"direct","sessid":"d266b92db38e28e17ada9ab190b3a7d0","form_token":"fe3b1a23370af13d871299025b9fab31"}}
[2025-07-19 02:07:48] [v3.1.0] Processing newsletter subscription | {"email":"a0123e@ya.ru","timestamp":"2025-07-19 02:07:48"}
[2025-07-19 02:07:48] [v3.1.0] Subscription saved to database | {"email":"a0123e@ya.ru","ip":"46.37.123.153","result":"success"}
[2025-07-19 02:07:48] [v3.1.0] Subscription saved to file | {"email":"a0123e@ya.ru"}
[2025-07-19 02:07:48] [v3.1.0] Sending HTML email | {"to":"a0123e@ya.ru","subject":"🔔 Новая подписка на рассылку EDS","type":"admin","html_length":7884}
[2025-07-19 02:07:48] [v3.1.0] HTML email send result | {"to":"a0123e@ya.ru","result":true,"message_length":8825,"last_error":null}
[2025-07-19 02:07:48] [v3.1.0] Sending HTML email | {"to":"ae001t@gmail.com","subject":"🔔 Новая подписка на рассылку EDS","type":"admin","html_length":7884}
[2025-07-19 02:07:48] [v3.1.0] HTML email send result | {"to":"ae001t@gmail.com","result":true,"message_length":8825,"last_error":null}
[2025-07-19 02:07:48] [v3.1.0] Sending HTML email | {"to":"a0123e@ya.ru","subject":"🎉 Добро пожаловать в рассылку EDS!","type":"welcome","html_length":13178}
[2025-07-19 02:07:48] [v3.1.0] HTML email send result | {"to":"a0123e@ya.ru","result":true,"message_length":14307,"last_error":null}
[2025-07-19 02:08:59] [v3.1.0] Database table initialized successfully
[2025-07-19 02:08:59] [v3.1.0] === NEW REQUEST === | {"method":"POST","ip":"46.37.123.153","user_agent":"Mozilla\/5.0 (Macintosh; Intel Mac OS X 10_15_7) AppleWebKit\/537.36 (KHTML, like Gecko) Chrome\/138.0.0.0 Safari\/537.36"}
[2025-07-19 02:08:59] [v3.1.0] Input data received | {"raw":"{\"form_type\":\"newsletter\",\"email\":\"kon4994@ya.ru\",\"timestamp\":1752880139094,\"source\":\"footer_desktop\",\"user_agent\":\"Mozilla\/5.0 (Windows NT 10.0; Win64; x64) AppleWebKit\/537.36 (KHTML, like Gecko) Chrome\/131.0.0.0 Safari\/537.36 Edg\/131.0.0.0\",\"referrer\":\"direct\",\"sessid\":\"d266b92db38e28e17ada9ab190b3a7d0\",\"form_token\":\"22bc4c30e4def006b7fbb59b31965b06\"}","parsed":{"form_type":"newsletter","email":"kon4994@ya.ru","timestamp":1752880139094,"source":"footer_desktop","user_agent":"Mozilla\/5.0 (Windows NT 10.0; Win64; x64) AppleWebKit\/537.36 (KHTML, like Gecko) Chrome\/131.0.0.0 Safari\/537.36 Edg\/131.0.0.0","referrer":"direct","sessid":"d266b92db38e28e17ada9ab190b3a7d0","form_token":"22bc4c30e4def006b7fbb59b31965b06"}}
[2025-07-19 02:08:59] [v3.1.0] Processing newsletter subscription | {"email":"kon4994@ya.ru","timestamp":"2025-07-19 02:08:59"}
[2025-07-19 02:08:59] [v3.1.0] Subscription saved to database | {"email":"kon4994@ya.ru","ip":"46.37.123.153","result":"success"}
[2025-07-19 02:08:59] [v3.1.0] Subscription saved to file | {"email":"kon4994@ya.ru"}
[2025-07-19 02:08:59] [v3.1.0] Sending HTML email | {"to":"a0123e@ya.ru","subject":"🔔 Новая подписка на рассылку EDS","type":"admin","html_length":7885}
[2025-07-19 02:08:59] [v3.1.0] HTML email send result | {"to":"a0123e@ya.ru","result":true,"message_length":8827,"last_error":null}
[2025-07-19 02:08:59] [v3.1.0] Sending HTML email | {"to":"ae001t@gmail.com","subject":"🔔 Новая подписка на рассылку EDS","type":"admin","html_length":7885}
[2025-07-19 02:08:59] [v3.1.0] HTML email send result | {"to":"ae001t@gmail.com","result":true,"message_length":8827,"last_error":null}
[2025-07-19 02:08:59] [v3.1.0] Sending HTML email | {"to":"kon4994@ya.ru","subject":"🎉 Добро пожаловать в рассылку EDS!","type":"welcome","html_length":13178}
[2025-07-19 02:08:59] [v3.1.0] HTML email send result | {"to":"kon4994@ya.ru","result":true,"message_length":14307,"last_error":null}
[2025-07-21 02:14:30] [v3.1.0] Database table initialized successfully
[2025-07-21 02:14:30] [v3.1.0] === NEW REQUEST === | {"method":"POST","ip":"46.37.123.153","user_agent":"Mozilla\/5.0 (Linux; Android 10; K) AppleWebKit\/537.36 (KHTML, like Gecko) Chrome\/138.0.0.0 Mobile Safari\/537.36"}
[2025-07-21 02:14:30] [v3.1.0] Input data received | {"raw":"{\"form_type\":\"newsletter\",\"email\":\"kon4994@ya.ru\",\"timestamp\":1753053271456,\"source\":\"footer_desktop\",\"user_agent\":\"Mozilla\/5.0 (Linux; Android 10; K) AppleWebKit\/537.36 (KHTML, like Gecko) Chrome\/138.0.0.0 Mobile Safari\/537.36\",\"referrer\":\"https:\/\/btx.edsy.ru\/\",\"sessid\":\"fe7fd7e93258f93a827c14d9d98a10fe\",\"form_token\":\"5659cdf804d8684c0a72e4bd845517d4\"}","parsed":{"form_type":"newsletter","email":"kon4994@ya.ru","timestamp":1753053271456,"source":"footer_desktop","user_agent":"Mozilla\/5.0 (Linux; Android 10; K) AppleWebKit\/537.36 (KHTML, like Gecko) Chrome\/138.0.0.0 Mobile Safari\/537.36","referrer":"https:\/\/btx.edsy.ru\/","sessid":"fe7fd7e93258f93a827c14d9d98a10fe","form_token":"5659cdf804d8684c0a72e4bd845517d4"}}
[2025-07-21 02:14:30] [v3.1.0] Processing newsletter subscription | {"email":"kon4994@ya.ru","timestamp":"2025-07-21 02:14:30"}
[2025-07-21 02:14:30] [v3.1.0] Subscription saved to database | {"email":"kon4994@ya.ru","ip":"46.37.123.153","result":"success"}
[2025-07-21 02:14:30] [v3.1.0] Subscription saved to file | {"email":"kon4994@ya.ru"}
[2025-07-21 02:14:30] [v3.1.0] Sending HTML email | {"to":"a0123e@ya.ru","subject":"🔔 Новая подписка на рассылку EDS","type":"admin","html_length":7894}
[2025-07-21 02:14:30] [v3.1.0] HTML email send result | {"to":"a0123e@ya.ru","result":true,"message_length":8839,"last_error":null}
[2025-07-21 02:14:30] [v3.1.0] Sending HTML email | {"to":"ae001t@gmail.com","subject":"🔔 Новая подписка на рассылку EDS","type":"admin","html_length":7894}
[2025-07-21 02:14:30] [v3.1.0] HTML email send result | {"to":"ae001t@gmail.com","result":true,"message_length":8839,"last_error":null}
[2025-07-21 02:14:30] [v3.1.0] Sending HTML email | {"to":"kon4994@ya.ru","subject":"🎉 Добро пожаловать в рассылку EDS!","type":"welcome","html_length":13178}
[2025-07-21 02:14:30] [v3.1.0] HTML email send result | {"to":"kon4994@ya.ru","result":true,"message_length":14307,"last_error":null}
[2025-10-15 23:52:46] [v3.1.0] Database table initialized successfully
[2025-10-15 23:52:46] [v3.1.0] === NEW REQUEST === | {"method":"POST","ip":"46.37.123.153","user_agent":"Mozilla\/5.0 (Macintosh; Intel Mac OS X 10_15_7) AppleWebKit\/537.36 (KHTML, like Gecko) Chrome\/141.0.0.0 Safari\/537.36"}
[2025-10-15 23:52:46] [v3.1.0] Input data received | {"raw":"{\"form_type\":\"newsletter\",\"email\":\"kon4994@ya.ru\",\"timestamp\":1760561566220,\"source\":\"footer_desktop\",\"user_agent\":\"Mozilla\/5.0 (Macintosh; Intel Mac OS X 10_15_7) AppleWebKit\/537.36 (KHTML, like Gecko) Chrome\/141.0.0.0 Safari\/537.36\",\"referrer\":\"https:\/\/btx.edsy.ru\/auth\/\",\"sessid\":\"538700f5f4dae163b560e561ceaa7243\",\"form_token\":\"2dfb90e3cdf0ce2cfb1c51801ed7fa93\"}","parsed":{"form_type":"newsletter","email":"kon4994@ya.ru","timestamp":1760561566220,"source":"footer_desktop","user_agent":"Mozilla\/5.0 (Macintosh; Intel Mac OS X 10_15_7) AppleWebKit\/537.36 (KHTML, like Gecko) Chrome\/141.0.0.0 Safari\/537.36","referrer":"https:\/\/btx.edsy.ru\/auth\/","sessid":"538700f5f4dae163b560e561ceaa7243","form_token":"2dfb90e3cdf0ce2cfb1c51801ed7fa93"}}
[2025-10-15 23:52:46] [v3.1.0] Processing newsletter subscription | {"email":"kon4994@ya.ru","timestamp":"2025-10-15 23:52:46"}
[2025-10-15 23:52:46] [v3.1.0] Subscription saved to database | {"email":"kon4994@ya.ru","ip":"46.37.123.153","result":"success"}
[2025-10-15 23:52:46] [v3.1.0] Subscription saved to file | {"email":"kon4994@ya.ru"}
[2025-10-15 23:52:46] [v3.1.0] Sending HTML email | {"to":"a0123e@ya.ru","subject":"🔔 Новая подписка на рассылку EDS","type":"admin","html_length":7890}
[2025-10-15 23:52:46] [v3.1.0] HTML email send result | {"to":"a0123e@ya.ru","result":true,"message_length":8837,"last_error":null}
[2025-10-15 23:52:46] [v3.1.0] Sending HTML email | {"to":"ae001t@gmail.com","subject":"🔔 Новая подписка на рассылку EDS","type":"admin","html_length":7890}
[2025-10-15 23:52:46] [v3.1.0] HTML email send result | {"to":"ae001t@gmail.com","result":true,"message_length":8837,"last_error":null}
[2025-10-15 23:52:46] [v3.1.0] Sending HTML email | {"to":"kon4994@ya.ru","subject":"🎉 Добро пожаловать в рассылку EDS!","type":"welcome","html_length":13178}
[2025-10-15 23:52:46] [v3.1.0] HTML email send result | {"to":"kon4994@ya.ru","result":true,"message_length":14307,"last_error":null}
[2025-10-18 23:06:14] [v3.1.0] Database table initialized successfully
[2025-10-18 23:06:14] [v3.1.0] === NEW REQUEST === | {"method":"POST","ip":"94.242.142.233","user_agent":"Mozilla\/5.0 (Linux; Android 10; K) AppleWebKit\/537.36 (KHTML, like Gecko) Chrome\/140.0.0.0 Mobile Safari\/537.36"}
[2025-10-18 23:06:14] [v3.1.0] Input data received | {"raw":"{\"form_type\":\"newsletter\",\"email\":\"tyts@jj8k.gg\",\"timestamp\":1760817975080,\"source\":\"footer_desktop\",\"user_agent\":\"Mozilla\/5.0 (Linux; Android 10; K) AppleWebKit\/537.36 (KHTML, like Gecko) Chrome\/140.0.0.0 Mobile Safari\/537.36\",\"referrer\":\"https:\/\/btx.edsy.ru\/product\/dimmer-rekovyj-pb-drc-3-04-10\/\",\"sessid\":\"aec86b2c4ea1110724463fe3c1250c60\",\"form_token\":\"98c4583c9a08e8383a70abe375e84c75\"}","parsed":{"form_type":"newsletter","email":"tyts@jj8k.gg","timestamp":1760817975080,"source":"footer_desktop","user_agent":"Mozilla\/5.0 (Linux; Android 10; K) AppleWebKit\/537.36 (KHTML, like Gecko) Chrome\/140.0.0.0 Mobile Safari\/537.36","referrer":"https:\/\/btx.edsy.ru\/product\/dimmer-rekovyj-pb-drc-3-04-10\/","sessid":"aec86b2c4ea1110724463fe3c1250c60","form_token":"98c4583c9a08e8383a70abe375e84c75"}}
[2025-10-18 23:06:14] [v3.1.0] Processing newsletter subscription | {"email":"tyts@jj8k.gg","timestamp":"2025-10-18 23:06:14"}
[2025-10-18 23:06:14] [v3.1.0] Subscription saved to database | {"email":"tyts@jj8k.gg","ip":"94.242.142.233","result":"success"}
[2025-10-18 23:06:14] [v3.1.0] Subscription saved to file | {"email":"tyts@jj8k.gg"}
[2025-10-18 23:06:14] [v3.1.0] Sending HTML email | {"to":"a0123e@ya.ru","subject":"🔔 Новая подписка на рассылку EDS","type":"admin","html_length":7906}
[2025-10-18 23:06:14] [v3.1.0] HTML email send result | {"to":"a0123e@ya.ru","result":true,"message_length":8863,"last_error":null}
[2025-10-18 23:06:14] [v3.1.0] Sending HTML email | {"to":"ae001t@gmail.com","subject":"🔔 Новая подписка на рассылку EDS","type":"admin","html_length":7906}
[2025-10-18 23:06:14] [v3.1.0] HTML email send result | {"to":"ae001t@gmail.com","result":true,"message_length":8863,"last_error":null}
[2025-10-18 23:06:14] [v3.1.0] Sending HTML email | {"to":"tyts@jj8k.gg","subject":"🎉 Добро пожаловать в рассылку EDS!","type":"welcome","html_length":13178}
[2025-10-18 23:06:14] [v3.1.0] HTML email send result | {"to":"tyts@jj8k.gg","result":true,"message_length":14307,"last_error":null}
[2025-10-23 02:20:56] [v3.1.0] Database table initialized successfully
[2025-10-23 02:20:56] [v3.1.0] === NEW REQUEST === | {"method":"POST","ip":"31.59.58.118","user_agent":"Mozilla\/5.0 (Android 15; Mobile; rv:143.0) Gecko\/143.0 Firefox\/143.0"}
[2025-10-23 02:20:56] [v3.1.0] Input data received | {"raw":"{\"form_type\":\"newsletter\",\"email\":\"ninngrn@gmail.com\",\"timestamp\":1761175256063,\"source\":\"footer_desktop\",\"user_agent\":\"Mozilla\/5.0 (Windows NT 10.0; Win64; x64) AppleWebKit\/537.36 (KHTML, like Gecko) Chrome\/131.0.0.0 Safari\/537.36 Edg\/131.0.0.0\",\"referrer\":\"direct\",\"sessid\":\"8a65902ec6ae1efc60b829b7ed67d70b\",\"form_token\":\"6cc669afb3a8476d0041b6409ee8fe80\"}","parsed":{"form_type":"newsletter","email":"ninngrn@gmail.com","timestamp":1761175256063,"source":"footer_desktop","user_agent":"Mozilla\/5.0 (Windows NT 10.0; Win64; x64) AppleWebKit\/537.36 (KHTML, like Gecko) Chrome\/131.0.0.0 Safari\/537.36 Edg\/131.0.0.0","referrer":"direct","sessid":"8a65902ec6ae1efc60b829b7ed67d70b","form_token":"6cc669afb3a8476d0041b6409ee8fe80"}}
[2025-10-23 02:20:56] [v3.1.0] Processing newsletter subscription | {"email":"ninngrn@gmail.com","timestamp":"2025-10-23 02:20:56"}
[2025-10-23 02:20:56] [v3.1.0] Subscription saved to database | {"email":"ninngrn@gmail.com","ip":"31.59.58.118","result":"success"}
[2025-10-23 02:20:56] [v3.1.0] Subscription saved to file | {"email":"ninngrn@gmail.com"}
[2025-10-23 02:20:56] [v3.1.0] Sending HTML email | {"to":"a0123e@ya.ru","subject":"🔔 Новая подписка на рассылку EDS","type":"admin","html_length":7864}
[2025-10-23 02:20:56] [v3.1.0] HTML email send result | {"to":"a0123e@ya.ru","result":true,"message_length":8768,"last_error":null}
[2025-10-23 02:20:56] [v3.1.0] Sending HTML email | {"to":"ae001t@gmail.com","subject":"🔔 Новая подписка на рассылку EDS","type":"admin","html_length":7864}
[2025-10-23 02:20:56] [v3.1.0] HTML email send result | {"to":"ae001t@gmail.com","result":true,"message_length":8768,"last_error":null}
[2025-10-23 02:20:56] [v3.1.0] Sending HTML email | {"to":"ninngrn@gmail.com","subject":"🎉 Добро пожаловать в рассылку EDS!","type":"welcome","html_length":13178}
[2025-10-23 02:20:56] [v3.1.0] HTML email send result | {"to":"ninngrn@gmail.com","result":true,"message_length":14307,"last_error":null}
