0 verbose cli /home/c/contes1u/btx.edsy.ru/public_html/.nvm/versions/node/v20.19.5/bin/node /home/c/contes1u/btx.edsy.ru/public_html/.nvm/versions/node/v20.19.5/bin/npm
1 info using npm@10.8.2
2 info using node@v20.19.5
3 silly config load:file:/home/c/contes1u/btx.edsy.ru/public_html/.nvm/versions/node/v20.19.5/lib/node_modules/npm/npmrc
4 silly config load:file:/home/c/contes1u/btx.edsy.ru/public_html/.cache/typescript/5.9/.npmrc
5 silly config load:file:/home/c/contes1u/btx.edsy.ru/public_html/.npmrc
6 silly config load:file:/home/c/contes1u/btx.edsy.ru/public_html/.nvm/versions/node/v20.19.5/etc/npmrc
7 verbose title npm install @types/react@ts5.9
8 verbose argv "install" "--ignore-scripts" "@types/react@ts5.9" "--save-dev" "--user-agent" "typesInstaller/5.9.3"
9 verbose logfile logs-max:10 dir:/home/c/contes1u/btx.edsy.ru/public_html/.npm/_logs/2025-10-22T07_48_36_403Z-
10 verbose logfile /home/c/contes1u/btx.edsy.ru/public_html/.npm/_logs/2025-10-22T07_48_36_403Z-debug-0.log
11 silly packumentCache heap:4345298944 maxSize:1086324736 maxEntrySize:543162368
12 silly logfile start cleaning logs, removing 1 files
13 silly logfile done cleaning log files
14 silly packumentCache corgi:https://registry.npmjs.org/@types%2freact cache-miss
15 http fetch GET 200 https://registry.npmjs.org/@types%2freact 265ms (cache miss)
16 silly packumentCache corgi:https://registry.npmjs.org/@types%2freact set size:undefined disposed:false
17 silly idealTree buildDeps
18 silly fetch manifest @types/react@19.2.2
19 silly packumentCache full:https://registry.npmjs.org/@types%2freact cache-miss
20 http fetch GET 200 https://registry.npmjs.org/@types%2freact 74ms (cache revalidated)
21 silly packumentCache full:https://registry.npmjs.org/@types%2freact set size:2504314 disposed:false
22 silly placeDep ROOT @types/react@19.2.2 OK for:  want: 19.2.2
23 silly fetch manifest csstype@^3.0.2
24 silly packumentCache full:https://registry.npmjs.org/csstype cache-miss
25 http fetch GET 200 https://registry.npmjs.org/csstype 63ms (cache miss)
26 silly packumentCache full:https://registry.npmjs.org/csstype set size:undefined disposed:false
27 silly placeDep ROOT csstype@3.1.3 OK for: @types/react@19.2.2 want: ^3.0.2
28 silly reify moves {}
29 silly audit bulk request {
29 silly audit   'types-registry': [ '0.1.743' ],
29 silly audit   '@types/react': [ '19.2.2' ],
29 silly audit   csstype: [ '3.1.3' ]
29 silly audit }
30 silly tarball no local data for csstype@https://registry.npmjs.org/csstype/-/csstype-3.1.3.tgz. Extracting by manifest.
31 silly tarball no local data for @types/react@https://registry.npmjs.org/@types/react/-/react-19.2.2.tgz. Extracting by manifest.
32 http fetch GET 200 https://registry.npmjs.org/csstype/-/csstype-3.1.3.tgz 193ms (cache miss)
33 http fetch GET 200 https://registry.npmjs.org/@types/react/-/react-19.2.2.tgz 200ms (cache miss)
34 http fetch POST 200 https://registry.npmjs.org/-/npm/v1/security/advisories/bulk 249ms
35 silly audit report {}
36 silly ADD node_modules/csstype
37 silly ADD node_modules/@types/react
38 verbose cwd /home/c/contes1u/btx.edsy.ru/public_html/.cache/typescript/5.9
39 verbose os Linux 5.10.196-0-beget-acl
40 verbose node v20.19.5
41 verbose npm  v10.8.2
42 verbose exit 0
43 info ok
