0 verbose cli /home/c/contes1u/btx.edsy.ru/public_html/.nvm/versions/node/v20.19.5/bin/node /home/c/contes1u/btx.edsy.ru/public_html/.nvm/versions/node/v20.19.5/bin/npm
1 info using npm@10.8.2
2 info using node@v20.19.5
3 silly config load:file:/home/c/contes1u/btx.edsy.ru/public_html/.nvm/versions/node/v20.19.5/lib/node_modules/npm/npmrc
4 silly config load:file:/home/c/contes1u/btx.edsy.ru/public_html/.cache/typescript/5.9/.npmrc
5 silly config load:file:/home/c/contes1u/btx.edsy.ru/public_html/.npmrc
6 silly config load:file:/home/c/contes1u/btx.edsy.ru/public_html/.nvm/versions/node/v20.19.5/etc/npmrc
7 verbose title npm install types-registry@latest
8 verbose argv "install" "--ignore-scripts" "types-registry@latest"
9 verbose logfile logs-max:10 dir:/home/c/contes1u/btx.edsy.ru/public_html/.npm/_logs/2025-10-25T20_29_53_572Z-
10 verbose logfile /home/c/contes1u/btx.edsy.ru/public_html/.npm/_logs/2025-10-25T20_29_53_572Z-debug-0.log
11 silly packumentCache heap:4345298944 maxSize:1086324736 maxEntrySize:543162368
12 silly logfile start cleaning logs, removing 1 files
13 silly logfile done cleaning log files
14 silly packumentCache corgi:https://registry.npmjs.org/types-registry cache-miss
15 http fetch GET 200 https://registry.npmjs.org/types-registry 445ms (cache revalidated)
16 silly packumentCache corgi:https://registry.npmjs.org/types-registry set size:610452 disposed:false
17 silly idealTree buildDeps
18 silly fetch manifest types-registry@0.1.743
19 silly packumentCache full:https://registry.npmjs.org/types-registry cache-miss
20 http fetch GET 200 https://registry.npmjs.org/types-registry 65ms (cache revalidated)
21 silly packumentCache full:https://registry.npmjs.org/types-registry set size:1306415 disposed:false
22 silly placeDep ROOT types-registry@0.1.743 REPLACE for:  want: 0.1.743
23 silly reify moves {}
24 silly audit bulk request {
24 silly audit   '@types/react': [ '19.2.2' ],
24 silly audit   csstype: [ '3.1.3' ],
24 silly audit   'types-registry': [ '0.1.743' ]
24 silly audit }
25 http fetch POST 200 https://registry.npmjs.org/-/npm/v1/security/advisories/bulk 891ms
26 silly audit report {}
27 verbose cwd /home/c/contes1u/btx.edsy.ru/public_html/.cache/typescript/5.9
28 verbose os Linux 5.10.196-0-beget-acl
29 verbose node v20.19.5
30 verbose npm  v10.8.2
31 verbose exit 0
32 info ok
